{"/Users/roma/Desktop/things/projects/draw-battle/apps/server/src/auth/auth.controller.ts": {"path":"/Users/roma/Desktop/things/projects/draw-battle/apps/server/src/auth/auth.controller.ts","statementMap":{"0":{"start":{"line":1,"column":0},"end":{"line":1,"column":null}},"1":{"start":{"line":13,"column":0},"end":{"line":13,"column":45}},"2":{"start":{"line":14,"column":0},"end":{"line":14,"column":45}},"3":{"start":{"line":18,"column":22},"end":{"line":18,"column":80}},"4":{"start":{"line":19,"column":21},"end":{"line":19,"column":23}},"5":{"start":{"line":20,"column":26},"end":{"line":20,"column":40}},"6":{"start":{"line":23,"column":16},"end":{"line":23,"column":37}},"7":{"start":{"line":24,"column":2},"end":{"line":32,"column":3}},"8":{"start":{"line":25,"column":4},"end":{"line":27,"column":5}},"9":{"start":{"line":26,"column":6},"end":{"line":26,"column":99}},"10":{"start":{"line":28,"column":4},"end":{"line":31,"column":5}},"11":{"start":{"line":29,"column":6},"end":{"line":29,"column":58}},"12":{"start":{"line":30,"column":6},"end":{"line":30,"column":99}},"13":{"start":{"line":36,"column":16},"end":{"line":36,"column":70}},"14":{"start":{"line":37,"column":2},"end":{"line":37,"column":16}},"15":{"start":{"line":38,"column":2},"end":{"line":38,"column":31}},"16":{"start":{"line":42,"column":2},"end":{"line":42,"column":27}},"17":{"start":{"line":46,"column":7},"end":{"line":119,"column":null}},"18":{"start":{"line":47,"column":31},"end":{"line":47,"column":44}},"19":{"start":{"line":55,"column":15},"end":{"line":55,"column":60}},"20":{"start":{"line":56,"column":4},"end":{"line":56,"column":23}},"21":{"start":{"line":58,"column":4},"end":{"line":68,"column":5}},"22":{"start":{"line":59,"column":21},"end":{"line":59,"column":58}},"23":{"start":{"line":60,"column":6},"end":{"line":60,"column":24}},"24":{"start":{"line":61,"column":6},"end":{"line":61,"column":20}},"25":{"start":{"line":63,"column":6},"end":{"line":63,"column":24}},"26":{"start":{"line":64,"column":6},"end":{"line":66,"column":7}},"27":{"start":{"line":65,"column":8},"end":{"line":65,"column":66}},"28":{"start":{"line":67,"column":6},"end":{"line":67,"column":67}},"29":{"start":{"line":77,"column":15},"end":{"line":77,"column":60}},"30":{"start":{"line":78,"column":4},"end":{"line":78,"column":23}},"31":{"start":{"line":80,"column":4},"end":{"line":87,"column":5}},"32":{"start":{"line":81,"column":21},"end":{"line":81,"column":55}},"33":{"start":{"line":82,"column":6},"end":{"line":82,"column":24}},"34":{"start":{"line":83,"column":6},"end":{"line":83,"column":20}},"35":{"start":{"line":85,"column":6},"end":{"line":85,"column":24}},"36":{"start":{"line":86,"column":6},"end":{"line":86,"column":68}},"37":{"start":{"line":93,"column":17},"end":{"line":93,"column":69}},"38":{"start":{"line":94,"column":4},"end":{"line":96,"column":5}},"39":{"start":{"line":95,"column":6},"end":{"line":95,"column":70}},"40":{"start":{"line":97,"column":4},"end":{"line":97,"column":16}},"41":{"start":{"line":106,"column":17},"end":{"line":106,"column":77}},"42":{"start":{"line":107,"column":4},"end":{"line":109,"column":5}},"43":{"start":{"line":108,"column":6},"end":{"line":108,"column":70}},"44":{"start":{"line":110,"column":4},"end":{"line":110,"column":16}},"45":{"start":{"line":117,"column":4},"end":{"line":117,"column":49}},"46":{"start":{"line":46,"column":13},"end":{"line":46,"column":27}},"47":{"start":{"line":51,"column":8},"end":{"line":69,"column":null}},"48":{"start":{"line":73,"column":8},"end":{"line":88,"column":null}},"49":{"start":{"line":92,"column":8},"end":{"line":98,"column":null}},"50":{"start":{"line":102,"column":8},"end":{"line":111,"column":null}},"51":{"start":{"line":116,"column":8},"end":{"line":118,"column":null}},"52":{"start":{"line":46,"column":13},"end":{"line":119,"column":null}}},"fnMap":{"0":{"name":"checkRateLimit","decl":{"start":{"line":22,"column":9},"end":{"line":22,"column":23}},"loc":{"start":{"line":22,"column":34},"end":{"line":33,"column":1}}},"1":{"name":"recordAttempt","decl":{"start":{"line":35,"column":9},"end":{"line":35,"column":22}},"loc":{"start":{"line":35,"column":33},"end":{"line":39,"column":1}}},"2":{"name":"clearAttempts","decl":{"start":{"line":41,"column":9},"end":{"line":41,"column":22}},"loc":{"start":{"line":41,"column":33},"end":{"line":43,"column":1}}},"3":{"name":"(anonymous_7)","decl":{"start":{"line":47,"column":2},"end":{"line":47,"column":31}},"loc":{"start":{"line":47,"column":55},"end":{"line":47,"column":59}}},"4":{"name":"(anonymous_8)","decl":{"start":{"line":51,"column":8},"end":{"line":51,"column":16}},"loc":{"start":{"line":53,"column":19},"end":{"line":69,"column":3}}},"5":{"name":"(anonymous_9)","decl":{"start":{"line":73,"column":8},"end":{"line":73,"column":13}},"loc":{"start":{"line":75,"column":19},"end":{"line":88,"column":3}}},"6":{"name":"(anonymous_10)","decl":{"start":{"line":92,"column":8},"end":{"line":92,"column":13}},"loc":{"start":{"line":92,"column":29},"end":{"line":98,"column":3}}},"7":{"name":"(anonymous_11)","decl":{"start":{"line":102,"column":8},"end":{"line":102,"column":21}},"loc":{"start":{"line":104,"column":94},"end":{"line":111,"column":3}}},"8":{"name":"(anonymous_12)","decl":{"start":{"line":116,"column":8},"end":{"line":116,"column":14}},"loc":{"start":{"line":116,"column":30},"end":{"line":118,"column":3}}}},"branchMap":{"0":{"loc":{"start":{"line":24,"column":2},"end":{"line":32,"column":3}},"type":"if","locations":[{"start":{"line":24,"column":2},"end":{"line":32,"column":3}},{"start":{},"end":{}}]},"1":{"loc":{"start":{"line":25,"column":4},"end":{"line":27,"column":5}},"type":"if","locations":[{"start":{"line":25,"column":4},"end":{"line":27,"column":5}},{"start":{},"end":{}}]},"2":{"loc":{"start":{"line":28,"column":4},"end":{"line":31,"column":5}},"type":"if","locations":[{"start":{"line":28,"column":4},"end":{"line":31,"column":5}},{"start":{},"end":{}}]},"3":{"loc":{"start":{"line":36,"column":16},"end":{"line":36,"column":70}},"type":"binary-expr","locations":[{"start":{"line":36,"column":16},"end":{"line":36,"column":37}},{"start":{"line":36,"column":41},"end":{"line":36,"column":70}}]},"4":{"loc":{"start":{"line":55,"column":15},"end":{"line":55,"column":60}},"type":"binary-expr","locations":[{"start":{"line":55,"column":15},"end":{"line":55,"column":21}},{"start":{"line":55,"column":25},"end":{"line":55,"column":54}},{"start":{"line":55,"column":58},"end":{"line":55,"column":60}}]},"5":{"loc":{"start":{"line":64,"column":6},"end":{"line":66,"column":7}},"type":"if","locations":[{"start":{"line":64,"column":6},"end":{"line":66,"column":7}},{"start":{},"end":{}}]},"6":{"loc":{"start":{"line":77,"column":15},"end":{"line":77,"column":60}},"type":"binary-expr","locations":[{"start":{"line":77,"column":15},"end":{"line":77,"column":21}},{"start":{"line":77,"column":25},"end":{"line":77,"column":54}},{"start":{"line":77,"column":58},"end":{"line":77,"column":60}}]},"7":{"loc":{"start":{"line":94,"column":4},"end":{"line":96,"column":5}},"type":"if","locations":[{"start":{"line":94,"column":4},"end":{"line":96,"column":5}},{"start":{},"end":{}}]},"8":{"loc":{"start":{"line":107,"column":4},"end":{"line":109,"column":5}},"type":"if","locations":[{"start":{"line":107,"column":4},"end":{"line":109,"column":5}},{"start":{},"end":{}}]}},"s":{"0":1,"1":1,"2":1,"3":1,"4":1,"5":1,"6":15,"7":15,"8":12,"9":0,"10":12,"11":1,"12":1,"13":12,"14":12,"15":12,"16":2,"17":1,"18":1,"19":3,"20":3,"21":3,"22":3,"23":1,"24":1,"25":2,"26":2,"27":1,"28":1,"29":12,"30":12,"31":11,"32":11,"33":1,"34":1,"35":10,"36":10,"37":2,"38":2,"39":1,"40":1,"41":2,"42":2,"43":1,"44":1,"45":1,"46":1,"47":1,"48":1,"49":1,"50":1,"51":1,"52":1},"f":{"0":15,"1":12,"2":2,"3":1,"4":3,"5":12,"6":2,"7":2,"8":1},"b":{"0":[12,3],"1":[0,12],"2":[1,11],"3":[12,2],"4":[3,0,0],"5":[1,1],"6":[12,0,0],"7":[1,1],"8":[1,1]}}
,"/Users/roma/Desktop/things/projects/draw-battle/apps/server/src/auth/auth.service.ts": {"path":"/Users/roma/Desktop/things/projects/draw-battle/apps/server/src/auth/auth.service.ts","statementMap":{"0":{"start":{"line":1,"column":0},"end":{"line":1,"column":52}},"1":{"start":{"line":2,"column":0},"end":{"line":2,"column":47}},"2":{"start":{"line":3,"column":0},"end":{"line":3,"column":33}},"3":{"start":{"line":4,"column":0},"end":{"line":4,"column":33}},"4":{"start":{"line":5,"column":0},"end":{"line":5,"column":35}},"5":{"start":{"line":6,"column":0},"end":{"line":6,"column":81}},"6":{"start":{"line":7,"column":0},"end":{"line":7,"column":88}},"7":{"start":{"line":8,"column":0},"end":{"line":8,"column":47}},"8":{"start":{"line":11,"column":23},"end":{"line":11,"column":25}},"9":{"start":{"line":12,"column":22},"end":{"line":12,"column":24}},"10":{"start":{"line":15,"column":24},"end":{"line":272,"column":null}},"11":{"start":{"line":16,"column":28},"end":{"line":16,"column":56}},"12":{"start":{"line":20,"column":21},"end":{"line":20,"column":35}},"13":{"start":{"line":22,"column":21},"end":{"line":22,"column":33}},"14":{"start":{"line":27,"column":21},"end":{"line":27,"column":56}},"15":{"start":{"line":28,"column":4},"end":{"line":30,"column":5}},"16":{"start":{"line":29,"column":6},"end":{"line":29,"column":107}},"17":{"start":{"line":33,"column":4},"end":{"line":35,"column":5}},"18":{"start":{"line":34,"column":6},"end":{"line":34,"column":59}},"19":{"start":{"line":38,"column":20},"end":{"line":40,"column":17}},"20":{"start":{"line":38,"column":105},"end":{"line":38,"column":128}},"21":{"start":{"line":43,"column":24},"end":{"line":43,"column":48}},"22":{"start":{"line":44,"column":22},"end":{"line":46,"column":17}},"23":{"start":{"line":49,"column":21},"end":{"line":49,"column":42}},"24":{"start":{"line":50,"column":4},"end":{"line":52,"column":5}},"25":{"start":{"line":51,"column":6},"end":{"line":51,"column":58}},"26":{"start":{"line":55,"column":21},"end":{"line":55,"column":73}},"27":{"start":{"line":56,"column":4},"end":{"line":58,"column":5}},"28":{"start":{"line":57,"column":6},"end":{"line":57,"column":48}},"29":{"start":{"line":61,"column":25},"end":{"line":61,"column":72}},"30":{"start":{"line":64,"column":24},"end":{"line":66,"column":12}},"31":{"start":{"line":70,"column":4},"end":{"line":91,"column":5}},"32":{"start":{"line":72,"column":6},"end":{"line":72,"column":38}},"33":{"start":{"line":73,"column":6},"end":{"line":73,"column":46}},"34":{"start":{"line":74,"column":6},"end":{"line":74,"column":38}},"35":{"start":{"line":75,"column":6},"end":{"line":75,"column":39}},"36":{"start":{"line":76,"column":6},"end":{"line":76,"column":49}},"37":{"start":{"line":76,"column":19},"end":{"line":76,"column":49}},"38":{"start":{"line":77,"column":6},"end":{"line":77,"column":55}},"39":{"start":{"line":77,"column":21},"end":{"line":77,"column":55}},"40":{"start":{"line":78,"column":6},"end":{"line":78,"column":31}},"41":{"start":{"line":79,"column":6},"end":{"line":79,"column":28}},"42":{"start":{"line":82,"column":6},"end":{"line":90,"column":9}},"43":{"start":{"line":94,"column":18},"end":{"line":94,"column":61}},"44":{"start":{"line":96,"column":4},"end":{"line":99,"column":6}},"45":{"start":{"line":103,"column":21},"end":{"line":103,"column":56}},"46":{"start":{"line":104,"column":4},"end":{"line":106,"column":5}},"47":{"start":{"line":105,"column":6},"end":{"line":105,"column":46}},"48":{"start":{"line":108,"column":4},"end":{"line":110,"column":5}},"49":{"start":{"line":109,"column":6},"end":{"line":109,"column":46}},"50":{"start":{"line":112,"column":20},"end":{"line":112,"column":72}},"51":{"start":{"line":113,"column":4},"end":{"line":115,"column":5}},"52":{"start":{"line":114,"column":6},"end":{"line":114,"column":54}},"53":{"start":{"line":117,"column":18},"end":{"line":117,"column":75}},"54":{"start":{"line":118,"column":4},"end":{"line":120,"column":5}},"55":{"start":{"line":119,"column":6},"end":{"line":119,"column":54}},"56":{"start":{"line":123,"column":4},"end":{"line":125,"column":5}},"57":{"start":{"line":124,"column":6},"end":{"line":124,"column":80}},"58":{"start":{"line":128,"column":18},"end":{"line":128,"column":61}},"59":{"start":{"line":130,"column":4},"end":{"line":133,"column":6}},"60":{"start":{"line":137,"column":4},"end":{"line":137,"column":28}},"61":{"start":{"line":137,"column":16},"end":{"line":137,"column":28}},"62":{"start":{"line":139,"column":16},"end":{"line":139,"column":63}},"63":{"start":{"line":140,"column":4},"end":{"line":140,"column":26}},"64":{"start":{"line":140,"column":14},"end":{"line":140,"column":26}},"65":{"start":{"line":142,"column":4},"end":{"line":145,"column":5}},"66":{"start":{"line":143,"column":6},"end":{"line":143,"column":28}},"67":{"start":{"line":144,"column":6},"end":{"line":144,"column":18}},"68":{"start":{"line":147,"column":4},"end":{"line":147,"column":28}},"69":{"start":{"line":151,"column":20},"end":{"line":151,"column":76}},"70":{"start":{"line":152,"column":4},"end":{"line":152,"column":51}},"71":{"start":{"line":152,"column":39},"end":{"line":152,"column":51}},"72":{"start":{"line":153,"column":4},"end":{"line":153,"column":36}},"73":{"start":{"line":160,"column":20},"end":{"line":160,"column":76}},"74":{"start":{"line":161,"column":4},"end":{"line":161,"column":51}},"75":{"start":{"line":161,"column":39},"end":{"line":161,"column":51}},"76":{"start":{"line":163,"column":4},"end":{"line":166,"column":5}},"77":{"start":{"line":164,"column":16},"end":{"line":164,"column":36}},"78":{"start":{"line":165,"column":6},"end":{"line":165,"column":64}},"79":{"start":{"line":165,"column":43},"end":{"line":165,"column":64}},"80":{"start":{"line":167,"column":4},"end":{"line":167,"column":64}},"81":{"start":{"line":167,"column":35},"end":{"line":167,"column":64}},"82":{"start":{"line":168,"column":4},"end":{"line":172,"column":5}},"83":{"start":{"line":169,"column":6},"end":{"line":171,"column":7}},"84":{"start":{"line":169,"column":79},"end":{"line":169,"column":102}},"85":{"start":{"line":170,"column":8},"end":{"line":170,"column":39}},"86":{"start":{"line":173,"column":4},"end":{"line":178,"column":5}},"87":{"start":{"line":174,"column":26},"end":{"line":174,"column":50}},"88":{"start":{"line":175,"column":6},"end":{"line":177,"column":7}},"89":{"start":{"line":176,"column":8},"end":{"line":176,"column":43}},"90":{"start":{"line":180,"column":4},"end":{"line":180,"column":25}},"91":{"start":{"line":181,"column":4},"end":{"line":181,"column":36}},"92":{"start":{"line":185,"column":4},"end":{"line":185,"column":54}},"93":{"start":{"line":193,"column":18},"end":{"line":193,"column":56}},"94":{"start":{"line":194,"column":22},"end":{"line":194,"column":81}},"95":{"start":{"line":196,"column":4},"end":{"line":196,"column":69}},"96":{"start":{"line":198,"column":4},"end":{"line":198,"column":17}},"97":{"start":{"line":205,"column":4},"end":{"line":259,"column":5}},"98":{"start":{"line":206,"column":26},"end":{"line":208,"column":15}},"99":{"start":{"line":210,"column":6},"end":{"line":210,"column":31}},"100":{"start":{"line":210,"column":24},"end":{"line":210,"column":31}},"101":{"start":{"line":212,"column":28},"end":{"line":214,"column":15}},"102":{"start":{"line":216,"column":6},"end":{"line":216,"column":33}},"103":{"start":{"line":216,"column":26},"end":{"line":216,"column":33}},"104":{"start":{"line":219,"column":6},"end":{"line":219,"column":57}},"105":{"start":{"line":220,"column":6},"end":{"line":220,"column":55}},"106":{"start":{"line":221,"column":6},"end":{"line":221,"column":57}},"107":{"start":{"line":222,"column":6},"end":{"line":222,"column":65}},"108":{"start":{"line":223,"column":6},"end":{"line":223,"column":63}},"109":{"start":{"line":224,"column":6},"end":{"line":224,"column":59}},"110":{"start":{"line":225,"column":6},"end":{"line":225,"column":59}},"111":{"start":{"line":228,"column":19},"end":{"line":228,"column":52}},"112":{"start":{"line":229,"column":6},"end":{"line":231,"column":7}},"113":{"start":{"line":230,"column":8},"end":{"line":230,"column":47}},"114":{"start":{"line":232,"column":6},"end":{"line":232,"column":41}},"115":{"start":{"line":233,"column":6},"end":{"line":233,"column":50}},"116":{"start":{"line":236,"column":21},"end":{"line":236,"column":22}},"117":{"start":{"line":237,"column":35},"end":{"line":237,"column":39}},"118":{"start":{"line":238,"column":6},"end":{"line":243,"column":7}},"119":{"start":{"line":239,"column":8},"end":{"line":242,"column":9}},"120":{"start":{"line":240,"column":10},"end":{"line":240,"column":27}},"121":{"start":{"line":241,"column":10},"end":{"line":241,"column":25}},"122":{"start":{"line":244,"column":6},"end":{"line":244,"column":43}},"123":{"start":{"line":247,"column":6},"end":{"line":249,"column":7}},"124":{"start":{"line":248,"column":8},"end":{"line":248,"column":70}},"125":{"start":{"line":251,"column":6},"end":{"line":251,"column":33}},"126":{"start":{"line":254,"column":6},"end":{"line":254,"column":36}},"127":{"start":{"line":256,"column":6},"end":{"line":256,"column":102}},"128":{"start":{"line":258,"column":6},"end":{"line":258,"column":68}},"129":{"start":{"line":263,"column":4},"end":{"line":270,"column":6}},"130":{"start":{"line":15,"column":13},"end":{"line":15,"column":24}},"131":{"start":{"line":15,"column":13},"end":{"line":272,"column":null}}},"fnMap":{"0":{"name":"(anonymous_13)","decl":{"start":{"line":18,"column":2},"end":{"line":18,"column":null}},"loc":{"start":{"line":22,"column":57},"end":{"line":23,"column":6}}},"1":{"name":"(anonymous_14)","decl":{"start":{"line":25,"column":2},"end":{"line":25,"column":7}},"loc":{"start":{"line":25,"column":42},"end":{"line":100,"column":3}}},"2":{"name":"(anonymous_15)","decl":{"start":{"line":38,"column":98},"end":{"line":38,"column":99}},"loc":{"start":{"line":38,"column":105},"end":{"line":38,"column":128}}},"3":{"name":"(anonymous_16)","decl":{"start":{"line":102,"column":2},"end":{"line":102,"column":7}},"loc":{"start":{"line":102,"column":36},"end":{"line":134,"column":3}}},"4":{"name":"(anonymous_17)","decl":{"start":{"line":136,"column":2},"end":{"line":136,"column":7}},"loc":{"start":{"line":136,"column":35},"end":{"line":148,"column":3}}},"5":{"name":"(anonymous_18)","decl":{"start":{"line":150,"column":2},"end":{"line":150,"column":7}},"loc":{"start":{"line":150,"column":40},"end":{"line":154,"column":3}}},"6":{"name":"(anonymous_19)","decl":{"start":{"line":156,"column":2},"end":{"line":156,"column":7}},"loc":{"start":{"line":158,"column":86},"end":{"line":182,"column":3}}},"7":{"name":"(anonymous_20)","decl":{"start":{"line":169,"column":72},"end":{"line":169,"column":73}},"loc":{"start":{"line":169,"column":79},"end":{"line":169,"column":102}}},"8":{"name":"(anonymous_21)","decl":{"start":{"line":184,"column":2},"end":{"line":184,"column":7}},"loc":{"start":{"line":184,"column":28},"end":{"line":186,"column":3}}},"9":{"name":"(anonymous_22)","decl":{"start":{"line":192,"column":10},"end":{"line":192,"column":15}},"loc":{"start":{"line":192,"column":47},"end":{"line":199,"column":3}}},"10":{"name":"(anonymous_23)","decl":{"start":{"line":201,"column":10},"end":{"line":201,"column":15}},"loc":{"start":{"line":203,"column":30},"end":{"line":260,"column":3}}},"11":{"name":"(anonymous_24)","decl":{"start":{"line":262,"column":10},"end":{"line":262,"column":20}},"loc":{"start":{"line":262,"column":45},"end":{"line":271,"column":3}}}},"branchMap":{"0":{"loc":{"start":{"line":28,"column":4},"end":{"line":30,"column":5}},"type":"if","locations":[{"start":{"line":28,"column":4},"end":{"line":30,"column":5}},{"start":{},"end":{}}]},"1":{"loc":{"start":{"line":28,"column":8},"end":{"line":28,"column":96}},"type":"binary-expr","locations":[{"start":{"line":28,"column":8},"end":{"line":28,"column":17}},{"start":{"line":28,"column":21},"end":{"line":28,"column":96}}]},"2":{"loc":{"start":{"line":33,"column":4},"end":{"line":35,"column":5}},"type":"if","locations":[{"start":{"line":33,"column":4},"end":{"line":35,"column":5}},{"start":{},"end":{}}]},"3":{"loc":{"start":{"line":33,"column":8},"end":{"line":33,"column":80}},"type":"binary-expr","locations":[{"start":{"line":33,"column":8},"end":{"line":33,"column":22}},{"start":{"line":33,"column":26},"end":{"line":33,"column":50}},{"start":{"line":33,"column":54},"end":{"line":33,"column":80}}]},"4":{"loc":{"start":{"line":38,"column":20},"end":{"line":40,"column":17}},"type":"cond-expr","locations":[{"start":{"line":39,"column":8},"end":{"line":39,"column":20}},{"start":{"line":40,"column":8},"end":{"line":40,"column":17}}]},"5":{"loc":{"start":{"line":38,"column":20},"end":{"line":38,"column":129}},"type":"binary-expr","locations":[{"start":{"line":38,"column":20},"end":{"line":38,"column":32}},{"start":{"line":38,"column":37},"end":{"line":38,"column":129}}]},"6":{"loc":{"start":{"line":44,"column":22},"end":{"line":46,"column":17}},"type":"cond-expr","locations":[{"start":{"line":45,"column":8},"end":{"line":45,"column":22}},{"start":{"line":46,"column":8},"end":{"line":46,"column":17}}]},"7":{"loc":{"start":{"line":44,"column":22},"end":{"line":44,"column":99}},"type":"binary-expr","locations":[{"start":{"line":44,"column":22},"end":{"line":44,"column":36}},{"start":{"line":44,"column":40},"end":{"line":44,"column":62}},{"start":{"line":44,"column":66},"end":{"line":44,"column":99}}]},"8":{"loc":{"start":{"line":50,"column":4},"end":{"line":52,"column":5}},"type":"if","locations":[{"start":{"line":50,"column":4},"end":{"line":52,"column":5}},{"start":{},"end":{}}]},"9":{"loc":{"start":{"line":50,"column":8},"end":{"line":50,"column":64}},"type":"binary-expr","locations":[{"start":{"line":50,"column":8},"end":{"line":50,"column":17}},{"start":{"line":50,"column":21},"end":{"line":50,"column":40}},{"start":{"line":50,"column":44},"end":{"line":50,"column":64}}]},"10":{"loc":{"start":{"line":56,"column":4},"end":{"line":58,"column":5}},"type":"if","locations":[{"start":{"line":56,"column":4},"end":{"line":58,"column":5}},{"start":{},"end":{}}]},"11":{"loc":{"start":{"line":64,"column":24},"end":{"line":66,"column":12}},"type":"cond-expr","locations":[{"start":{"line":65,"column":8},"end":{"line":65,"column":113}},{"start":{"line":66,"column":8},"end":{"line":66,"column":12}}]},"12":{"loc":{"start":{"line":70,"column":4},"end":{"line":91,"column":5}},"type":"if","locations":[{"start":{"line":70,"column":4},"end":{"line":91,"column":5}},{"start":{"line":80,"column":11},"end":{"line":91,"column":5}}]},"13":{"loc":{"start":{"line":76,"column":6},"end":{"line":76,"column":49}},"type":"if","locations":[{"start":{"line":76,"column":6},"end":{"line":76,"column":49}},{"start":{},"end":{}}]},"14":{"loc":{"start":{"line":77,"column":6},"end":{"line":77,"column":55}},"type":"if","locations":[{"start":{"line":77,"column":6},"end":{"line":77,"column":55}},{"start":{},"end":{}}]},"15":{"loc":{"start":{"line":83,"column":22},"end":{"line":83,"column":62}},"type":"binary-expr","locations":[{"start":{"line":83,"column":22},"end":{"line":83,"column":39}},{"start":{"line":83,"column":43},"end":{"line":83,"column":62}}]},"16":{"loc":{"start":{"line":104,"column":4},"end":{"line":106,"column":5}},"type":"if","locations":[{"start":{"line":104,"column":4},"end":{"line":106,"column":5}},{"start":{},"end":{}}]},"17":{"loc":{"start":{"line":108,"column":4},"end":{"line":110,"column":5}},"type":"if","locations":[{"start":{"line":108,"column":4},"end":{"line":110,"column":5}},{"start":{},"end":{}}]},"18":{"loc":{"start":{"line":113,"column":4},"end":{"line":115,"column":5}},"type":"if","locations":[{"start":{"line":113,"column":4},"end":{"line":115,"column":5}},{"start":{},"end":{}}]},"19":{"loc":{"start":{"line":113,"column":8},"end":{"line":113,"column":41}},"type":"binary-expr","locations":[{"start":{"line":113,"column":8},"end":{"line":113,"column":16}},{"start":{"line":113,"column":20},"end":{"line":113,"column":41}}]},"20":{"loc":{"start":{"line":118,"column":4},"end":{"line":120,"column":5}},"type":"if","locations":[{"start":{"line":118,"column":4},"end":{"line":120,"column":5}},{"start":{},"end":{}}]},"21":{"loc":{"start":{"line":123,"column":4},"end":{"line":125,"column":5}},"type":"if","locations":[{"start":{"line":123,"column":4},"end":{"line":125,"column":5}},{"start":{},"end":{}}]},"22":{"loc":{"start":{"line":123,"column":8},"end":{"line":123,"column":71}},"type":"binary-expr","locations":[{"start":{"line":123,"column":8},"end":{"line":123,"column":25}},{"start":{"line":123,"column":29},"end":{"line":123,"column":71}}]},"23":{"loc":{"start":{"line":137,"column":4},"end":{"line":137,"column":28}},"type":"if","locations":[{"start":{"line":137,"column":4},"end":{"line":137,"column":28}},{"start":{},"end":{}}]},"24":{"loc":{"start":{"line":140,"column":4},"end":{"line":140,"column":26}},"type":"if","locations":[{"start":{"line":140,"column":4},"end":{"line":140,"column":26}},{"start":{},"end":{}}]},"25":{"loc":{"start":{"line":142,"column":4},"end":{"line":145,"column":5}},"type":"if","locations":[{"start":{"line":142,"column":4},"end":{"line":145,"column":5}},{"start":{},"end":{}}]},"26":{"loc":{"start":{"line":152,"column":4},"end":{"line":152,"column":51}},"type":"if","locations":[{"start":{"line":152,"column":4},"end":{"line":152,"column":51}},{"start":{},"end":{}}]},"27":{"loc":{"start":{"line":152,"column":8},"end":{"line":152,"column":37}},"type":"binary-expr","locations":[{"start":{"line":152,"column":8},"end":{"line":152,"column":16}},{"start":{"line":152,"column":20},"end":{"line":152,"column":37}}]},"28":{"loc":{"start":{"line":161,"column":4},"end":{"line":161,"column":51}},"type":"if","locations":[{"start":{"line":161,"column":4},"end":{"line":161,"column":51}},{"start":{},"end":{}}]},"29":{"loc":{"start":{"line":161,"column":8},"end":{"line":161,"column":37}},"type":"binary-expr","locations":[{"start":{"line":161,"column":8},"end":{"line":161,"column":16}},{"start":{"line":161,"column":20},"end":{"line":161,"column":37}}]},"30":{"loc":{"start":{"line":163,"column":4},"end":{"line":166,"column":5}},"type":"if","locations":[{"start":{"line":163,"column":4},"end":{"line":166,"column":5}},{"start":{},"end":{}}]},"31":{"loc":{"start":{"line":165,"column":6},"end":{"line":165,"column":64}},"type":"if","locations":[{"start":{"line":165,"column":6},"end":{"line":165,"column":64}},{"start":{},"end":{}}]},"32":{"loc":{"start":{"line":165,"column":10},"end":{"line":165,"column":41}},"type":"binary-expr","locations":[{"start":{"line":165,"column":10},"end":{"line":165,"column":23}},{"start":{"line":165,"column":27},"end":{"line":165,"column":41}}]},"33":{"loc":{"start":{"line":167,"column":4},"end":{"line":167,"column":64}},"type":"if","locations":[{"start":{"line":167,"column":4},"end":{"line":167,"column":64}},{"start":{},"end":{}}]},"34":{"loc":{"start":{"line":168,"column":4},"end":{"line":172,"column":5}},"type":"if","locations":[{"start":{"line":168,"column":4},"end":{"line":172,"column":5}},{"start":{},"end":{}}]},"35":{"loc":{"start":{"line":169,"column":6},"end":{"line":171,"column":7}},"type":"if","locations":[{"start":{"line":169,"column":6},"end":{"line":171,"column":7}},{"start":{},"end":{}}]},"36":{"loc":{"start":{"line":173,"column":4},"end":{"line":178,"column":5}},"type":"if","locations":[{"start":{"line":173,"column":4},"end":{"line":178,"column":5}},{"start":{},"end":{}}]},"37":{"loc":{"start":{"line":175,"column":6},"end":{"line":177,"column":7}},"type":"if","locations":[{"start":{"line":175,"column":6},"end":{"line":177,"column":7}},{"start":{},"end":{}}]},"38":{"loc":{"start":{"line":175,"column":10},"end":{"line":175,"column":69}},"type":"binary-expr","locations":[{"start":{"line":175,"column":10},"end":{"line":175,"column":32}},{"start":{"line":175,"column":36},"end":{"line":175,"column":69}}]},"39":{"loc":{"start":{"line":210,"column":6},"end":{"line":210,"column":31}},"type":"if","locations":[{"start":{"line":210,"column":6},"end":{"line":210,"column":31}},{"start":{},"end":{}}]},"40":{"loc":{"start":{"line":216,"column":6},"end":{"line":216,"column":33}},"type":"if","locations":[{"start":{"line":216,"column":6},"end":{"line":216,"column":33}},{"start":{},"end":{}}]},"41":{"loc":{"start":{"line":228,"column":19},"end":{"line":228,"column":52}},"type":"binary-expr","locations":[{"start":{"line":228,"column":19},"end":{"line":228,"column":46}},{"start":{"line":228,"column":50},"end":{"line":228,"column":52}}]},"42":{"loc":{"start":{"line":229,"column":49},"end":{"line":229,"column":80}},"type":"binary-expr","locations":[{"start":{"line":229,"column":49},"end":{"line":229,"column":74}},{"start":{"line":229,"column":78},"end":{"line":229,"column":80}}]},"43":{"loc":{"start":{"line":230,"column":22},"end":{"line":230,"column":37}},"type":"binary-expr","locations":[{"start":{"line":230,"column":22},"end":{"line":230,"column":32}},{"start":{"line":230,"column":36},"end":{"line":230,"column":37}}]},"44":{"loc":{"start":{"line":239,"column":8},"end":{"line":242,"column":9}},"type":"if","locations":[{"start":{"line":239,"column":8},"end":{"line":242,"column":9}},{"start":{},"end":{}}]},"45":{"loc":{"start":{"line":247,"column":6},"end":{"line":249,"column":7}},"type":"if","locations":[{"start":{"line":247,"column":6},"end":{"line":249,"column":7}},{"start":{},"end":{}}]},"46":{"loc":{"start":{"line":267,"column":15},"end":{"line":267,"column":36}},"type":"binary-expr","locations":[{"start":{"line":267,"column":15},"end":{"line":267,"column":30}},{"start":{"line":267,"column":34},"end":{"line":267,"column":36}}]},"47":{"loc":{"start":{"line":268,"column":17},"end":{"line":268,"column":39}},"type":"binary-expr","locations":[{"start":{"line":268,"column":17},"end":{"line":268,"column":34}},{"start":{"line":268,"column":38},"end":{"line":268,"column":39}}]}},"s":{"0":3,"1":3,"2":3,"3":3,"4":3,"5":3,"6":3,"7":3,"8":3,"9":3,"10":3,"11":29,"12":29,"13":29,"14":11,"15":11,"16":2,"17":9,"18":2,"19":7,"20":383,"21":7,"22":7,"23":7,"24":7,"25":2,"26":5,"27":5,"28":1,"29":4,"30":4,"31":4,"32":1,"33":1,"34":1,"35":1,"36":1,"37":0,"38":1,"39":0,"40":1,"41":1,"42":3,"43":4,"44":4,"45":6,"46":6,"47":1,"48":5,"49":1,"50":4,"51":4,"52":2,"53":2,"54":2,"55":1,"56":1,"57":0,"58":1,"59":1,"60":4,"61":1,"62":3,"63":3,"64":1,"65":2,"66":1,"67":1,"68":1,"69":3,"70":3,"71":2,"72":1,"73":4,"74":4,"75":1,"76":3,"77":2,"78":2,"79":1,"80":3,"81":1,"82":3,"83":2,"84":205,"85":1,"86":3,"87":1,"88":1,"89":1,"90":3,"91":3,"92":1,"93":5,"94":5,"95":5,"96":5,"97":0,"98":0,"99":0,"100":0,"101":0,"102":0,"103":0,"104":0,"105":0,"106":0,"107":0,"108":0,"109":0,"110":0,"111":0,"112":0,"113":0,"114":0,"115":0,"116":0,"117":0,"118":0,"119":0,"120":0,"121":0,"122":0,"123":0,"124":0,"125":0,"126":0,"127":0,"128":0,"129":9,"130":3,"131":3},"f":{"0":29,"1":11,"2":383,"3":6,"4":4,"5":3,"6":4,"7":205,"8":1,"9":5,"10":0,"11":9},"b":{"0":[2,9],"1":[11,10],"2":[2,7],"3":[9,8,7],"4":[1,6],"5":[7,2],"6":[1,6],"7":[7,2,1],"8":[2,5],"9":[7,6,6],"10":[1,4],"11":[1,3],"12":[1,3],"13":[0,1],"14":[0,1],"15":[3,3],"16":[1,5],"17":[1,4],"18":[2,2],"19":[4,3],"20":[1,1],"21":[0,1],"22":[1,0],"23":[1,3],"24":[1,2],"25":[1,1],"26":[2,1],"27":[3,2],"28":[1,3],"29":[4,3],"30":[2,1],"31":[1,1],"32":[2,1],"33":[1,2],"34":[2,1],"35":[1,1],"36":[1,2],"37":[1,0],"38":[1,1],"39":[0,0],"40":[0,0],"41":[0,0],"42":[0,0],"43":[0,0],"44":[0,0],"45":[0,0],"46":[9,5],"47":[9,6]}}
,"/Users/roma/Desktop/things/projects/draw-battle/apps/server/src/game/classic-mode.service.ts": {"path":"/Users/roma/Desktop/things/projects/draw-battle/apps/server/src/game/classic-mode.service.ts","statementMap":{"0":{"start":{"line":1,"column":0},"end":{"line":1,"column":52}},"1":{"start":{"line":5,"column":31},"end":{"line":112,"column":null}},"2":{"start":{"line":6,"column":28},"end":{"line":6,"column":63}},"3":{"start":{"line":13,"column":25},"end":{"line":15,"column":24}},"4":{"start":{"line":14,"column":25},"end":{"line":14,"column":56}},"5":{"start":{"line":15,"column":21},"end":{"line":15,"column":23}},"6":{"start":{"line":18,"column":4},"end":{"line":21,"column":5}},"7":{"start":{"line":18,"column":17},"end":{"line":18,"column":40}},"8":{"start":{"line":19,"column":16},"end":{"line":19,"column":51}},"9":{"start":{"line":20,"column":6},"end":{"line":20,"column":78}},"10":{"start":{"line":23,"column":4},"end":{"line":23,"column":34}},"11":{"start":{"line":24,"column":4},"end":{"line":24,"column":28}},"12":{"start":{"line":25,"column":4},"end":{"line":25,"column":26}},"13":{"start":{"line":28,"column":4},"end":{"line":33,"column":5}},"14":{"start":{"line":29,"column":6},"end":{"line":29,"column":39}},"15":{"start":{"line":29,"column":30},"end":{"line":29,"column":39}},"16":{"start":{"line":30,"column":6},"end":{"line":30,"column":23}},"17":{"start":{"line":31,"column":6},"end":{"line":31,"column":31}},"18":{"start":{"line":32,"column":6},"end":{"line":32,"column":30}},"19":{"start":{"line":35,"column":4},"end":{"line":37,"column":6}},"20":{"start":{"line":46,"column":4},"end":{"line":52,"column":5}},"21":{"start":{"line":47,"column":22},"end":{"line":47,"column":53}},"22":{"start":{"line":48,"column":6},"end":{"line":51,"column":7}},"23":{"start":{"line":49,"column":8},"end":{"line":49,"column":34}},"24":{"start":{"line":50,"column":8},"end":{"line":50,"column":32}},"25":{"start":{"line":55,"column":4},"end":{"line":66,"column":5}},"26":{"start":{"line":56,"column":26},"end":{"line":56,"column":61}},"27":{"start":{"line":57,"column":6},"end":{"line":57,"column":28}},"28":{"start":{"line":59,"column":24},"end":{"line":59,"column":53}},"29":{"start":{"line":60,"column":6},"end":{"line":65,"column":7}},"30":{"start":{"line":61,"column":8},"end":{"line":61,"column":35}},"31":{"start":{"line":62,"column":8},"end":{"line":62,"column":36}},"32":{"start":{"line":63,"column":8},"end":{"line":63,"column":81}},"33":{"start":{"line":64,"column":8},"end":{"line":64,"column":27}},"34":{"start":{"line":69,"column":4},"end":{"line":69,"column":16}},"35":{"start":{"line":76,"column":4},"end":{"line":76,"column":56}},"36":{"start":{"line":83,"column":4},"end":{"line":83,"column":57}},"37":{"start":{"line":91,"column":4},"end":{"line":91,"column":24}},"38":{"start":{"line":93,"column":4},"end":{"line":97,"column":5}},"39":{"start":{"line":94,"column":6},"end":{"line":94,"column":39}},"40":{"start":{"line":94,"column":30},"end":{"line":94,"column":39}},"41":{"start":{"line":95,"column":6},"end":{"line":95,"column":30}},"42":{"start":{"line":96,"column":6},"end":{"line":96,"column":31}},"43":{"start":{"line":100,"column":25},"end":{"line":102,"column":24}},"44":{"start":{"line":101,"column":25},"end":{"line":101,"column":56}},"45":{"start":{"line":102,"column":21},"end":{"line":102,"column":23}},"46":{"start":{"line":104,"column":4},"end":{"line":107,"column":5}},"47":{"start":{"line":104,"column":17},"end":{"line":104,"column":40}},"48":{"start":{"line":105,"column":16},"end":{"line":105,"column":51}},"49":{"start":{"line":106,"column":6},"end":{"line":106,"column":78}},"50":{"start":{"line":109,"column":4},"end":{"line":109,"column":34}},"51":{"start":{"line":110,"column":4},"end":{"line":110,"column":28}},"52":{"start":{"line":5,"column":13},"end":{"line":5,"column":31}},"53":{"start":{"line":5,"column":13},"end":{"line":112,"column":null}}},"fnMap":{"0":{"name":"(anonymous_1)","decl":{"start":{"line":12,"column":2},"end":{"line":12,"column":10}},"loc":{"start":{"line":12,"column":21},"end":{"line":38,"column":3}}},"1":{"name":"(anonymous_2)","decl":{"start":{"line":14,"column":14},"end":{"line":14,"column":15}},"loc":{"start":{"line":14,"column":25},"end":{"line":14,"column":56}}},"2":{"name":"(anonymous_3)","decl":{"start":{"line":15,"column":11},"end":{"line":15,"column":12}},"loc":{"start":{"line":15,"column":21},"end":{"line":15,"column":23}}},"3":{"name":"(anonymous_4)","decl":{"start":{"line":44,"column":2},"end":{"line":44,"column":15}},"loc":{"start":{"line":44,"column":26},"end":{"line":70,"column":3}}},"4":{"name":"(anonymous_5)","decl":{"start":{"line":75,"column":2},"end":{"line":75,"column":17}},"loc":{"start":{"line":75,"column":28},"end":{"line":77,"column":3}}},"5":{"name":"(anonymous_6)","decl":{"start":{"line":82,"column":2},"end":{"line":82,"column":16}},"loc":{"start":{"line":82,"column":27},"end":{"line":84,"column":3}}},"6":{"name":"(anonymous_7)","decl":{"start":{"line":90,"column":2},"end":{"line":90,"column":18}},"loc":{"start":{"line":90,"column":29},"end":{"line":111,"column":3}}},"7":{"name":"(anonymous_8)","decl":{"start":{"line":101,"column":14},"end":{"line":101,"column":15}},"loc":{"start":{"line":101,"column":25},"end":{"line":101,"column":56}}},"8":{"name":"(anonymous_9)","decl":{"start":{"line":102,"column":11},"end":{"line":102,"column":12}},"loc":{"start":{"line":102,"column":21},"end":{"line":102,"column":23}}}},"branchMap":{"0":{"loc":{"start":{"line":14,"column":25},"end":{"line":14,"column":56}},"type":"binary-expr","locations":[{"start":{"line":14,"column":25},"end":{"line":14,"column":38}},{"start":{"line":14,"column":42},"end":{"line":14,"column":56}}]},"1":{"loc":{"start":{"line":29,"column":6},"end":{"line":29,"column":39}},"type":"if","locations":[{"start":{"line":29,"column":6},"end":{"line":29,"column":39}},{"start":{},"end":{}}]},"2":{"loc":{"start":{"line":46,"column":4},"end":{"line":52,"column":5}},"type":"if","locations":[{"start":{"line":46,"column":4},"end":{"line":52,"column":5}},{"start":{},"end":{}}]},"3":{"loc":{"start":{"line":48,"column":6},"end":{"line":51,"column":7}},"type":"if","locations":[{"start":{"line":48,"column":6},"end":{"line":51,"column":7}},{"start":{},"end":{}}]},"4":{"loc":{"start":{"line":60,"column":6},"end":{"line":65,"column":7}},"type":"if","locations":[{"start":{"line":60,"column":6},"end":{"line":65,"column":7}},{"start":{},"end":{}}]},"5":{"loc":{"start":{"line":60,"column":10},"end":{"line":60,"column":67}},"type":"binary-expr","locations":[{"start":{"line":60,"column":10},"end":{"line":60,"column":19}},{"start":{"line":60,"column":23},"end":{"line":60,"column":44}},{"start":{"line":60,"column":48},"end":{"line":60,"column":67}}]},"6":{"loc":{"start":{"line":94,"column":6},"end":{"line":94,"column":39}},"type":"if","locations":[{"start":{"line":94,"column":6},"end":{"line":94,"column":39}},{"start":{},"end":{}}]},"7":{"loc":{"start":{"line":101,"column":25},"end":{"line":101,"column":56}},"type":"binary-expr","locations":[{"start":{"line":101,"column":25},"end":{"line":101,"column":38}},{"start":{"line":101,"column":42},"end":{"line":101,"column":56}}]}},"s":{"0":3,"1":3,"2":14,"3":3,"4":8,"5":5,"6":3,"7":3,"8":2,"9":2,"10":3,"11":3,"12":3,"13":3,"14":8,"15":2,"16":6,"17":6,"18":6,"19":3,"20":5,"21":1,"22":1,"23":1,"24":1,"25":5,"26":7,"27":7,"28":7,"29":7,"30":4,"31":4,"32":4,"33":4,"34":1,"35":2,"36":2,"37":2,"38":2,"39":4,"40":1,"41":3,"42":3,"43":2,"44":4,"45":3,"46":2,"47":2,"48":1,"49":1,"50":2,"51":2,"52":3,"53":3},"f":{"0":3,"1":8,"2":5,"3":5,"4":2,"5":2,"6":2,"7":4,"8":3},"b":{"0":[8,7],"1":[2,6],"2":[1,4],"3":[1,0],"4":[4,3],"5":[7,7,6],"6":[1,3],"7":[4,4]}}
,"/Users/roma/Desktop/things/projects/draw-battle/apps/server/src/game/drawing.service.ts": {"path":"/Users/roma/Desktop/things/projects/draw-battle/apps/server/src/game/drawing.service.ts","statementMap":{"0":{"start":{"line":1,"column":0},"end":{"line":1,"column":52}},"1":{"start":{"line":4,"column":0},"end":{"line":4,"column":45}},"2":{"start":{"line":7,"column":27},"end":{"line":173,"column":null}},"3":{"start":{"line":8,"column":28},"end":{"line":8,"column":59}},"4":{"start":{"line":10,"column":31},"end":{"line":10,"column":44}},"5":{"start":{"line":18,"column":17},"end":{"line":18,"column":60}},"6":{"start":{"line":19,"column":4},"end":{"line":19,"column":22}},"7":{"start":{"line":19,"column":15},"end":{"line":19,"column":22}},"8":{"start":{"line":21,"column":4},"end":{"line":23,"column":5}},"9":{"start":{"line":22,"column":6},"end":{"line":22,"column":13}},"10":{"start":{"line":26,"column":4},"end":{"line":26,"column":31}},"11":{"start":{"line":27,"column":4},"end":{"line":27,"column":34}},"12":{"start":{"line":30,"column":4},"end":{"line":30,"column":37}},"13":{"start":{"line":33,"column":4},"end":{"line":54,"column":5}},"14":{"start":{"line":34,"column":6},"end":{"line":34,"column":53}},"15":{"start":{"line":37,"column":27},"end":{"line":37,"column":53}},"16":{"start":{"line":38,"column":6},"end":{"line":38,"column":54}},"17":{"start":{"line":38,"column":47},"end":{"line":38,"column":54}},"18":{"start":{"line":40,"column":25},"end":{"line":40,"column":42}},"19":{"start":{"line":43,"column":6},"end":{"line":53,"column":7}},"20":{"start":{"line":44,"column":8},"end":{"line":44,"column":39}},"21":{"start":{"line":44,"column":30},"end":{"line":44,"column":39}},"22":{"start":{"line":45,"column":8},"end":{"line":45,"column":42}},"23":{"start":{"line":45,"column":33},"end":{"line":45,"column":42}},"24":{"start":{"line":48,"column":8},"end":{"line":52,"column":9}},"25":{"start":{"line":49,"column":10},"end":{"line":49,"column":53}},"26":{"start":{"line":51,"column":10},"end":{"line":51,"column":60}},"27":{"start":{"line":61,"column":17},"end":{"line":61,"column":60}},"28":{"start":{"line":62,"column":4},"end":{"line":62,"column":22}},"29":{"start":{"line":62,"column":15},"end":{"line":62,"column":22}},"30":{"start":{"line":64,"column":4},"end":{"line":66,"column":5}},"31":{"start":{"line":65,"column":6},"end":{"line":65,"column":13}},"32":{"start":{"line":70,"column":4},"end":{"line":78,"column":5}},"33":{"start":{"line":70,"column":17},"end":{"line":70,"column":47}},"34":{"start":{"line":71,"column":6},"end":{"line":77,"column":7}},"35":{"start":{"line":75,"column":8},"end":{"line":75,"column":57}},"36":{"start":{"line":76,"column":8},"end":{"line":76,"column":14}},"37":{"start":{"line":80,"column":4},"end":{"line":96,"column":5}},"38":{"start":{"line":82,"column":6},"end":{"line":84,"column":8}},"39":{"start":{"line":83,"column":15},"end":{"line":83,"column":44}},"40":{"start":{"line":87,"column":6},"end":{"line":95,"column":7}},"41":{"start":{"line":87,"column":19},"end":{"line":87,"column":49}},"42":{"start":{"line":88,"column":8},"end":{"line":94,"column":9}},"43":{"start":{"line":92,"column":10},"end":{"line":92,"column":43}},"44":{"start":{"line":93,"column":10},"end":{"line":93,"column":16}},"45":{"start":{"line":99,"column":35},"end":{"line":103,"column":6}},"46":{"start":{"line":105,"column":4},"end":{"line":121,"column":5}},"47":{"start":{"line":106,"column":6},"end":{"line":106,"column":57}},"48":{"start":{"line":108,"column":27},"end":{"line":108,"column":53}},"49":{"start":{"line":109,"column":6},"end":{"line":109,"column":54}},"50":{"start":{"line":109,"column":47},"end":{"line":109,"column":54}},"51":{"start":{"line":111,"column":6},"end":{"line":120,"column":7}},"52":{"start":{"line":112,"column":8},"end":{"line":112,"column":39}},"53":{"start":{"line":112,"column":30},"end":{"line":112,"column":39}},"54":{"start":{"line":113,"column":8},"end":{"line":113,"column":42}},"55":{"start":{"line":113,"column":33},"end":{"line":113,"column":42}},"56":{"start":{"line":115,"column":8},"end":{"line":119,"column":9}},"57":{"start":{"line":116,"column":10},"end":{"line":116,"column":57}},"58":{"start":{"line":118,"column":10},"end":{"line":118,"column":64}},"59":{"start":{"line":128,"column":17},"end":{"line":128,"column":49}},"60":{"start":{"line":129,"column":4},"end":{"line":129,"column":22}},"61":{"start":{"line":129,"column":15},"end":{"line":129,"column":22}},"62":{"start":{"line":131,"column":4},"end":{"line":133,"column":5}},"63":{"start":{"line":132,"column":6},"end":{"line":132,"column":13}},"64":{"start":{"line":135,"column":4},"end":{"line":135,"column":29}},"65":{"start":{"line":137,"column":36},"end":{"line":141,"column":6}},"66":{"start":{"line":143,"column":4},"end":{"line":160,"column":5}},"67":{"start":{"line":144,"column":6},"end":{"line":144,"column":58}},"68":{"start":{"line":147,"column":27},"end":{"line":147,"column":53}},"69":{"start":{"line":148,"column":6},"end":{"line":148,"column":54}},"70":{"start":{"line":148,"column":47},"end":{"line":148,"column":54}},"71":{"start":{"line":150,"column":6},"end":{"line":159,"column":7}},"72":{"start":{"line":151,"column":8},"end":{"line":151,"column":39}},"73":{"start":{"line":151,"column":30},"end":{"line":151,"column":39}},"74":{"start":{"line":152,"column":8},"end":{"line":152,"column":42}},"75":{"start":{"line":152,"column":33},"end":{"line":152,"column":42}},"76":{"start":{"line":154,"column":8},"end":{"line":158,"column":9}},"77":{"start":{"line":155,"column":10},"end":{"line":155,"column":58}},"78":{"start":{"line":157,"column":10},"end":{"line":157,"column":65}},"79":{"start":{"line":167,"column":4},"end":{"line":169,"column":5}},"80":{"start":{"line":168,"column":6},"end":{"line":168,"column":40}},"81":{"start":{"line":171,"column":4},"end":{"line":171,"column":78}},"82":{"start":{"line":7,"column":13},"end":{"line":7,"column":27}},"83":{"start":{"line":7,"column":13},"end":{"line":173,"column":null}}},"fnMap":{"0":{"name":"(anonymous_2)","decl":{"start":{"line":10,"column":2},"end":{"line":10,"column":31}},"loc":{"start":{"line":10,"column":55},"end":{"line":10,"column":59}}},"1":{"name":"(anonymous_3)","decl":{"start":{"line":17,"column":2},"end":{"line":17,"column":18}},"loc":{"start":{"line":17,"column":71},"end":{"line":55,"column":3}}},"2":{"name":"(anonymous_4)","decl":{"start":{"line":60,"column":2},"end":{"line":60,"column":12}},"loc":{"start":{"line":60,"column":45},"end":{"line":122,"column":3}}},"3":{"name":"(anonymous_5)","decl":{"start":{"line":83,"column":8},"end":{"line":83,"column":9}},"loc":{"start":{"line":83,"column":15},"end":{"line":83,"column":44}}},"4":{"name":"(anonymous_6)","decl":{"start":{"line":127,"column":2},"end":{"line":127,"column":13}},"loc":{"start":{"line":127,"column":62},"end":{"line":161,"column":3}}},"5":{"name":"(anonymous_7)","decl":{"start":{"line":166,"column":10},"end":{"line":166,"column":24}},"loc":{"start":{"line":166,"column":53},"end":{"line":172,"column":3}}}},"branchMap":{"0":{"loc":{"start":{"line":19,"column":4},"end":{"line":19,"column":22}},"type":"if","locations":[{"start":{"line":19,"column":4},"end":{"line":19,"column":22}},{"start":{},"end":{}}]},"1":{"loc":{"start":{"line":21,"column":4},"end":{"line":23,"column":5}},"type":"if","locations":[{"start":{"line":21,"column":4},"end":{"line":23,"column":5}},{"start":{},"end":{}}]},"2":{"loc":{"start":{"line":33,"column":4},"end":{"line":54,"column":5}},"type":"if","locations":[{"start":{"line":33,"column":4},"end":{"line":54,"column":5}},{"start":{"line":35,"column":11},"end":{"line":54,"column":5}}]},"3":{"loc":{"start":{"line":38,"column":6},"end":{"line":38,"column":54}},"type":"if","locations":[{"start":{"line":38,"column":6},"end":{"line":38,"column":54}},{"start":{},"end":{}}]},"4":{"loc":{"start":{"line":38,"column":10},"end":{"line":38,"column":45}},"type":"binary-expr","locations":[{"start":{"line":38,"column":10},"end":{"line":38,"column":23}},{"start":{"line":38,"column":27},"end":{"line":38,"column":45}}]},"5":{"loc":{"start":{"line":44,"column":8},"end":{"line":44,"column":39}},"type":"if","locations":[{"start":{"line":44,"column":8},"end":{"line":44,"column":39}},{"start":{},"end":{}}]},"6":{"loc":{"start":{"line":45,"column":8},"end":{"line":45,"column":42}},"type":"if","locations":[{"start":{"line":45,"column":8},"end":{"line":45,"column":42}},{"start":{},"end":{}}]},"7":{"loc":{"start":{"line":48,"column":8},"end":{"line":52,"column":9}},"type":"if","locations":[{"start":{"line":48,"column":8},"end":{"line":52,"column":9}},{"start":{"line":50,"column":15},"end":{"line":52,"column":9}}]},"8":{"loc":{"start":{"line":48,"column":12},"end":{"line":48,"column":60}},"type":"binary-expr","locations":[{"start":{"line":48,"column":12},"end":{"line":48,"column":30}},{"start":{"line":48,"column":34},"end":{"line":48,"column":60}}]},"9":{"loc":{"start":{"line":62,"column":4},"end":{"line":62,"column":22}},"type":"if","locations":[{"start":{"line":62,"column":4},"end":{"line":62,"column":22}},{"start":{},"end":{}}]},"10":{"loc":{"start":{"line":64,"column":4},"end":{"line":66,"column":5}},"type":"if","locations":[{"start":{"line":64,"column":4},"end":{"line":66,"column":5}},{"start":{},"end":{}}]},"11":{"loc":{"start":{"line":71,"column":6},"end":{"line":77,"column":7}},"type":"if","locations":[{"start":{"line":71,"column":6},"end":{"line":77,"column":7}},{"start":{},"end":{}}]},"12":{"loc":{"start":{"line":72,"column":8},"end":{"line":73,"column":48}},"type":"binary-expr","locations":[{"start":{"line":72,"column":8},"end":{"line":72,"column":52}},{"start":{"line":73,"column":8},"end":{"line":73,"column":48}}]},"13":{"loc":{"start":{"line":80,"column":4},"end":{"line":96,"column":5}},"type":"if","locations":[{"start":{"line":80,"column":4},"end":{"line":96,"column":5}},{"start":{"line":85,"column":11},"end":{"line":96,"column":5}}]},"14":{"loc":{"start":{"line":88,"column":8},"end":{"line":94,"column":9}},"type":"if","locations":[{"start":{"line":88,"column":8},"end":{"line":94,"column":9}},{"start":{},"end":{}}]},"15":{"loc":{"start":{"line":89,"column":10},"end":{"line":90,"column":50}},"type":"binary-expr","locations":[{"start":{"line":89,"column":10},"end":{"line":89,"column":54}},{"start":{"line":90,"column":10},"end":{"line":90,"column":50}}]},"16":{"loc":{"start":{"line":105,"column":4},"end":{"line":121,"column":5}},"type":"if","locations":[{"start":{"line":105,"column":4},"end":{"line":121,"column":5}},{"start":{"line":107,"column":11},"end":{"line":121,"column":5}}]},"17":{"loc":{"start":{"line":109,"column":6},"end":{"line":109,"column":54}},"type":"if","locations":[{"start":{"line":109,"column":6},"end":{"line":109,"column":54}},{"start":{},"end":{}}]},"18":{"loc":{"start":{"line":109,"column":10},"end":{"line":109,"column":45}},"type":"binary-expr","locations":[{"start":{"line":109,"column":10},"end":{"line":109,"column":23}},{"start":{"line":109,"column":27},"end":{"line":109,"column":45}}]},"19":{"loc":{"start":{"line":112,"column":8},"end":{"line":112,"column":39}},"type":"if","locations":[{"start":{"line":112,"column":8},"end":{"line":112,"column":39}},{"start":{},"end":{}}]},"20":{"loc":{"start":{"line":113,"column":8},"end":{"line":113,"column":42}},"type":"if","locations":[{"start":{"line":113,"column":8},"end":{"line":113,"column":42}},{"start":{},"end":{}}]},"21":{"loc":{"start":{"line":115,"column":8},"end":{"line":119,"column":9}},"type":"if","locations":[{"start":{"line":115,"column":8},"end":{"line":119,"column":9}},{"start":{"line":117,"column":15},"end":{"line":119,"column":9}}]},"22":{"loc":{"start":{"line":115,"column":12},"end":{"line":115,"column":67}},"type":"binary-expr","locations":[{"start":{"line":115,"column":12},"end":{"line":115,"column":30}},{"start":{"line":115,"column":34},"end":{"line":115,"column":67}}]},"23":{"loc":{"start":{"line":129,"column":4},"end":{"line":129,"column":22}},"type":"if","locations":[{"start":{"line":129,"column":4},"end":{"line":129,"column":22}},{"start":{},"end":{}}]},"24":{"loc":{"start":{"line":131,"column":4},"end":{"line":133,"column":5}},"type":"if","locations":[{"start":{"line":131,"column":4},"end":{"line":133,"column":5}},{"start":{},"end":{}}]},"25":{"loc":{"start":{"line":143,"column":4},"end":{"line":160,"column":5}},"type":"if","locations":[{"start":{"line":143,"column":4},"end":{"line":160,"column":5}},{"start":{"line":145,"column":11},"end":{"line":160,"column":5}}]},"26":{"loc":{"start":{"line":148,"column":6},"end":{"line":148,"column":54}},"type":"if","locations":[{"start":{"line":148,"column":6},"end":{"line":148,"column":54}},{"start":{},"end":{}}]},"27":{"loc":{"start":{"line":148,"column":10},"end":{"line":148,"column":45}},"type":"binary-expr","locations":[{"start":{"line":148,"column":10},"end":{"line":148,"column":23}},{"start":{"line":148,"column":27},"end":{"line":148,"column":45}}]},"28":{"loc":{"start":{"line":151,"column":8},"end":{"line":151,"column":39}},"type":"if","locations":[{"start":{"line":151,"column":8},"end":{"line":151,"column":39}},{"start":{},"end":{}}]},"29":{"loc":{"start":{"line":152,"column":8},"end":{"line":152,"column":42}},"type":"if","locations":[{"start":{"line":152,"column":8},"end":{"line":152,"column":42}},{"start":{},"end":{}}]},"30":{"loc":{"start":{"line":154,"column":8},"end":{"line":158,"column":9}},"type":"if","locations":[{"start":{"line":154,"column":8},"end":{"line":158,"column":9}},{"start":{"line":156,"column":15},"end":{"line":158,"column":9}}]},"31":{"loc":{"start":{"line":154,"column":12},"end":{"line":154,"column":67}},"type":"binary-expr","locations":[{"start":{"line":154,"column":12},"end":{"line":154,"column":30}},{"start":{"line":154,"column":34},"end":{"line":154,"column":67}}]},"32":{"loc":{"start":{"line":167,"column":4},"end":{"line":169,"column":5}},"type":"if","locations":[{"start":{"line":167,"column":4},"end":{"line":169,"column":5}},{"start":{},"end":{}}]},"33":{"loc":{"start":{"line":171,"column":11},"end":{"line":171,"column":77}},"type":"binary-expr","locations":[{"start":{"line":171,"column":11},"end":{"line":171,"column":42}},{"start":{"line":171,"column":46},"end":{"line":171,"column":77}}]}},"s":{"0":2,"1":2,"2":2,"3":12,"4":12,"5":5,"6":5,"7":1,"8":4,"9":1,"10":3,"11":3,"12":3,"13":3,"14":2,"15":1,"16":1,"17":0,"18":1,"19":1,"20":4,"21":1,"22":3,"23":0,"24":3,"25":1,"26":2,"27":4,"28":4,"29":1,"30":3,"31":1,"32":2,"33":2,"34":2,"35":2,"36":2,"37":2,"38":2,"39":4,"40":0,"41":0,"42":0,"43":0,"44":0,"45":2,"46":2,"47":2,"48":0,"49":0,"50":0,"51":0,"52":0,"53":0,"54":0,"55":0,"56":0,"57":0,"58":0,"59":3,"60":3,"61":1,"62":2,"63":1,"64":1,"65":1,"66":1,"67":1,"68":0,"69":0,"70":0,"71":0,"72":0,"73":0,"74":0,"75":0,"76":0,"77":0,"78":0,"79":9,"80":8,"81":1,"82":2,"83":2},"f":{"0":12,"1":5,"2":4,"3":4,"4":3,"5":9},"b":{"0":[1,4],"1":[1,3],"2":[2,1],"3":[0,1],"4":[1,1],"5":[1,3],"6":[0,3],"7":[1,2],"8":[3,3],"9":[1,3],"10":[1,2],"11":[2,0],"12":[2,2],"13":[2,0],"14":[0,0],"15":[0,0],"16":[2,0],"17":[0,0],"18":[0,0],"19":[0,0],"20":[0,0],"21":[0,0],"22":[0,0],"23":[1,2],"24":[1,1],"25":[1,0],"26":[0,0],"27":[0,0],"28":[0,0],"29":[0,0],"30":[0,0],"31":[0,0],"32":[8,1],"33":[1,0]}}
,"/Users/roma/Desktop/things/projects/draw-battle/apps/server/src/game/friend.service.ts": {"path":"/Users/roma/Desktop/things/projects/draw-battle/apps/server/src/game/friend.service.ts","statementMap":{"0":{"start":{"line":1,"column":0},"end":{"line":1,"column":52}},"1":{"start":{"line":2,"column":0},"end":{"line":2,"column":47}},"2":{"start":{"line":3,"column":0},"end":{"line":3,"column":33}},"3":{"start":{"line":4,"column":0},"end":{"line":4,"column":70}},"4":{"start":{"line":5,"column":0},"end":{"line":5,"column":77}},"5":{"start":{"line":6,"column":0},"end":{"line":6,"column":64}},"6":{"start":{"line":7,"column":0},"end":{"line":7,"column":64}},"7":{"start":{"line":8,"column":0},"end":{"line":8,"column":45}},"8":{"start":{"line":12,"column":26},"end":{"line":234,"column":null}},"9":{"start":{"line":13,"column":28},"end":{"line":13,"column":58}},"10":{"start":{"line":16,"column":54},"end":{"line":16,"column":71}},"11":{"start":{"line":17,"column":57},"end":{"line":17,"column":77}},"12":{"start":{"line":18,"column":51},"end":{"line":18,"column":65}},"13":{"start":{"line":19,"column":21},"end":{"line":19,"column":36}},"14":{"start":{"line":20,"column":21},"end":{"line":20,"column":34}},"15":{"start":{"line":24,"column":4},"end":{"line":24,"column":35}},"16":{"start":{"line":28,"column":19},"end":{"line":28,"column":93}},"17":{"start":{"line":29,"column":4},"end":{"line":36,"column":6}},"18":{"start":{"line":40,"column":24},"end":{"line":42,"column":13}},"19":{"start":{"line":44,"column":22},"end":{"line":45,"column":null}},"20":{"start":{"line":45,"column":6},"end":{"line":45,"column":50}},"21":{"start":{"line":48,"column":4},"end":{"line":48,"column":42}},"22":{"start":{"line":48,"column":32},"end":{"line":48,"column":42}},"23":{"start":{"line":50,"column":21},"end":{"line":52,"column":13}},"24":{"start":{"line":54,"column":4},"end":{"line":54,"column":65}},"25":{"start":{"line":54,"column":29},"end":{"line":54,"column":63}},"26":{"start":{"line":58,"column":24},"end":{"line":60,"column":13}},"27":{"start":{"line":62,"column":4},"end":{"line":64,"column":6}},"28":{"start":{"line":63,"column":6},"end":{"line":63,"column":50}},"29":{"start":{"line":68,"column":27},"end":{"line":68,"column":51}},"30":{"start":{"line":69,"column":19},"end":{"line":69,"column":70}},"31":{"start":{"line":70,"column":4},"end":{"line":70,"column":20}},"32":{"start":{"line":74,"column":20},"end":{"line":74,"column":64}},"33":{"start":{"line":75,"column":21},"end":{"line":78,"column":23}},"34":{"start":{"line":80,"column":42},"end":{"line":80,"column":44}},"35":{"start":{"line":82,"column":4},"end":{"line":99,"column":5}},"36":{"start":{"line":83,"column":23},"end":{"line":83,"column":89}},"37":{"start":{"line":84,"column":32},"end":{"line":89,"column":9}},"38":{"start":{"line":91,"column":6},"end":{"line":98,"column":9}},"39":{"start":{"line":101,"column":4},"end":{"line":101,"column":19}},"40":{"start":{"line":108,"column":4},"end":{"line":110,"column":5}},"41":{"start":{"line":109,"column":6},"end":{"line":109,"column":67}},"42":{"start":{"line":113,"column":37},"end":{"line":116,"column":6}},"43":{"start":{"line":118,"column":4},"end":{"line":118,"column":99}},"44":{"start":{"line":118,"column":32},"end":{"line":118,"column":99}},"45":{"start":{"line":119,"column":4},"end":{"line":119,"column":65}},"46":{"start":{"line":119,"column":30},"end":{"line":119,"column":65}},"47":{"start":{"line":122,"column":4},"end":{"line":124,"column":5}},"48":{"start":{"line":123,"column":6},"end":{"line":123,"column":50}},"49":{"start":{"line":127,"column":27},"end":{"line":131,"column":6}},"50":{"start":{"line":133,"column":4},"end":{"line":149,"column":5}},"51":{"start":{"line":134,"column":6},"end":{"line":134,"column":41}},"52":{"start":{"line":135,"column":6},"end":{"line":135,"column":34}},"53":{"start":{"line":137,"column":29},"end":{"line":137,"column":81}},"54":{"start":{"line":138,"column":6},"end":{"line":138,"column":58}},"55":{"start":{"line":140,"column":37},"end":{"line":146,"column":8}},"56":{"start":{"line":148,"column":6},"end":{"line":148,"column":45}},"57":{"start":{"line":152,"column":16},"end":{"line":156,"column":6}},"58":{"start":{"line":158,"column":35},"end":{"line":164,"column":6}},"59":{"start":{"line":166,"column":4},"end":{"line":166,"column":44}},"60":{"start":{"line":174,"column":16},"end":{"line":174,"column":65}},"61":{"start":{"line":175,"column":4},"end":{"line":175,"column":59}},"62":{"start":{"line":175,"column":14},"end":{"line":175,"column":59}},"63":{"start":{"line":176,"column":4},"end":{"line":176,"column":92}},"64":{"start":{"line":176,"column":34},"end":{"line":176,"column":92}},"65":{"start":{"line":177,"column":4},"end":{"line":179,"column":5}},"66":{"start":{"line":178,"column":6},"end":{"line":178,"column":61}},"67":{"start":{"line":181,"column":4},"end":{"line":181,"column":63}},"68":{"start":{"line":182,"column":4},"end":{"line":182,"column":21}},"69":{"start":{"line":184,"column":4},"end":{"line":187,"column":5}},"70":{"start":{"line":185,"column":29},"end":{"line":185,"column":89}},"71":{"start":{"line":186,"column":6},"end":{"line":186,"column":58}},"72":{"start":{"line":189,"column":4},"end":{"line":189,"column":90}},"73":{"start":{"line":193,"column":27},"end":{"line":193,"column":79}},"74":{"start":{"line":194,"column":4},"end":{"line":194,"column":59}},"75":{"start":{"line":198,"column":41},"end":{"line":201,"column":6}},"76":{"start":{"line":204,"column":19},"end":{"line":204,"column":36}},"77":{"start":{"line":205,"column":4},"end":{"line":208,"column":5}},"78":{"start":{"line":206,"column":6},"end":{"line":206,"column":37}},"79":{"start":{"line":207,"column":6},"end":{"line":207,"column":35}},"80":{"start":{"line":210,"column":21},"end":{"line":212,"column":13}},"81":{"start":{"line":214,"column":23},"end":{"line":214,"column":70}},"82":{"start":{"line":214,"column":49},"end":{"line":214,"column":68}},"83":{"start":{"line":216,"column":20},"end":{"line":227,"column":5}},"84":{"start":{"line":217,"column":26},"end":{"line":217,"column":62}},"85":{"start":{"line":218,"column":24},"end":{"line":218,"column":58}},"86":{"start":{"line":219,"column":6},"end":{"line":219,"column":50}},"87":{"start":{"line":219,"column":38},"end":{"line":219,"column":50}},"88":{"start":{"line":220,"column":6},"end":{"line":226,"column":8}},"89":{"start":{"line":229,"column":4},"end":{"line":232,"column":6}},"90":{"start":{"line":230,"column":76},"end":{"line":230,"column":86}},"91":{"start":{"line":231,"column":76},"end":{"line":231,"column":86}},"92":{"start":{"line":12,"column":13},"end":{"line":12,"column":26}},"93":{"start":{"line":12,"column":13},"end":{"line":234,"column":null}}},"fnMap":{"0":{"name":"(anonymous_4)","decl":{"start":{"line":15,"column":2},"end":{"line":15,"column":null}},"loc":{"start":{"line":20,"column":45},"end":{"line":21,"column":6}}},"1":{"name":"(anonymous_5)","decl":{"start":{"line":23,"column":10},"end":{"line":23,"column":23}},"loc":{"start":{"line":23,"column":44},"end":{"line":25,"column":3}}},"2":{"name":"(anonymous_6)","decl":{"start":{"line":27,"column":10},"end":{"line":27,"column":22}},"loc":{"start":{"line":27,"column":42},"end":{"line":37,"column":3}}},"3":{"name":"(anonymous_7)","decl":{"start":{"line":39,"column":2},"end":{"line":39,"column":7}},"loc":{"start":{"line":39,"column":39},"end":{"line":55,"column":3}}},"4":{"name":"(anonymous_8)","decl":{"start":{"line":44,"column":38},"end":{"line":44,"column":39}},"loc":{"start":{"line":45,"column":6},"end":{"line":45,"column":50}}},"5":{"name":"(anonymous_9)","decl":{"start":{"line":54,"column":24},"end":{"line":54,"column":25}},"loc":{"start":{"line":54,"column":29},"end":{"line":54,"column":63}}},"6":{"name":"(anonymous_10)","decl":{"start":{"line":57,"column":2},"end":{"line":57,"column":7}},"loc":{"start":{"line":57,"column":51},"end":{"line":65,"column":3}}},"7":{"name":"(anonymous_11)","decl":{"start":{"line":62,"column":27},"end":{"line":62,"column":28}},"loc":{"start":{"line":63,"column":6},"end":{"line":63,"column":50}}},"8":{"name":"(anonymous_12)","decl":{"start":{"line":67,"column":2},"end":{"line":67,"column":7}},"loc":{"start":{"line":67,"column":39},"end":{"line":71,"column":3}}},"9":{"name":"(anonymous_13)","decl":{"start":{"line":73,"column":2},"end":{"line":73,"column":7}},"loc":{"start":{"line":73,"column":64},"end":{"line":102,"column":3}}},"10":{"name":"(anonymous_14)","decl":{"start":{"line":104,"column":2},"end":{"line":104,"column":7}},"loc":{"start":{"line":106,"column":26},"end":{"line":167,"column":3}}},"11":{"name":"(anonymous_15)","decl":{"start":{"line":169,"column":2},"end":{"line":169,"column":7}},"loc":{"start":{"line":172,"column":31},"end":{"line":190,"column":3}}},"12":{"name":"(anonymous_16)","decl":{"start":{"line":192,"column":2},"end":{"line":192,"column":7}},"loc":{"start":{"line":192,"column":69},"end":{"line":195,"column":3}}},"13":{"name":"(anonymous_17)","decl":{"start":{"line":197,"column":2},"end":{"line":197,"column":7}},"loc":{"start":{"line":197,"column":47},"end":{"line":233,"column":3}}},"14":{"name":"(anonymous_18)","decl":{"start":{"line":214,"column":44},"end":{"line":214,"column":45}},"loc":{"start":{"line":214,"column":49},"end":{"line":214,"column":68}}},"15":{"name":"(anonymous_19)","decl":{"start":{"line":216,"column":20},"end":{"line":216,"column":21}},"loc":{"start":{"line":216,"column":55},"end":{"line":227,"column":5}}},"16":{"name":"(anonymous_20)","decl":{"start":{"line":230,"column":49},"end":{"line":230,"column":50}},"loc":{"start":{"line":230,"column":76},"end":{"line":230,"column":86}}},"17":{"name":"(anonymous_21)","decl":{"start":{"line":231,"column":49},"end":{"line":231,"column":50}},"loc":{"start":{"line":231,"column":76},"end":{"line":231,"column":86}}}},"branchMap":{"0":{"loc":{"start":{"line":24,"column":11},"end":{"line":24,"column":34}},"type":"cond-expr","locations":[{"start":{"line":24,"column":19},"end":{"line":24,"column":25}},{"start":{"line":24,"column":28},"end":{"line":24,"column":34}}]},"1":{"loc":{"start":{"line":28,"column":19},"end":{"line":28,"column":93}},"type":"binary-expr","locations":[{"start":{"line":28,"column":19},"end":{"line":28,"column":85}},{"start":{"line":28,"column":89},"end":{"line":28,"column":93}}]},"2":{"loc":{"start":{"line":31,"column":16},"end":{"line":31,"column":38}},"type":"binary-expr","locations":[{"start":{"line":31,"column":16},"end":{"line":31,"column":32}},{"start":{"line":31,"column":36},"end":{"line":31,"column":38}}]},"3":{"loc":{"start":{"line":45,"column":6},"end":{"line":45,"column":50}},"type":"cond-expr","locations":[{"start":{"line":45,"column":33},"end":{"line":45,"column":40}},{"start":{"line":45,"column":43},"end":{"line":45,"column":50}}]},"4":{"loc":{"start":{"line":48,"column":4},"end":{"line":48,"column":42}},"type":"if","locations":[{"start":{"line":48,"column":4},"end":{"line":48,"column":42}},{"start":{},"end":{}}]},"5":{"loc":{"start":{"line":63,"column":6},"end":{"line":63,"column":50}},"type":"cond-expr","locations":[{"start":{"line":63,"column":33},"end":{"line":63,"column":40}},{"start":{"line":63,"column":43},"end":{"line":63,"column":50}}]},"6":{"loc":{"start":{"line":93,"column":18},"end":{"line":93,"column":40}},"type":"binary-expr","locations":[{"start":{"line":93,"column":18},"end":{"line":93,"column":34}},{"start":{"line":93,"column":38},"end":{"line":93,"column":40}}]},"7":{"loc":{"start":{"line":108,"column":4},"end":{"line":110,"column":5}},"type":"if","locations":[{"start":{"line":108,"column":4},"end":{"line":110,"column":5}},{"start":{},"end":{}}]},"8":{"loc":{"start":{"line":118,"column":4},"end":{"line":118,"column":99}},"type":"if","locations":[{"start":{"line":118,"column":4},"end":{"line":118,"column":99}},{"start":{},"end":{}}]},"9":{"loc":{"start":{"line":119,"column":4},"end":{"line":119,"column":65}},"type":"if","locations":[{"start":{"line":119,"column":4},"end":{"line":119,"column":65}},{"start":{},"end":{}}]},"10":{"loc":{"start":{"line":122,"column":4},"end":{"line":124,"column":5}},"type":"if","locations":[{"start":{"line":122,"column":4},"end":{"line":124,"column":5}},{"start":{},"end":{}}]},"11":{"loc":{"start":{"line":133,"column":4},"end":{"line":149,"column":5}},"type":"if","locations":[{"start":{"line":133,"column":4},"end":{"line":149,"column":5}},{"start":{},"end":{}}]},"12":{"loc":{"start":{"line":145,"column":20},"end":{"line":145,"column":79}},"type":"binary-expr","locations":[{"start":{"line":145,"column":20},"end":{"line":145,"column":65}},{"start":{"line":145,"column":69},"end":{"line":145,"column":79}}]},"13":{"loc":{"start":{"line":175,"column":4},"end":{"line":175,"column":59}},"type":"if","locations":[{"start":{"line":175,"column":4},"end":{"line":175,"column":59}},{"start":{},"end":{}}]},"14":{"loc":{"start":{"line":176,"column":4},"end":{"line":176,"column":92}},"type":"if","locations":[{"start":{"line":176,"column":4},"end":{"line":176,"column":92}},{"start":{},"end":{}}]},"15":{"loc":{"start":{"line":177,"column":4},"end":{"line":179,"column":5}},"type":"if","locations":[{"start":{"line":177,"column":4},"end":{"line":179,"column":5}},{"start":{},"end":{}}]},"16":{"loc":{"start":{"line":181,"column":17},"end":{"line":181,"column":62}},"type":"cond-expr","locations":[{"start":{"line":181,"column":39},"end":{"line":181,"column":49}},{"start":{"line":181,"column":52},"end":{"line":181,"column":62}}]},"17":{"loc":{"start":{"line":184,"column":4},"end":{"line":187,"column":5}},"type":"if","locations":[{"start":{"line":184,"column":4},"end":{"line":187,"column":5}},{"start":{},"end":{}}]},"18":{"loc":{"start":{"line":219,"column":6},"end":{"line":219,"column":50}},"type":"if","locations":[{"start":{"line":219,"column":6},"end":{"line":219,"column":50}},{"start":{},"end":{}}]},"19":{"loc":{"start":{"line":219,"column":10},"end":{"line":219,"column":36}},"type":"binary-expr","locations":[{"start":{"line":219,"column":10},"end":{"line":219,"column":22}},{"start":{"line":219,"column":26},"end":{"line":219,"column":36}}]},"20":{"loc":{"start":{"line":225,"column":19},"end":{"line":225,"column":59}},"type":"binary-expr","locations":[{"start":{"line":225,"column":19},"end":{"line":225,"column":45}},{"start":{"line":225,"column":49},"end":{"line":225,"column":59}}]}},"s":{"0":2,"1":2,"2":2,"3":2,"4":2,"5":2,"6":2,"7":2,"8":2,"9":24,"10":24,"11":24,"12":24,"13":24,"14":24,"15":12,"16":10,"17":10,"18":3,"19":3,"20":2,"21":3,"22":1,"23":2,"24":2,"25":2,"26":1,"27":1,"28":2,"29":9,"30":9,"31":9,"32":3,"33":3,"34":3,"35":3,"36":3,"37":3,"38":3,"39":3,"40":6,"41":1,"42":5,"43":5,"44":1,"45":4,"46":1,"47":3,"48":1,"49":2,"50":2,"51":1,"52":1,"53":1,"54":1,"55":1,"56":1,"57":1,"58":1,"59":1,"60":5,"61":5,"62":1,"63":4,"64":1,"65":3,"66":1,"67":2,"68":2,"69":2,"70":1,"71":1,"72":2,"73":1,"74":1,"75":2,"76":2,"77":2,"78":3,"79":3,"80":2,"81":2,"82":4,"83":2,"84":3,"85":3,"86":3,"87":1,"88":2,"89":2,"90":2,"91":1,"92":2,"93":2},"f":{"0":24,"1":12,"2":10,"3":3,"4":2,"5":2,"6":1,"7":2,"8":9,"9":3,"10":6,"11":5,"12":1,"13":2,"14":4,"15":3,"16":2,"17":1},"b":{"0":[10,2],"1":[10,10],"2":[10,0],"3":[1,1],"4":[1,2],"5":[2,0],"6":[3,0],"7":[1,5],"8":[1,4],"9":[1,3],"10":[1,2],"11":[1,1],"12":[1,0],"13":[1,4],"14":[1,3],"15":[1,2],"16":[1,1],"17":[1,1],"18":[1,2],"19":[3,2],"20":[2,0]}}
,"/Users/roma/Desktop/things/projects/draw-battle/apps/server/src/game/friends.controller.ts": {"path":"/Users/roma/Desktop/things/projects/draw-battle/apps/server/src/game/friends.controller.ts","statementMap":{"0":{"start":{"line":1,"column":0},"end":{"line":1,"column":null}},"1":{"start":{"line":15,"column":0},"end":{"line":15,"column":49}},"2":{"start":{"line":16,"column":0},"end":{"line":16,"column":64}},"3":{"start":{"line":17,"column":0},"end":{"line":17,"column":45}},"4":{"start":{"line":18,"column":0},"end":{"line":18,"column":51}},"5":{"start":{"line":21,"column":7},"end":{"line":180,"column":null}},"6":{"start":{"line":23,"column":21},"end":{"line":23,"column":36}},"7":{"start":{"line":24,"column":21},"end":{"line":24,"column":36}},"8":{"start":{"line":25,"column":21},"end":{"line":25,"column":30}},"9":{"start":{"line":29,"column":4},"end":{"line":29,"column":31}},"10":{"start":{"line":33,"column":20},"end":{"line":33,"column":65}},"11":{"start":{"line":34,"column":4},"end":{"line":36,"column":5}},"12":{"start":{"line":35,"column":6},"end":{"line":35,"column":51}},"13":{"start":{"line":45,"column":4},"end":{"line":47,"column":5}},"14":{"start":{"line":46,"column":6},"end":{"line":46,"column":27}},"15":{"start":{"line":49,"column":4},"end":{"line":54,"column":5}},"16":{"start":{"line":50,"column":20},"end":{"line":50,"column":88}},"17":{"start":{"line":51,"column":6},"end":{"line":51,"column":23}},"18":{"start":{"line":53,"column":6},"end":{"line":53,"column":67}},"19":{"start":{"line":60,"column":20},"end":{"line":60,"column":73}},"20":{"start":{"line":61,"column":4},"end":{"line":61,"column":23}},"21":{"start":{"line":67,"column":35},"end":{"line":67,"column":96}},"22":{"start":{"line":68,"column":4},"end":{"line":68,"column":34}},"23":{"start":{"line":78,"column":25},"end":{"line":78,"column":41}},"24":{"start":{"line":79,"column":4},"end":{"line":81,"column":5}},"25":{"start":{"line":80,"column":6},"end":{"line":80,"column":81}},"26":{"start":{"line":83,"column":4},"end":{"line":113,"column":5}},"27":{"start":{"line":84,"column":40},"end":{"line":86,"column":null}},"28":{"start":{"line":89,"column":6},"end":{"line":108,"column":7}},"29":{"start":{"line":91,"column":8},"end":{"line":94,"column":11}},"30":{"start":{"line":95,"column":8},"end":{"line":98,"column":11}},"31":{"start":{"line":99,"column":42},"end":{"line":102,"column":10}},"32":{"start":{"line":103,"column":8},"end":{"line":103,"column":78}},"33":{"start":{"line":104,"column":8},"end":{"line":104,"column":92}},"34":{"start":{"line":107,"column":8},"end":{"line":107,"column":89}},"35":{"start":{"line":110,"column":6},"end":{"line":110,"column":39}},"36":{"start":{"line":112,"column":6},"end":{"line":112,"column":67}},"37":{"start":{"line":123,"column":25},"end":{"line":123,"column":41}},"38":{"start":{"line":124,"column":4},"end":{"line":126,"column":5}},"39":{"start":{"line":125,"column":6},"end":{"line":125,"column":71}},"40":{"start":{"line":128,"column":4},"end":{"line":153,"column":5}},"41":{"start":{"line":129,"column":51},"end":{"line":132,"column":null}},"42":{"start":{"line":135,"column":21},"end":{"line":135,"column":71}},"43":{"start":{"line":138,"column":6},"end":{"line":138,"column":105}},"44":{"start":{"line":139,"column":6},"end":{"line":139,"column":103}},"45":{"start":{"line":141,"column":6},"end":{"line":148,"column":7}},"46":{"start":{"line":142,"column":50},"end":{"line":145,"column":10}},"47":{"start":{"line":146,"column":8},"end":{"line":146,"column":86}},"48":{"start":{"line":147,"column":8},"end":{"line":147,"column":87}},"49":{"start":{"line":150,"column":6},"end":{"line":150,"column":24}},"50":{"start":{"line":152,"column":6},"end":{"line":152,"column":67}},"51":{"start":{"line":163,"column":25},"end":{"line":163,"column":41}},"52":{"start":{"line":164,"column":4},"end":{"line":166,"column":5}},"53":{"start":{"line":165,"column":6},"end":{"line":165,"column":79}},"54":{"start":{"line":168,"column":4},"end":{"line":178,"column":5}},"55":{"start":{"line":169,"column":6},"end":{"line":169,"column":83}},"56":{"start":{"line":172,"column":6},"end":{"line":172,"column":104}},"57":{"start":{"line":173,"column":6},"end":{"line":173,"column":104}},"58":{"start":{"line":175,"column":6},"end":{"line":175,"column":31}},"59":{"start":{"line":177,"column":6},"end":{"line":177,"column":67}},"60":{"start":{"line":21,"column":13},"end":{"line":21,"column":30}},"61":{"start":{"line":41,"column":8},"end":{"line":55,"column":null}},"62":{"start":{"line":59,"column":8},"end":{"line":62,"column":null}},"63":{"start":{"line":66,"column":8},"end":{"line":69,"column":null}},"64":{"start":{"line":74,"column":8},"end":{"line":114,"column":null}},"65":{"start":{"line":119,"column":8},"end":{"line":154,"column":null}},"66":{"start":{"line":159,"column":8},"end":{"line":179,"column":null}},"67":{"start":{"line":21,"column":13},"end":{"line":180,"column":null}}},"fnMap":{"0":{"name":"(anonymous_4)","decl":{"start":{"line":22,"column":2},"end":{"line":22,"column":null}},"loc":{"start":{"line":25,"column":41},"end":{"line":26,"column":6}}},"1":{"name":"(anonymous_5)","decl":{"start":{"line":28,"column":2},"end":{"line":28,"column":14}},"loc":{"start":{"line":28,"column":20},"end":{"line":30,"column":3}}},"2":{"name":"(anonymous_6)","decl":{"start":{"line":32,"column":10},"end":{"line":32,"column":20}},"loc":{"start":{"line":32,"column":67},"end":{"line":37,"column":3}}},"3":{"name":"(anonymous_7)","decl":{"start":{"line":41,"column":8},"end":{"line":41,"column":14}},"loc":{"start":{"line":43,"column":29},"end":{"line":55,"column":3}}},"4":{"name":"(anonymous_8)","decl":{"start":{"line":59,"column":8},"end":{"line":59,"column":12}},"loc":{"start":{"line":59,"column":28},"end":{"line":62,"column":3}}},"5":{"name":"(anonymous_9)","decl":{"start":{"line":66,"column":8},"end":{"line":66,"column":23}},"loc":{"start":{"line":66,"column":39},"end":{"line":69,"column":3}}},"6":{"name":"(anonymous_10)","decl":{"start":{"line":74,"column":8},"end":{"line":74,"column":19}},"loc":{"start":{"line":76,"column":48},"end":{"line":114,"column":3}}},"7":{"name":"(anonymous_11)","decl":{"start":{"line":119,"column":8},"end":{"line":119,"column":24}},"loc":{"start":{"line":121,"column":68},"end":{"line":154,"column":3}}},"8":{"name":"(anonymous_12)","decl":{"start":{"line":159,"column":8},"end":{"line":159,"column":20}},"loc":{"start":{"line":161,"column":48},"end":{"line":179,"column":3}}}},"branchMap":{"0":{"loc":{"start":{"line":45,"column":4},"end":{"line":47,"column":5}},"type":"if","locations":[{"start":{"line":45,"column":4},"end":{"line":47,"column":5}},{"start":{},"end":{}}]},"1":{"loc":{"start":{"line":45,"column":8},"end":{"line":45,"column":69}},"type":"binary-expr","locations":[{"start":{"line":45,"column":8},"end":{"line":45,"column":14}},{"start":{"line":45,"column":18},"end":{"line":45,"column":41}},{"start":{"line":45,"column":45},"end":{"line":45,"column":69}}]},"2":{"loc":{"start":{"line":79,"column":4},"end":{"line":81,"column":5}},"type":"if","locations":[{"start":{"line":79,"column":4},"end":{"line":81,"column":5}},{"start":{},"end":{}}]},"3":{"loc":{"start":{"line":89,"column":6},"end":{"line":108,"column":7}},"type":"if","locations":[{"start":{"line":89,"column":6},"end":{"line":108,"column":7}},{"start":{"line":105,"column":13},"end":{"line":108,"column":7}}]},"4":{"loc":{"start":{"line":124,"column":4},"end":{"line":126,"column":5}},"type":"if","locations":[{"start":{"line":124,"column":4},"end":{"line":126,"column":5}},{"start":{},"end":{}}]},"5":{"loc":{"start":{"line":124,"column":8},"end":{"line":124,"column":72}},"type":"binary-expr","locations":[{"start":{"line":124,"column":8},"end":{"line":124,"column":24}},{"start":{"line":124,"column":28},"end":{"line":124,"column":72}}]},"6":{"loc":{"start":{"line":135,"column":21},"end":{"line":135,"column":71}},"type":"cond-expr","locations":[{"start":{"line":135,"column":48},"end":{"line":135,"column":58}},{"start":{"line":135,"column":61},"end":{"line":135,"column":71}}]},"7":{"loc":{"start":{"line":141,"column":6},"end":{"line":148,"column":7}},"type":"if","locations":[{"start":{"line":141,"column":6},"end":{"line":148,"column":7}},{"start":{},"end":{}}]},"8":{"loc":{"start":{"line":164,"column":4},"end":{"line":166,"column":5}},"type":"if","locations":[{"start":{"line":164,"column":4},"end":{"line":166,"column":5}},{"start":{},"end":{}}]}},"s":{"0":1,"1":1,"2":1,"3":1,"4":1,"5":1,"6":1,"7":1,"8":1,"9":14,"10":14,"11":14,"12":14,"13":4,"14":2,"15":2,"16":2,"17":1,"18":1,"19":1,"20":1,"21":1,"22":1,"23":5,"24":5,"25":1,"26":4,"27":4,"28":3,"29":1,"30":1,"31":1,"32":1,"33":1,"34":2,"35":3,"36":1,"37":4,"38":4,"39":2,"40":2,"41":2,"42":2,"43":2,"44":2,"45":2,"46":1,"47":1,"48":1,"49":2,"50":0,"51":2,"52":2,"53":1,"54":1,"55":1,"56":1,"57":1,"58":1,"59":0,"60":1,"61":1,"62":1,"63":1,"64":1,"65":1,"66":1,"67":1},"f":{"0":1,"1":14,"2":14,"3":4,"4":1,"5":1,"6":5,"7":4,"8":2},"b":{"0":[2,2],"1":[4,3,2],"2":[1,4],"3":[1,2],"4":[2,2],"5":[4,3],"6":[1,1],"7":[1,1],"8":[1,1]}}
[...]
,"type":"binary-expr","locations":[{"start":{"line":46,"column":9},"end":{"line":46,"column":16}},{"start":{"line":46,"column":20},"end":{"line":46,"column":24}}]},"2":{"loc":{"start":{"line":55,"column":2},"end":{"line":55,"column":22}},"type":"if","locations":[{"start":{"line":55,"column":2},"end":{"line":55,"column":22}},{"start":{},"end":{}}]},"3":{"loc":{"start":{"line":56,"column":2},"end":{"line":56,"column":84}},"type":"if","locations":[{"start":{"line":56,"column":2},"end":{"line":56,"column":84}},{"start":{},"end":{}}]},"4":{"loc":{"start":{"line":56,"column":6},"end":{"line":56,"column":70}},"type":"binary-expr","locations":[{"start":{"line":56,"column":6},"end":{"line":56,"column":36}},{"start":{"line":56,"column":40},"end":{"line":56,"column":70}}]},"5":{"loc":{"start":{"line":62,"column":2},"end":{"line":62,"column":22}},"type":"if","locations":[{"start":{"line":62,"column":2},"end":{"line":62,"column":22}},{"start":{},"end":{}}]},"6":{"loc":{"start":{"line":63,"column":2},"end":{"line":63,"column":48}},"type":"if","locations":[{"start":{"line":63,"column":2},"end":{"line":63,"column":48}},{"start":{},"end":{}}]},"7":{"loc":{"start":{"line":68,"column":2},"end":{"line":68,"column":43}},"type":"if","locations":[{"start":{"line":68,"column":2},"end":{"line":68,"column":43}},{"start":{},"end":{}}]},"8":{"loc":{"start":{"line":70,"column":2},"end":{"line":70,"column":72}},"type":"if","locations":[{"start":{"line":70,"column":2},"end":{"line":70,"column":72}},{"start":{},"end":{}}]},"9":{"loc":{"start":{"line":70,"column":6},"end":{"line":70,"column":58}},"type":"binary-expr","locations":[{"start":{"line":70,"column":6},"end":{"line":70,"column":14}},{"start":{"line":70,"column":18},"end":{"line":70,"column":58}}]},"10":{"loc":{"start":{"line":75,"column":2},"end":{"line":75,"column":43}},"type":"if","locations":[{"start":{"line":75,"column":2},"end":{"line":75,"column":43}},{"start":{},"end":{}}]},"11":{"loc":{"start":{"line":77,"column":2},"end":{"line":77,"column":48}},"type":"if","locations":[{"start":{"line":77,"column":2},"end":{"line":77,"column":48}},{"start":{},"end":{}}]},"12":{"loc":{"start":{"line":82,"column":2},"end":{"line":82,"column":43}},"type":"if","locations":[{"start":{"line":82,"column":2},"end":{"line":82,"column":43}},{"start":{},"end":{}}]},"13":{"loc":{"start":{"line":83,"column":2},"end":{"line":83,"column":63}},"type":"if","locations":[{"start":{"line":83,"column":2},"end":{"line":83,"column":63}},{"start":{},"end":{}}]},"14":{"loc":{"start":{"line":88,"column":2},"end":{"line":88,"column":43}},"type":"if","locations":[{"start":{"line":88,"column":2},"end":{"line":88,"column":43}},{"start":{},"end":{}}]},"15":{"loc":{"start":{"line":89,"column":2},"end":{"line":89,"column":54}},"type":"if","locations":[{"start":{"line":89,"column":2},"end":{"line":89,"column":54}},{"start":{},"end":{}}]},"16":{"loc":{"start":{"line":94,"column":2},"end":{"line":94,"column":43}},"type":"if","locations":[{"start":{"line":94,"column":2},"end":{"line":94,"column":43}},{"start":{},"end":{}}]},"17":{"loc":{"start":{"line":95,"column":2},"end":{"line":95,"column":57}},"type":"if","locations":[{"start":{"line":95,"column":2},"end":{"line":95,"column":57}},{"start":{},"end":{}}]},"18":{"loc":{"start":{"line":96,"column":2},"end":{"line":96,"column":44}},"type":"if","locations":[{"start":{"line":96,"column":2},"end":{"line":96,"column":44}},{"start":{},"end":{}}]},"19":{"loc":{"start":{"line":101,"column":2},"end":{"line":101,"column":69}},"type":"if","locations":[{"start":{"line":101,"column":2},"end":{"line":101,"column":69}},{"start":{},"end":{}}]},"20":{"loc":{"start":{"line":101,"column":6},"end":{"line":101,"column":55}},"type":"binary-expr","locations":[{"start":{"line":101,"column":6},"end":{"line":101,"column":29}},{"start":{"line":101,"column":33},"end":{"line":101,"column":55}}]},"21":{"loc":{"start":{"line":102,"column":2},"end":{"line":102,"column":39}},"type":"if","locations":[{"start":{"line":102,"column":2},"end":{"line":102,"column":39}},{"start":{},"end":{}}]},"22":{"loc":{"start":{"line":102,"column":6},"end":{"line":102,"column":25}},"type":"binary-expr","locations":[{"start":{"line":102,"column":6},"end":{"line":102,"column":13}},{"start":{"line":102,"column":17},"end":{"line":102,"column":25}}]},"23":{"loc":{"start":{"line":111,"column":2},"end":{"line":111,"column":51}},"type":"if","locations":[{"start":{"line":111,"column":2},"end":{"line":111,"column":51}},{"start":{},"end":{}}]},"24":{"loc":{"start":{"line":111,"column":6},"end":{"line":111,"column":37}},"type":"binary-expr","locations":[{"start":{"line":111,"column":6},"end":{"line":111,"column":10}},{"start":{"line":111,"column":14},"end":{"line":111,"column":37}}]},"25":{"loc":{"start":{"line":116,"column":2},"end":{"line":118,"column":3}},"type":"if","locations":[{"start":{"line":116,"column":2},"end":{"line":118,"column":3}},{"start":{},"end":{}}]},"26":{"loc":{"start":{"line":116,"column":6},"end":{"line":116,"column":89}},"type":"binary-expr","locations":[{"start":{"line":116,"column":6},"end":{"line":116,"column":30}},{"start":{"line":116,"column":34},"end":{"line":116,"column":89}}]},"27":{"loc":{"start":{"line":127,"column":2},"end":{"line":129,"column":3}},"type":"if","locations":[{"start":{"line":127,"column":2},"end":{"line":129,"column":3}},{"start":{},"end":{}}]},"28":{"loc":{"start":{"line":127,"column":6},"end":{"line":127,"column":41}},"type":"binary-expr","locations":[{"start":{"line":127,"column":6},"end":{"line":127,"column":22}},{"start":{"line":127,"column":26},"end":{"line":127,"column":41}}]},"29":{"loc":{"start":{"line":132,"column":2},"end":{"line":151,"column":3}},"type":"if","locations":[{"start":{"line":132,"column":2},"end":{"line":151,"column":3}},{"start":{},"end":{}}]},"30":{"loc":{"start":{"line":133,"column":4},"end":{"line":133,"column":48}},"type":"if","locations":[{"start":{"line":133,"column":4},"end":{"line":133,"column":48}},{"start":{},"end":{}}]},"31":{"loc":{"start":{"line":134,"column":4},"end":{"line":134,"column":57}},"type":"if","locations":[{"start":{"line":134,"column":4},"end":{"line":134,"column":57}},{"start":{},"end":{}}]},"32":{"loc":{"start":{"line":137,"column":6},"end":{"line":144,"column":7}},"type":"if","locations":[{"start":{"line":137,"column":6},"end":{"line":144,"column":7}},{"start":{},"end":{}}]},"33":{"loc":{"start":{"line":138,"column":8},"end":{"line":141,"column":41}},"type":"binary-expr","locations":[{"start":{"line":138,"column":8},"end":{"line":138,"column":11}},{"start":{"line":139,"column":8},"end":{"line":139,"column":30}},{"start":{"line":140,"column":8},"end":{"line":140,"column":41}},{"start":{"line":141,"column":8},"end":{"line":141,"column":41}}]},"34":{"loc":{"start":{"line":154,"column":2},"end":{"line":159,"column":3}},"type":"if","locations":[{"start":{"line":154,"column":2},"end":{"line":159,"column":3}},{"start":{},"end":{}}]},"35":{"loc":{"start":{"line":155,"column":4},"end":{"line":157,"column":5}},"type":"if","locations":[{"start":{"line":155,"column":4},"end":{"line":157,"column":5}},{"start":{},"end":{}}]},"36":{"loc":{"start":{"line":155,"column":8},"end":{"line":155,"column":73}},"type":"binary-expr","locations":[{"start":{"line":155,"column":8},"end":{"line":155,"column":37}},{"start":{"line":155,"column":41},"end":{"line":155,"column":73}}]},"37":{"loc":{"start":{"line":162,"column":2},"end":{"line":166,"column":3}},"type":"if","locations":[{"start":{"line":162,"column":2},"end":{"line":166,"column":3}},{"start":{},"end":{}}]},"38":{"loc":{"start":{"line":163,"column":4},"end":{"line":163,"column":55}},"type":"if","locations":[{"start":{"line":163,"column":4},"end":{"line":163,"column":55}},{"start":{},"end":{}}]},"39":{"loc":{"start":{"line":164,"column":4},"end":{"line":164,"column":86}},"type":"if","locations":[{"start":{"line":164,"column":4},"end":{"line":164,"column":86}},{"start":{},"end":{}}]},"40":{"loc":{"start":{"line":164,"column":8},"end":{"line":164,"column":72}},"type":"binary-expr","locations":[{"start":{"line":164,"column":8},"end":{"line":164,"column":38}},{"start":{"line":164,"column":42},"end":{"line":164,"column":72}}]},"41":{"loc":{"start":{"line":169,"column":2},"end":{"line":177,"column":3}},"type":"if","locations":[{"start":{"line":169,"column":2},"end":{"line":177,"column":3}},{"start":{},"end":{}}]},"42":{"loc":{"start":{"line":170,"column":4},"end":{"line":175,"column":5}},"type":"if","locations":[{"start":{"line":170,"column":4},"end":{"line":175,"column":5}},{"start":{},"end":{}}]},"43":{"loc":{"start":{"line":171,"column":6},"end":{"line":172,"column":65}},"type":"binary-expr","locations":[{"start":{"line":171,"column":6},"end":{"line":171,"column":34}},{"start":{"line":172,"column":6},"end":{"line":172,"column":65}}]},"44":{"loc":{"start":{"line":180,"column":2},"end":{"line":185,"column":3}},"type":"if","locations":[{"start":{"line":180,"column":2},"end":{"line":185,"column":3}},{"start":{},"end":{}}]},"45":{"loc":{"start":{"line":181,"column":4},"end":{"line":183,"column":5}},"type":"if","locations":[{"start":{"line":181,"column":4},"end":{"line":183,"column":5}},{"start":{},"end":{}}]},"46":{"loc":{"start":{"line":181,"column":8},"end":{"line":181,"column":86}},"type":"binary-expr","locations":[{"start":{"line":181,"column":8},"end":{"line":181,"column":40}},{"start":{"line":181,"column":44},"end":{"line":181,"column":86}}]},"47":{"loc":{"start":{"line":196,"column":2},"end":{"line":196,"column":51}},"type":"if","locations":[{"start":{"line":196,"column":2},"end":{"line":196,"column":51}},{"start":{},"end":{}}]},"48":{"loc":{"start":{"line":196,"column":6},"end":{"line":196,"column":37}},"type":"binary-expr","locations":[{"start":{"line":196,"column":6},"end":{"line":196,"column":10}},{"start":{"line":196,"column":14},"end":{"line":196,"column":37}}]},"49":{"loc":{"start":{"line":201,"column":2},"end":{"line":207,"column":3}},"type":"if","locations":[{"start":{"line":201,"column":2},"end":{"line":207,"column":3}},{"start":{},"end":{}}]},"50":{"loc":{"start":{"line":203,"column":4},"end":{"line":206,"column":5}},"type":"if","locations":[{"start":{"line":203,"column":4},"end":{"line":206,"column":5}},{"start":{},"end":{}}]},"51":{"loc":{"start":{"line":203,"column":8},"end":{"line":203,"column":75}},"type":"binary-expr","locations":[{"start":{"line":203,"column":8},"end":{"line":203,"column":27}},{"start":{"line":203,"column":31},"end":{"line":203,"column":51}},{"start":{"line":203,"column":55},"end":{"line":203,"column":75}}]},"52":{"loc":{"start":{"line":209,"column":2},"end":{"line":215,"column":3}},"type":"if","locations":[{"start":{"line":209,"column":2},"end":{"line":215,"column":3}},{"start":{},"end":{}}]},"53":{"loc":{"start":{"line":211,"column":4},"end":{"line":214,"column":5}},"type":"if","locations":[{"start":{"line":211,"column":4},"end":{"line":214,"column":5}},{"start":{},"end":{}}]},"54":{"loc":{"start":{"line":217,"column":2},"end":{"line":222,"column":3}},"type":"if","locations":[{"start":{"line":217,"column":2},"end":{"line":222,"column":3}},{"start":{},"end":{}}]},"55":{"loc":{"start":{"line":218,"column":4},"end":{"line":221,"column":5}},"type":"if","locations":[{"start":{"line":218,"column":4},"end":{"line":221,"column":5}},{"start":{},"end":{}}]},"56":{"loc":{"start":{"line":218,"column":8},"end":{"line":218,"column":82}},"type":"binary-expr","locations":[{"start":{"line":218,"column":8},"end":{"line":218,"column":40}},{"start":{"line":218,"column":44},"end":{"line":218,"column":82}}]},"57":{"loc":{"start":{"line":224,"column":2},"end":{"line":230,"column":3}},"type":"if","locations":[{"start":{"line":224,"column":2},"end":{"line":230,"column":3}},{"start":{},"end":{}}]},"58":{"loc":{"start":{"line":226,"column":4},"end":{"line":229,"column":5}},"type":"if","locations":[{"start":{"line":226,"column":4},"end":{"line":229,"column":5}},{"start":{},"end":{}}]},"59":{"loc":{"start":{"line":232,"column":2},"end":{"line":238,"column":3}},"type":"if","locations":[{"start":{"line":232,"column":2},"end":{"line":238,"column":3}},{"start":{},"end":{}}]},"60":{"loc":{"start":{"line":234,"column":4},"end":{"line":237,"column":5}},"type":"if","locations":[{"start":{"line":234,"column":4},"end":{"line":237,"column":5}},{"start":{},"end":{}}]},"61":{"loc":{"start":{"line":240,"column":2},"end":{"line":245,"column":3}},"type":"if","locations":[{"start":{"line":240,"column":2},"end":{"line":245,"column":3}},{"start":{},"end":{}}]},"62":{"loc":{"start":{"line":241,"column":4},"end":{"line":244,"column":5}},"type":"if","locations":[{"start":{"line":241,"column":4},"end":{"line":244,"column":5}},{"start":{},"end":{}}]},"63":{"loc":{"start":{"line":247,"column":2},"end":{"line":252,"column":3}},"type":"if","locations":[{"start":{"line":247,"column":2},"end":{"line":252,"column":3}},{"start":{},"end":{}}]},"64":{"loc":{"start":{"line":248,"column":4},"end":{"line":251,"column":5}},"type":"if","locations":[{"start":{"line":248,"column":4},"end":{"line":251,"column":5}},{"start":{},"end":{}}]},"65":{"loc":{"start":{"line":254,"column":2},"end":{"line":260,"column":3}},"type":"if","locations":[{"start":{"line":254,"column":2},"end":{"line":260,"column":3}},{"start":{},"end":{}}]},"66":{"loc":{"start":{"line":256,"column":4},"end":{"line":259,"column":5}},"type":"if","locations":[{"start":{"line":256,"column":4},"end":{"line":259,"column":5}},{"start":{},"end":{}}]},"67":{"loc":{"start":{"line":256,"column":8},"end":{"line":256,"column":44}},"type":"binary-expr","locations":[{"start":{"line":256,"column":8},"end":{"line":256,"column":9}},{"start":{"line":256,"column":13},"end":{"line":256,"column":44}}]},"68":{"loc":{"start":{"line":262,"column":2},"end":{"line":268,"column":3}},"type":"if","locations":[{"start":{"line":262,"column":2},"end":{"line":268,"column":3}},{"start":{},"end":{}}]},"69":{"loc":{"start":{"line":264,"column":4},"end":{"line":267,"column":5}},"type":"if","locations":[{"start":{"line":264,"column":4},"end":{"line":267,"column":5}},{"start":{},"end":{}}]},"70":{"loc":{"start":{"line":264,"column":8},"end":{"line":264,"column":44}},"type":"binary-expr","locations":[{"start":{"line":264,"column":8},"end":{"line":264,"column":9}},{"start":{"line":264,"column":13},"end":{"line":264,"column":44}}]},"71":{"loc":{"start":{"line":270,"column":2},"end":{"line":275,"column":3}},"type":"if","locations":[{"start":{"line":270,"column":2},"end":{"line":275,"column":3}},{"start":{},"end":{}}]},"72":{"loc":{"start":{"line":271,"column":4},"end":{"line":274,"column":5}},"type":"if","locations":[{"start":{"line":271,"column":4},"end":{"line":274,"column":5}},{"start":{},"end":{}}]},"73":{"loc":{"start":{"line":277,"column":9},"end":{"line":277,"column":33}},"type":"cond-expr","locations":[{"start":{"line":277,"column":20},"end":{"line":277,"column":26}},{"start":{"line":277,"column":29},"end":{"line":277,"column":33}}]}},"s":{"0":2,"1":2,"2":2,"3":2,"4":2,"5":2,"6":2,"7":2,"8":2,"9":2,"10":2,"11":2,"12":2,"13":2,"14":2,"15":2,"16":2,"17":2,"18":2,"19":2,"20":2,"21":2,"22":2,"23":2,"24":2,"25":2,"26":2,"27":2,"28":2,"29":2,"30":2,"31":2,"32":8,"33":2,"34":6,"35":6,"36":5,"37":5,"38":2,"39":3,"40":1,"41":2,"42":3,"43":3,"44":1,"45":2,"46":1,"47":1,"48":4,"49":1,"50":3,"51":3,"52":2,"53":1,"54":5,"55":1,"56":4,"57":4,"58":3,"59":1,"60":4,"61":1,"62":3,"63":1,"64":2,"65":4,"66":1,"67":3,"68":1,"69":2,"70":4,"71":1,"72":3,"73":0,"74":3,"75":2,"76":1,"77":6,"78":2,"79":4,"80":2,"81":2,"82":10,"83":2,"84":8,"85":8,"86":8,"87":1,"88":7,"89":7,"90":2,"91":5,"92":5,"93":0,"94":5,"95":1,"96":4,"97":4,"98":3,"99":0,"100":3,"101":3,"102":3,"103":4,"104":4,"105":2,"106":1,"107":1,"108":3,"109":2,"110":0,"111":2,"112":1,"113":1,"114":2,"115":1,"116":0,"117":1,"118":2,"119":0,"120":0,"121":0,"122":2,"123":9,"124":2,"125":7,"126":7,"127":7,"128":7,"129":2,"130":2,"131":1,"132":1,"133":7,"134":1,"135":1,"136":1,"137":1,"138":7,"139":2,"140":1,"141":1,"142":7,"143":1,"144":1,"145":1,"146":1,"147":7,"148":0,"149":0,"150":0,"151":0,"152":7,"153":1,"154":1,"155":1,"156":7,"157":0,"158":0,"159":0,"160":7,"161":0,"162":0,"163":0,"164":0,"165":7,"166":0,"167":0,"168":0,"169":0,"170":7,"171":0,"172":0,"173":0,"174":7},"f":{"0":8,"1":5,"2":3,"3":4,"4":5,"5":4,"6":4,"7":4,"8":6,"9":10,"10":9},"b":{"0":[2,6],"1":[6,1],"2":[2,3],"3":[1,2],"4":[3,3],"5":[1,2],"6":[1,1],"7":[1,3],"8":[2,1],"9":[3,2],"10":[1,4],"11":[3,1],"12":[1,3],"13":[1,2],"14":[1,3],"15":[1,2],"16":[1,3],"17":[0,3],"18":[2,1],"19":[2,4],"20":[6,5],"21":[2,2],"22":[4,3],"23":[2,8],"24":[10,9],"25":[1,7],"26":[8,8],"27":[2,5],"28":[7,6],"29":[5,0],"30":[0,5],"31":[1,4],"32":[0,3],"33":[3,3,3,3],"34":[2,2],"35":[1,1],"36":[2,2],"37":[2,1],"38":[0,2],"39":[1,1],"40":[2,2],"41":[1,1],"42":[0,1],"43":[1,1],"44":[0,2],"45":[0,0],"46":[0,0],"47":[2,7],"48":[9,8],"49":[2,5],"50":[1,1],"51":[2,2,2],"52":[1,6],"53":[1,0],"54":[2,5],"55":[1,1],"56":[2,2],"57":[1,6],"58":[1,0],"59":[0,7],"60":[0,0],"61":[1,6],"62":[1,0],"63":[0,7],"64":[0,0],"65":[0,7],"66":[0,0],"67":[0,0],"68":[0,7],"69":[0,0],"70":[0,0],"71":[0,7],"72":[0,0],"73":[5,2]}}
,"/Users/roma/Desktop/things/projects/draw-battle/apps/server/src/words/words.service.ts": {"path":"/Users/roma/Desktop/things/projects/draw-battle/apps/server/src/words/words.service.ts","statementMap":{"0":{"start":{"line":1,"column":0},"end":{"line":1,"column":52}},"1":{"start":{"line":2,"column":0},"end":{"line":2,"column":47}},"2":{"start":{"line":3,"column":0},"end":{"line":3,"column":33}},"3":{"start":{"line":4,"column":0},"end":{"line":4,"column":81}},"4":{"start":{"line":5,"column":0},"end":{"line":5,"column":69}},"5":{"start":{"line":8,"column":25},"end":{"line":52,"column":null}},"6":{"start":{"line":9,"column":28},"end":{"line":9,"column":57}},"7":{"start":{"line":12,"column":40},"end":{"line":12,"column":55}},"8":{"start":{"line":13,"column":36},"end":{"line":13,"column":47}},"9":{"start":{"line":26,"column":21},"end":{"line":26,"column":77}},"10":{"start":{"line":27,"column":4},"end":{"line":30,"column":5}},"11":{"start":{"line":28,"column":6},"end":{"line":28,"column":62}},"12":{"start":{"line":29,"column":6},"end":{"line":29,"column":16}},"13":{"start":{"line":32,"column":43},"end":{"line":32,"column":83}},"14":{"start":{"line":33,"column":4},"end":{"line":35,"column":5}},"15":{"start":{"line":34,"column":6},"end":{"line":34,"column":33}},"16":{"start":{"line":37,"column":17},"end":{"line":41,"column":6}},"17":{"start":{"line":43,"column":4},"end":{"line":43,"column":16}},"18":{"start":{"line":50,"column":4},"end":{"line":50,"column":44}},"19":{"start":{"line":8,"column":13},"end":{"line":8,"column":25}},"20":{"start":{"line":8,"column":13},"end":{"line":52,"column":null}}},"fnMap":{"0":{"name":"(anonymous_4)","decl":{"start":{"line":11,"column":2},"end":{"line":11,"column":null}},"loc":{"start":{"line":13,"column":66},"end":{"line":14,"column":6}}},"1":{"name":"(anonymous_5)","decl":{"start":{"line":20,"column":2},"end":{"line":20,"column":7}},"loc":{"start":{"line":24,"column":19},"end":{"line":44,"column":3}}},"2":{"name":"(anonymous_6)","decl":{"start":{"line":49,"column":2},"end":{"line":49,"column":7}},"loc":{"start":{"line":49,"column":20},"end":{"line":51,"column":3}}}},"branchMap":{"0":{"loc":{"start":{"line":24,"column":4},"end":{"line":24,"column":19}},"type":"default-arg","locations":[{"start":{"line":24,"column":14},"end":{"line":24,"column":19}}]},"1":{"loc":{"start":{"line":27,"column":4},"end":{"line":30,"column":5}},"type":"if","locations":[{"start":{"line":27,"column":4},"end":{"line":30,"column":5}},{"start":{},"end":{}}]},"2":{"loc":{"start":{"line":33,"column":4},"end":{"line":35,"column":5}},"type":"if","locations":[{"start":{"line":33,"column":4},"end":{"line":35,"column":5}},{"start":{},"end":{}}]}},"s":{"0":3,"1":3,"2":3,"3":3,"4":3,"5":3,"6":6,"7":6,"8":6,"9":5,"10":5,"11":1,"12":1,"13":4,"14":4,"15":1,"16":4,"17":4,"18":1,"19":3,"20":3},"f":{"0":6,"1":5,"2":1},"b":{"0":[3],"1":[1,4],"2":[1,3]}}
}
