TN:
SF:src/auth/auth.controller.ts
FN:22,checkRateLimit
FN:35,recordAttempt
FN:41,clearAttempts
FN:47,(anonymous_7)
FN:51,(anonymous_8)
FN:73,(anonymous_9)
FN:92,(anonymous_10)
FN:102,(anonymous_11)
FN:116,(anonymous_12)
FNF:9
FNH:9
FNDA:15,checkRateLimit
FNDA:12,recordAttempt
FNDA:2,clearAttempts
FNDA:1,(anonymous_7)
FNDA:3,(anonymous_8)
FNDA:12,(anonymous_9)
FNDA:2,(anonymous_10)
FNDA:2,(anonymous_11)
FNDA:1,(anonymous_12)
DA:1,1
DA:13,1
DA:14,1
DA:18,1
DA:19,1
DA:20,1
DA:23,15
DA:24,15
DA:25,12
DA:26,0
DA:28,12
DA:29,1
DA:30,1
DA:36,12
DA:37,12
DA:38,12
DA:42,2
DA:46,1
DA:47,1
DA:51,1
DA:55,3
DA:56,3
DA:58,3
DA:59,3
DA:60,1
DA:61,1
DA:63,2
DA:64,2
DA:65,1
DA:67,1
DA:73,1
DA:77,12
DA:78,12
DA:80,11
DA:81,11
DA:82,1
DA:83,1
DA:85,10
DA:86,10
DA:92,1
DA:93,2
DA:94,2
DA:95,1
DA:97,1
DA:102,1
DA:106,2
DA:107,2
DA:108,1
DA:110,1
DA:116,1
DA:117,1
LF:51
LH:50
BRDA:24,0,0,12
BRDA:24,0,1,3
BRDA:25,1,0,0
BRDA:25,1,1,12
BRDA:28,2,0,1
BRDA:28,2,1,11
BRDA:36,3,0,12
BRDA:36,3,1,2
BRDA:55,4,0,3
BRDA:55,4,1,0
BRDA:55,4,2,0
BRDA:64,5,0,1
BRDA:64,5,1,1
BRDA:77,6,0,12
BRDA:77,6,1,0
BRDA:77,6,2,0
BRDA:94,7,0,1
BRDA:94,7,1,1
BRDA:107,8,0,1
BRDA:107,8,1,1
BRF:20
BRH:15
end_of_record
TN:
SF:src/auth/auth.service.ts
FN:18,(anonymous_13)
FN:25,(anonymous_14)
FN:38,(anonymous_15)
FN:102,(anonymous_16)
FN:136,(anonymous_17)
FN:150,(anonymous_18)
FN:156,(anonymous_19)
FN:169,(anonymous_20)
FN:184,(anonymous_21)
FN:192,(anonymous_22)
FN:201,(anonymous_23)
FN:262,(anonymous_24)
FNF:12
FNH:11
FNDA:29,(anonymous_13)
FNDA:11,(anonymous_14)
FNDA:383,(anonymous_15)
FNDA:6,(anonymous_16)
FNDA:4,(anonymous_17)
FNDA:3,(anonymous_18)
FNDA:4,(anonymous_19)
FNDA:205,(anonymous_20)
FNDA:1,(anonymous_21)
FNDA:5,(anonymous_22)
FNDA:0,(anonymous_23)
FNDA:9,(anonymous_24)
DA:1,3
DA:2,3
DA:3,3
DA:4,3
DA:5,3
DA:6,3
DA:7,3
DA:8,3
DA:11,3
DA:12,3
DA:15,3
DA:16,29
DA:20,29
DA:22,29
DA:27,11
DA:28,11
DA:29,2
DA:33,9
DA:34,2
DA:38,383
DA:43,7
DA:44,7
DA:49,7
DA:50,7
DA:51,2
DA:55,5
DA:56,5
DA:57,1
DA:61,4
DA:64,4
DA:70,4
DA:72,1
DA:73,1
DA:74,1
DA:75,1
DA:76,1
DA:77,1
DA:78,1
DA:79,1
DA:82,3
DA:94,4
DA:96,4
DA:103,6
DA:104,6
DA:105,1
DA:108,5
DA:109,1
DA:112,4
DA:113,4
DA:114,2
DA:117,2
DA:118,2
DA:119,1
DA:123,1
DA:124,0
DA:128,1
DA:130,1
DA:137,4
DA:139,3
DA:140,3
DA:142,2
DA:143,1
DA:144,1
DA:147,1
DA:151,3
DA:152,3
DA:153,1
DA:160,4
DA:161,4
DA:163,3
DA:164,2
DA:165,2
DA:167,3
DA:168,3
DA:169,205
DA:170,1
DA:173,3
DA:174,1
DA:175,1
DA:176,1
DA:180,3
DA:181,3
DA:185,1
DA:193,5
DA:194,5
DA:196,5
DA:198,5
DA:205,0
DA:206,0
DA:210,0
DA:212,0
DA:216,0
DA:219,0
DA:220,0
DA:221,0
DA:222,0
DA:223,0
DA:224,0
DA:225,0
DA:228,0
DA:229,0
DA:230,0
DA:232,0
DA:233,0
DA:236,0
DA:237,0
DA:238,0
DA:239,0
DA:240,0
DA:241,0
DA:244,0
DA:247,0
DA:248,0
DA:251,0
DA:254,0
DA:256,0
DA:258,0
DA:263,9
LF:118
LH:87
BRDA:28,0,0,2
BRDA:28,0,1,9
BRDA:28,1,0,11
BRDA:28,1,1,10
BRDA:33,2,0,2
BRDA:33,2,1,7
BRDA:33,3,0,9
BRDA:33,3,1,8
BRDA:33,3,2,7
BRDA:38,4,0,1
BRDA:38,4,1,6
BRDA:38,5,0,7
BRDA:38,5,1,2
BRDA:44,6,0,1
BRDA:44,6,1,6
BRDA:44,7,0,7
BRDA:44,7,1,2
BRDA:44,7,2,1
BRDA:50,8,0,2
BRDA:50,8,1,5
BRDA:50,9,0,7
BRDA:50,9,1,6
BRDA:50,9,2,6
BRDA:56,10,0,1
BRDA:56,10,1,4
BRDA:64,11,0,1
BRDA:64,11,1,3
BRDA:70,12,0,1
BRDA:70,12,1,3
BRDA:76,13,0,0
BRDA:76,13,1,1
BRDA:77,14,0,0
BRDA:77,14,1,1
BRDA:83,15,0,3
BRDA:83,15,1,3
BRDA:104,16,0,1
BRDA:104,16,1,5
BRDA:108,17,0,1
BRDA:108,17,1,4
BRDA:113,18,0,2
BRDA:113,18,1,2
BRDA:113,19,0,4
BRDA:113,19,1,3
BRDA:118,20,0,1
BRDA:118,20,1,1
BRDA:123,21,0,0
BRDA:123,21,1,1
BRDA:123,22,0,1
BRDA:123,22,1,0
BRDA:137,23,0,1
BRDA:137,23,1,3
BRDA:140,24,0,1
BRDA:140,24,1,2
BRDA:142,25,0,1
BRDA:142,25,1,1
BRDA:152,26,0,2
BRDA:152,26,1,1
BRDA:152,27,0,3
BRDA:152,27,1,2
BRDA:161,28,0,1
BRDA:161,28,1,3
BRDA:161,29,0,4
BRDA:161,29,1,3
BRDA:163,30,0,2
BRDA:163,30,1,1
BRDA:165,31,0,1
BRDA:165,31,1,1
BRDA:165,32,0,2
BRDA:165,32,1,1
BRDA:167,33,0,1
BRDA:167,33,1,2
BRDA:168,34,0,2
BRDA:168,34,1,1
BRDA:169,35,0,1
BRDA:169,35,1,1
BRDA:173,36,0,1
BRDA:173,36,1,2
BRDA:175,37,0,1
BRDA:175,37,1,0
BRDA:175,38,0,1
BRDA:175,38,1,1
BRDA:210,39,0,0
BRDA:210,39,1,0
BRDA:216,40,0,0
BRDA:216,40,1,0
BRDA:228,41,0,0
BRDA:228,41,1,0
BRDA:229,42,0,0
BRDA:229,42,1,0
BRDA:230,43,0,0
BRDA:230,43,1,0
BRDA:239,44,0,0
BRDA:239,44,1,0
BRDA:247,45,0,0
BRDA:247,45,1,0
BRDA:267,46,0,9
BRDA:267,46,1,5
BRDA:268,47,0,9
BRDA:268,47,1,6
BRF:99
BRH:80
end_of_record
TN:
SF:src/game/classic-mode.service.ts
FN:12,(anonymous_1)
FN:14,(anonymous_2)
FN:15,(anonymous_3)
FN:44,(anonymous_4)
FN:75,(anonymous_5)
FN:82,(anonymous_6)
FN:90,(anonymous_7)
FN:101,(anonymous_8)
FN:102,(anonymous_9)
FNF:9
FNH:9
FNDA:3,(anonymous_1)
FNDA:8,(anonymous_2)
FNDA:5,(anonymous_3)
FNDA:5,(anonymous_4)
FNDA:2,(anonymous_5)
FNDA:2,(anonymous_6)
FNDA:2,(anonymous_7)
FNDA:4,(anonymous_8)
FNDA:3,(anonymous_9)
DA:1,3
DA:5,3
DA:6,14
DA:13,3
DA:14,8
DA:15,5
DA:18,3
DA:19,2
DA:20,2
DA:23,3
DA:24,3
DA:25,3
DA:28,3
DA:29,8
DA:30,6
DA:31,6
DA:32,6
DA:35,3
DA:46,5
DA:47,1
DA:48,1
DA:49,1
DA:50,1
DA:55,5
DA:56,7
DA:57,7
DA:59,7
DA:60,7
DA:61,4
DA:62,4
DA:63,4
DA:64,4
DA:69,1
DA:76,2
DA:83,2
DA:91,2
DA:93,2
DA:94,4
DA:95,3
DA:96,3
DA:100,2
DA:101,4
DA:102,3
DA:104,2
DA:105,1
DA:106,1
DA:109,2
DA:110,2
LF:48
LH:48
BRDA:14,0,0,8
BRDA:14,0,1,7
BRDA:29,1,0,2
BRDA:29,1,1,6
BRDA:46,2,0,1
BRDA:46,2,1,4
BRDA:48,3,0,1
BRDA:48,3,1,0
BRDA:60,4,0,4
BRDA:60,4,1,3
BRDA:60,5,0,7
BRDA:60,5,1,7
BRDA:60,5,2,6
BRDA:94,6,0,1
BRDA:94,6,1,3
BRDA:101,7,0,4
BRDA:101,7,1,4
BRF:17
BRH:16
end_of_record
TN:
SF:src/game/drawing.service.ts
FN:10,(anonymous_2)
FN:17,(anonymous_3)
FN:60,(anonymous_4)
FN:83,(anonymous_5)
FN:127,(anonymous_6)
FN:166,(anonymous_7)
FNF:6
FNH:6
FNDA:12,(anonymous_2)
FNDA:5,(anonymous_3)
FNDA:4,(anonymous_4)
FNDA:4,(anonymous_5)
FNDA:3,(anonymous_6)
FNDA:9,(anonymous_7)
DA:1,2
DA:4,2
DA:7,2
DA:8,12
DA:10,12
DA:18,5
DA:19,5
DA:21,4
DA:22,1
DA:26,3
DA:27,3
DA:30,3
DA:33,3
DA:34,2
DA:37,1
DA:38,1
DA:40,1
DA:43,1
DA:44,4
DA:45,3
DA:48,3
DA:49,1
DA:51,2
DA:61,4
DA:62,4
DA:64,3
DA:65,1
DA:70,2
DA:71,2
DA:75,2
DA:76,2
DA:80,2
DA:82,2
DA:83,4
DA:87,0
DA:88,0
DA:92,0
DA:93,0
DA:99,2
DA:105,2
DA:106,2
DA:108,0
DA:109,0
DA:111,0
DA:112,0
DA:113,0
DA:115,0
DA:116,0
DA:118,0
DA:128,3
DA:129,3
DA:131,2
DA:132,1
DA:135,1
DA:137,1
DA:143,1
DA:144,1
DA:147,0
DA:148,0
DA:150,0
DA:151,0
DA:152,0
DA:154,0
DA:155,0
DA:157,0
DA:167,9
DA:168,8
DA:171,1
LF:68
LH:48
BRDA:19,0,0,1
BRDA:19,0,1,4
BRDA:21,1,0,1
BRDA:21,1,1,3
BRDA:33,2,0,2
BRDA:33,2,1,1
BRDA:38,3,0,0
BRDA:38,3,1,1
BRDA:38,4,0,1
BRDA:38,4,1,1
BRDA:44,5,0,1
BRDA:44,5,1,3
BRDA:45,6,0,0
BRDA:45,6,1,3
BRDA:48,7,0,1
BRDA:48,7,1,2
BRDA:48,8,0,3
BRDA:48,8,1,3
BRDA:62,9,0,1
BRDA:62,9,1,3
BRDA:64,10,0,1
BRDA:64,10,1,2
BRDA:71,11,0,2
BRDA:71,11,1,0
BRDA:72,12,0,2
BRDA:72,12,1,2
BRDA:80,13,0,2
BRDA:80,13,1,0
BRDA:88,14,0,0
BRDA:88,14,1,0
BRDA:89,15,0,0
BRDA:89,15,1,0
BRDA:105,16,0,2
BRDA:105,16,1,0
BRDA:109,17,0,0
BRDA:109,17,1,0
BRDA:109,18,0,0
BRDA:109,18,1,0
BRDA:112,19,0,0
BRDA:112,19,1,0
BRDA:113,20,0,0
BRDA:113,20,1,0
BRDA:115,21,0,0
BRDA:115,21,1,0
BRDA:115,22,0,0
BRDA:115,22,1,0
BRDA:129,23,0,1
BRDA:129,23,1,2
BRDA:131,24,0,1
BRDA:131,24,1,1
BRDA:143,25,0,1
BRDA:143,25,1,0
BRDA:148,26,0,0
BRDA:148,26,1,0
BRDA:148,27,0,0
BRDA:148,27,1,0
BRDA:151,28,0,0
BRDA:151,28,1,0
BRDA:152,29,0,0
BRDA:152,29,1,0
BRDA:154,30,0,0
BRDA:154,30,1,0
BRDA:154,31,0,0
BRDA:154,31,1,0
BRDA:167,32,0,8
BRDA:167,32,1,1
BRDA:171,33,0,1
BRDA:171,33,1,0
BRF:68
BRH:33
end_of_record
TN:
SF:src/game/friend.service.ts
FN:15,(anonymous_4)
FN:23,(anonymous_5)
FN:27,(anonymous_6)
FN:39,(anonymous_7)
FN:44,(anonymous_8)
FN:54,(anonymous_9)
FN:57,(anonymous_10)
FN:62,(anonymous_11)
FN:67,(anonymous_12)
FN:73,(anonymous_13)
FN:104,(anonymous_14)
FN:169,(anonymous_15)
FN:192,(anonymous_16)
FN:197,(anonymous_17)
FN:214,(anonymous_18)
FN:216,(anonymous_19)
FN:230,(anonymous_20)
FN:231,(anonymous_21)
FNF:18
FNH:18
FNDA:24,(anonymous_4)
FNDA:12,(anonymous_5)
FNDA:10,(anonymous_6)
FNDA:3,(anonymous_7)
FNDA:2,(anonymous_8)
FNDA:2,(anonymous_9)
FNDA:1,(anonymous_10)
FNDA:2,(anonymous_11)
FNDA:9,(anonymous_12)
FNDA:3,(anonymous_13)
FNDA:6,(anonymous_14)
FNDA:5,(anonymous_15)
FNDA:1,(anonymous_16)
FNDA:2,(anonymous_17)
FNDA:4,(anonymous_18)
FNDA:3,(anonymous_19)
FNDA:2,(anonymous_20)
FNDA:1,(anonymous_21)
DA:1,2
DA:2,2
DA:3,2
DA:4,2
DA:5,2
DA:6,2
DA:7,2
DA:8,2
DA:12,2
DA:13,24
DA:16,24
DA:17,24
DA:18,24
DA:19,24
DA:20,24
DA:24,12
DA:28,10
DA:29,10
DA:40,3
DA:44,3
DA:45,2
DA:48,3
DA:50,2
DA:54,2
DA:58,1
DA:62,1
DA:63,2
DA:68,9
DA:69,9
DA:70,9
DA:74,3
DA:75,3
DA:80,3
DA:82,3
DA:83,3
DA:84,3
DA:91,3
DA:101,3
DA:108,6
DA:109,1
DA:113,5
DA:118,5
DA:119,4
DA:122,3
DA:123,1
DA:127,2
DA:133,2
DA:134,1
DA:135,1
DA:137,1
DA:138,1
DA:140,1
DA:148,1
DA:152,1
DA:158,1
DA:166,1
DA:174,5
DA:175,5
DA:176,4
DA:177,3
DA:178,1
DA:181,2
DA:182,2
DA:184,2
DA:185,1
DA:186,1
DA:189,2
DA:193,1
DA:194,1
DA:198,2
DA:204,2
DA:205,2
DA:206,3
DA:207,3
DA:210,2
DA:214,4
DA:216,2
DA:217,3
DA:218,3
DA:219,3
DA:220,2
DA:229,2
DA:230,2
DA:231,1
LF:84
LH:84
BRDA:24,0,0,10
BRDA:24,0,1,2
BRDA:28,1,0,10
BRDA:28,1,1,10
BRDA:31,2,0,10
BRDA:31,2,1,0
BRDA:45,3,0,1
BRDA:45,3,1,1
BRDA:48,4,0,1
BRDA:48,4,1,2
BRDA:63,5,0,2
BRDA:63,5,1,0
BRDA:93,6,0,3
BRDA:93,6,1,0
BRDA:108,7,0,1
BRDA:108,7,1,5
BRDA:118,8,0,1
BRDA:118,8,1,4
BRDA:119,9,0,1
BRDA:119,9,1,3
BRDA:122,10,0,1
BRDA:122,10,1,2
BRDA:133,11,0,1
BRDA:133,11,1,1
BRDA:145,12,0,1
BRDA:145,12,1,0
BRDA:175,13,0,1
BRDA:175,13,1,4
BRDA:176,14,0,1
BRDA:176,14,1,3
BRDA:177,15,0,1
BRDA:177,15,1,2
BRDA:181,16,0,1
BRDA:181,16,1,1
BRDA:184,17,0,1
BRDA:184,17,1,1
BRDA:219,18,0,1
BRDA:219,18,1,2
BRDA:219,19,0,3
BRDA:219,19,1,2
BRDA:225,20,0,2
BRDA:225,20,1,0
BRF:42
BRH:37
end_of_record
TN:
SF:src/game/friends.controller.ts
FN:22,(anonymous_4)
FN:28,(anonymous_5)
FN:32,(anonymous_6)
FN:41,(anonymous_7)
FN:59,(anonymous_8)
FN:66,(anonymous_9)
FN:74,(anonymous_10)
FN:119,(anonymous_11)
FN:159,(anonymous_12)
FNF:9
FNH:9
FNDA:1,(anonymous_4)
FNDA:14,(anonymous_5)
FNDA:14,(anonymous_6)
FNDA:4,(anonymous_7)
FNDA:1,(anonymous_8)
FNDA:1,(anonymous_9)
FNDA:5,(anonymous_10)
FNDA:4,(anonymous_11)
FNDA:2,(anonymous_12)
DA:1,1
DA:15,1
DA:16,1
DA:17,1
DA:18,1
DA:21,1
DA:23,1
DA:24,1
DA:25,1
DA:29,14
DA:33,14
DA:34,14
DA:35,14
DA:41,1
DA:45,4
DA:46,2
DA:49,2
DA:50,2
DA:51,1
DA:53,1
DA:59,1
DA:60,1
DA:61,1
DA:66,1
DA:67,1
DA:68,1
DA:74,1
DA:78,5
DA:79,5
DA:80,1
DA:83,4
DA:84,4
DA:89,3
DA:91,1
DA:95,1
DA:99,1
DA:103,1
DA:104,1
DA:107,2
DA:110,3
DA:112,1
DA:119,1
DA:123,4
DA:124,4
DA:125,2
DA:128,2
DA:129,2
DA:135,2
DA:138,2
DA:139,2
DA:141,2
DA:142,1
DA:146,1
DA:147,1
DA:150,2
DA:152,0
DA:159,1
DA:163,2
DA:164,2
DA:165,1
DA:168,1
DA:169,1
DA:172,1
DA:173,1
DA:175,1
DA:177,0
LF:66
LH:64
BRDA:45,0,0,2
BRDA:45,0,1,2
BRDA:45,1,0,4
BRDA:45,1,1,3
BRDA:45,1,2,2
BRDA:79,2,0,1
BRDA:79,2,1,4
BRDA:89,3,0,1
BRDA:89,3,1,2
BRDA:124,4,0,2
BRDA:124,4,1,2
BRDA:124,5,0,4
BRDA:124,5,1,3
BRDA:135,6,0,1
BRDA:135,6,1,1
BRDA:141,7,0,1
BRDA:141,7,1,1
BRDA:164,8,0,1
BRDA:164,8,1,1
BRF:19
BRH:19
end_of_record
TN:
SF:src/game/online-tracker.service.ts
FN:9,(anonymous_1)
FN:21,(anonymous_2)
FN:32,(anonymous_3)
FN:37,(anonymous_4)
FNF:4
FNH:4
FNDA:12,(anonymous_1)
FNDA:5,(anonymous_2)
FNDA:3,(anonymous_3)
FNDA:3,(anonymous_4)
DA:1,3
DA:4,3
DA:6,11
DA:10,12
DA:11,12
DA:12,8
DA:13,8
DA:15,12
DA:16,12
DA:17,12
DA:22,5
DA:23,5
DA:24,4
DA:25,4
DA:26,2
DA:27,2
DA:29,2
DA:33,3
DA:34,3
DA:38,3
LF:20
LH:20
BRDA:11,0,0,8
BRDA:11,0,1,4
BRDA:23,1,0,1
BRDA:23,1,1,4
BRDA:25,2,0,2
BRDA:25,2,1,2
BRDA:34,3,0,3
BRDA:34,3,1,1
BRDA:38,4,0,3
BRDA:38,4,1,1
BRF:10
BRH:10
end_of_record
TN:
SF:src/game/profile.service.ts
FN:12,(anonymous_4)
FN:21,(anonymous_5)
FN:37,(anonymous_6)
FN:70,(anonymous_7)
FN:103,(anonymous_8)
FN:184,(anonymous_9)
FN:204,(anonymous_10)
FN:240,(anonymous_11)
FN:254,(anonymous_12)
FNF:9
FNH:9
FNDA:16,(anonymous_4)
FNDA:7,(anonymous_5)
FNDA:11,(anonymous_6)
FNDA:9,(anonymous_7)
FNDA:7,(anonymous_8)
FNDA:2,(anonymous_9)
FNDA:7,(anonymous_10)
FNDA:1,(anonymous_11)
FNDA:14,(anonymous_12)
DA:1,3
DA:2,3
DA:3,3
DA:4,3
DA:6,3
DA:9,3
DA:10,16
DA:14,16
DA:26,7
DA:27,7
DA:31,7
DA:32,7
DA:34,7
DA:35,10
DA:37,11
DA:38,9
DA:41,9
DA:46,9
DA:47,1
DA:49,8
DA:50,7
DA:53,8
DA:63,6
DA:64,6
DA:67,6
DA:68,9
DA:70,9
DA:71,7
DA:74,7
DA:78,7
DA:81,7
DA:83,7
DA:97,6
DA:99,1
DA:116,7
DA:118,7
DA:119,1
DA:137,7
DA:138,6
DA:139,6
DA:140,6
DA:144,7
DA:145,7
DA:146,7
DA:147,7
DA:148,7
DA:149,7
DA:150,7
DA:151,7
DA:153,7
DA:154,4
DA:158,7
DA:159,7
DA:163,7
DA:164,7
DA:165,5
DA:167,7
DA:170,7
DA:171,7
DA:172,7
DA:173,4
DA:174,2
DA:175,2
DA:178,7
DA:180,7
DA:181,7
DA:185,2
DA:186,2
DA:188,1
DA:209,7
DA:214,7
DA:215,1
DA:216,1
DA:217,6
DA:218,2
DA:219,1
DA:220,1
DA:221,4
DA:222,2
DA:223,2
DA:224,1
DA:225,1
DA:227,2
DA:228,2
DA:232,5
DA:234,5
DA:240,5
DA:255,14
DA:256,14
DA:257,14
DA:258,14
DA:259,14
DA:260,14
DA:261,14
LF:94
LH:94
BRDA:35,0,0,1
BRDA:35,0,1,9
BRDA:38,1,0,0
BRDA:38,1,1,9
BRDA:41,2,0,9
BRDA:41,2,1,0
BRDA:46,3,0,1
BRDA:46,3,1,8
BRDA:50,4,0,7
BRDA:50,4,1,1
BRDA:57,5,0,8
BRDA:57,5,1,0
BRDA:68,6,0,2
BRDA:68,6,1,7
BRDA:68,7,0,9
BRDA:68,7,1,8
BRDA:71,8,0,0
BRDA:71,8,1,7
BRDA:74,9,0,7
BRDA:74,9,1,0
BRDA:78,10,0,7
BRDA:78,10,1,5
BRDA:81,11,0,0
BRDA:81,11,1,7
BRDA:118,12,0,1
BRDA:118,12,1,6
BRDA:137,13,0,6
BRDA:137,13,1,1
BRDA:153,14,0,4
BRDA:153,14,1,3
BRDA:158,15,0,7
BRDA:158,15,1,0
BRDA:163,16,0,7
BRDA:163,16,1,0
BRDA:165,17,0,5
BRDA:165,17,1,4
BRDA:173,18,0,2
BRDA:173,18,1,2
BRDA:186,19,0,1
BRDA:186,19,1,1
BRDA:195,20,0,1
BRDA:195,20,1,0
BRDA:207,21,0,7
BRDA:214,22,0,1
BRDA:214,22,1,6
BRDA:217,23,0,2
BRDA:217,23,1,4
BRDA:218,24,0,1
BRDA:218,24,1,1
BRDA:221,25,0,2
BRDA:221,25,1,2
BRDA:222,26,0,2
BRDA:222,26,1,0
BRDA:223,27,0,1
BRDA:223,27,1,1
BRDA:223,28,0,2
BRDA:223,28,1,1
BRDA:245,29,0,0
BRDA:245,29,1,1
BRDA:246,30,0,1
BRDA:246,30,1,0
BRDA:248,31,0,0
BRDA:248,31,1,1
BRDA:257,32,0,0
BRDA:257,32,1,14
BRF:65
BRH:51
end_of_record
TN:
SF:src/game/team-mode.service.ts
FN:19,(anonymous_1)
FN:61,(anonymous_2)
FN:127,(anonymous_3)
FN:141,(anonymous_4)
FN:153,(anonymous_5)
FN:160,(anonymous_6)
FN:190,(anonymous_7)
FN:216,(anonymous_8)
FN:226,(anonymous_9)
FNF:9
FNH:9
FNDA:12,(anonymous_1)
FNDA:11,(anonymous_2)
FNDA:2,(anonymous_3)
FNDA:2,(anonymous_4)
FNDA:2,(anonymous_5)
FNDA:2,(anonymous_6)
FNDA:12,(anonymous_7)
FNDA:1,(anonymous_8)
FNDA:29,(anonymous_9)
DA:1,3
DA:3,3
DA:6,3
DA:7,16
DA:10,16
DA:11,16
DA:12,16
DA:13,16
DA:20,12
DA:22,12
DA:23,12
DA:25,12
DA:26,34
DA:27,31
DA:28,31
DA:29,31
DA:31,31
DA:32,15
DA:34,16
DA:39,12
DA:40,12
DA:42,12
DA:43,12
DA:44,12
DA:45,12
DA:47,12
DA:48,12
DA:49,12
DA:50,12
DA:52,12
DA:63,11
DA:64,3
DA:65,3
DA:66,3
DA:67,3
DA:70,11
DA:71,3
DA:72,3
DA:73,3
DA:74,3
DA:78,11
DA:79,11
DA:80,11
DA:81,11
DA:84,11
DA:85,11
DA:86,8
DA:87,8
DA:88,8
DA:89,8
DA:90,8
DA:93,11
DA:96,11
DA:97,11
DA:98,9
DA:99,9
DA:100,9
DA:101,9
DA:102,9
DA:105,11
DA:108,11
DA:109,3
DA:113,8
DA:114,8
DA:115,8
DA:116,8
DA:118,8
DA:119,8
DA:121,8
DA:128,2
DA:130,1
DA:142,2
DA:143,2
DA:144,2
DA:145,2
DA:147,2
DA:154,2
DA:161,2
DA:163,2
DA:164,5
DA:165,4
DA:166,4
DA:169,2
DA:170,2
DA:172,2
DA:173,5
DA:174,4
DA:175,2
DA:178,2
DA:179,2
DA:181,2
DA:182,2
DA:183,2
DA:184,2
DA:191,12
DA:193,12
DA:194,34
DA:195,4
DA:199,12
DA:202,1
DA:204,1
DA:205,1
DA:206,4
DA:207,4
DA:210,1
DA:217,1
DA:218,1
DA:219,1
DA:220,1
DA:227,29
DA:228,10
DA:229,10
LF:112
LH:112
BRDA:26,0,0,3
BRDA:26,0,1,31
BRDA:26,1,0,34
BRDA:26,1,1,33
BRDA:31,2,0,15
BRDA:31,2,1,16
BRDA:63,3,0,3
BRDA:63,3,1,8
BRDA:65,4,0,3
BRDA:65,4,1,0
BRDA:70,5,0,3
BRDA:70,5,1,8
BRDA:72,6,0,3
BRDA:72,6,1,0
BRDA:78,7,0,11
BRDA:78,7,1,1
BRDA:79,8,0,11
BRDA:79,8,1,1
BRDA:80,9,0,11
BRDA:80,9,1,8
BRDA:81,10,0,11
BRDA:81,10,1,8
BRDA:88,11,0,8
BRDA:88,11,1,0
BRDA:88,12,0,8
BRDA:88,12,1,8
BRDA:88,12,2,8
BRDA:100,13,0,9
BRDA:100,13,1,0
BRDA:100,14,0,9
BRDA:100,14,1,9
BRDA:100,14,2,9
BRDA:108,15,0,3
BRDA:108,15,1,8
BRDA:108,16,0,11
BRDA:108,16,1,8
BRDA:128,17,0,1
BRDA:128,17,1,1
BRDA:142,18,0,2
BRDA:142,18,1,0
BRDA:143,19,0,2
BRDA:143,19,1,0
BRDA:144,20,0,2
BRDA:144,20,1,1
BRDA:145,21,0,2
BRDA:145,21,1,1
BRDA:147,22,0,2
BRDA:147,22,1,1
BRDA:164,23,0,1
BRDA:164,23,1,4
BRDA:173,24,0,1
BRDA:173,24,1,4
BRDA:173,25,0,5
BRDA:173,25,1,5
BRDA:174,26,0,2
BRDA:174,26,1,2
BRDA:194,27,0,4
BRDA:194,27,1,30
BRDA:194,28,0,34
BRDA:194,28,1,4
BRDA:199,29,0,11
BRDA:199,29,1,1
BRDA:207,30,0,2
BRDA:207,30,1,2
BRF:64
BRH:58
end_of_record
TN:
SF:src/game/bot/bot-player.ts
FN:48,createBotPlayer
FN:63,(anonymous_1)
FN:99,removeBotState
FN:103,clearRoomBotNames
FN:107,isBot
FN:111,isBotId
FNF:6
FNH:6
FNDA:32,createBotPlayer
FNDA:320,(anonymous_1)
FNDA:1,removeBotState
FNDA:23,clearRoomBotNames
FNDA:2,isBot
FNDA:6,isBotId
DA:2,3
DA:4,3
DA:17,3
DA:26,3
DA:28,3
DA:46,3
DA:48,3
DA:54,32
DA:55,32
DA:59,32
DA:63,320
DA:64,32
DA:68,32
DA:69,32
DA:70,32
DA:73,32
DA:76,32
DA:83,32
DA:99,3
DA:100,1
DA:103,3
DA:104,23
DA:107,3
DA:108,2
DA:111,3
DA:112,6
LF:26
LH:26
BRDA:55,0,0,32
BRDA:55,0,1,31
BRDA:59,1,0,32
BRDA:59,1,1,0
BRDA:60,2,0,32
BRDA:60,2,1,11
BRDA:64,3,0,30
BRDA:64,3,1,2
BRDA:68,4,0,32
BRDA:68,4,1,0
BRDA:88,5,0,32
BRDA:88,5,1,31
BRF:12
BRH:10
end_of_record
TN:
SF:src/game/utils/elo.ts
FN:26,expectedScore
FN:38,calculateEloChange
FN:74,calculateGameElo
FN:87,(anonymous_3)
FN:104,(anonymous_4)
FN:106,(anonymous_5)
FNF:6
FNH:6
FNDA:19,expectedScore
FNDA:19,calculateEloChange
FNDA:12,calculateGameElo
FNDA:14,(anonymous_3)
FNDA:23,(anonymous_4)
FNDA:13,(anonymous_5)
DA:15,4
DA:16,4
DA:19,4
DA:20,4
DA:21,4
DA:27,19
DA:38,4
DA:44,19
DA:45,19
DA:48,19
DA:50,17
DA:53,2
DA:57,19
DA:59,19
DA:60,19
DA:63,19
DA:74,4
DA:77,12
DA:79,12
DA:81,5
DA:82,5
DA:84,5
DA:87,14
DA:89,7
DA:90,15
DA:91,4
DA:92,4
DA:96,11
DA:97,1
DA:98,1
DA:101,10
DA:104,23
DA:106,13
DA:108,10
DA:115,10
DA:118,7
DA:121,4
LF:37
LH:37
BRDA:42,0,0,8
BRDA:45,1,0,11
BRDA:45,1,1,8
BRDA:48,2,0,17
BRDA:48,2,1,2
BRDA:50,3,0,10
BRDA:50,3,1,7
BRDA:79,4,0,5
BRDA:79,4,1,7
BRDA:90,5,0,4
BRDA:90,5,1,11
BRDA:96,6,0,1
BRDA:96,6,1,10
BRDA:96,7,0,11
BRDA:96,7,1,4
BRDA:101,8,0,3
BRDA:101,8,1,7
BRF:17
BRH:17
end_of_record
TN:
SF:src/game/utils/hints.ts
FN:9,generateHint
FN:12,(anonymous_1)
FN:23,revealLetter
FN:94,(anonymous_3)
FNF:4
FNH:4
FNDA:12,generateHint
FNDA:34,(anonymous_1)
FNDA:11,revealLetter
FNDA:26,(anonymous_3)
DA:9,3
DA:10,12
DA:12,34
DA:23,3
DA:25,11
DA:26,11
DA:30,11
DA:31,28
DA:32,0
DA:34,28
DA:39,11
DA:42,11
DA:43,11
DA:44,28
DA:48,0
DA:49,0
DA:52,28
DA:53,21
DA:55,28
DA:58,11
DA:59,1
DA:64,10
DA:67,10
DA:68,10
DA:70,10
DA:71,26
DA:72,0
DA:73,0
DA:76,26
DA:77,10
DA:81,16
DA:82,16
DA:83,5
DA:85,11
DA:88,26
DA:93,10
DA:94,26
LF:37
LH:32
BRDA:12,0,0,1
BRDA:12,0,1,33
BRDA:31,1,0,0
BRDA:31,1,1,28
BRDA:44,2,0,0
BRDA:44,2,1,28
BRDA:52,3,0,21
BRDA:52,3,1,7
BRDA:52,4,0,28
BRDA:52,4,1,28
BRDA:58,5,0,1
BRDA:58,5,1,10
BRDA:71,6,0,0
BRDA:71,6,1,26
BRDA:76,7,0,10
BRDA:76,7,1,16
BRDA:82,8,0,5
BRDA:82,8,1,11
BRDA:82,9,0,16
BRDA:82,9,1,16
BRDA:94,10,0,0
BRDA:94,10,1,26
BRF:22
BRH:18
end_of_record
TN:
SF:src/game/utils/levenshtein.ts
FN:5,levenshteinDistance
FNF:1
FNH:1
FNDA:14,levenshteinDistance
DA:5,3
DA:6,14
DA:7,14
DA:9,14
DA:10,12
DA:15,11
DA:16,11
DA:17,11
DA:19,11
DA:20,11
DA:21,58
DA:24,11
DA:25,60
DA:26,60
DA:28,60
DA:29,283
DA:30,283
DA:37,60
DA:40,11
LF:19
LH:19
BRDA:9,0,0,2
BRDA:9,0,1,12
BRDA:10,1,0,1
BRDA:10,1,1,11
BRDA:15,2,0,7
BRDA:15,2,1,4
BRDA:29,3,0,50
BRDA:29,3,1,233
BRF:8
BRH:8
end_of_record
TN:
SF:src/game/utils/scoring.ts
FN:12,calculateGuessScore
FN:40,calculateDrawerScore
FNF:2
FNH:2
FNDA:8,calculateGuessScore
FNDA:8,calculateDrawerScore
DA:12,3
DA:19,8
DA:20,4
DA:21,4
DA:22,2
DA:24,2
DA:27,8
DA:28,8
DA:30,8
DA:40,3
DA:45,8
DA:46,6
LF:12
LH:12
BRDA:19,0,0,4
BRDA:19,0,1,4
BRDA:21,1,0,2
BRDA:21,1,1,2
BRDA:45,2,0,2
BRDA:45,2,1,6
BRF:6
BRH:6
end_of_record
TN:
SF:src/game/utils/validation.ts
FN:42,sanitizeString
FN:53,validateNickname
FN:60,validateAvatar
FN:67,validateChatMessage
FN:74,validateRoomCode
FN:81,validateGameMode
FN:87,validateTeam
FN:93,validatePersistentId
FN:100,validateWordIndex
FN:110,validateDrawAction
FN:195,validateSettings
FNF:11
FNH:11
FNDA:8,sanitizeString
FNDA:5,validateNickname
FNDA:3,validateAvatar
FNDA:4,validateChatMessage
FNDA:5,validateRoomCode
FNDA:4,validateGameMode
FNDA:4,validateTeam
FNDA:4,validatePersistentId
FNDA:6,validateWordIndex
FNDA:10,validateDrawAction
FNDA:9,validateSettings
DA:14,2
DA:15,2
DA:16,2
DA:17,2
DA:18,2
DA:19,2
DA:20,2
DA:21,2
DA:22,2
DA:23,2
DA:24,2
DA:25,2
DA:26,2
DA:27,2
DA:28,2
DA:29,2
DA:30,2
DA:31,2
DA:32,2
DA:33,2
DA:34,2
DA:35,2
DA:43,8
DA:45,6
DA:46,6
DA:53,2
DA:54,5
DA:55,5
DA:56,3
DA:57,2
DA:60,2
DA:61,3
DA:62,3
DA:63,2
DA:64,1
DA:67,2
DA:68,4
DA:69,3
DA:70,3
DA:71,1
DA:74,2
DA:75,5
DA:76,4
DA:77,4
DA:78,1
DA:81,2
DA:82,4
DA:83,3
DA:84,2
DA:87,2
DA:88,4
DA:89,3
DA:90,2
DA:93,2
DA:94,4
DA:95,3
DA:96,3
DA:97,1
DA:100,2
DA:101,6
DA:102,4
DA:103,2
DA:110,2
DA:111,10
DA:112,8
DA:115,8
DA:116,8
DA:117,1
DA:120,7
DA:127,7
DA:128,2
DA:132,5
DA:133,5
DA:134,5
DA:135,4
DA:136,4
DA:137,3
DA:143,0
DA:146,3
DA:147,3
DA:148,3
DA:150,4
DA:154,4
DA:155,2
DA:156,1
DA:158,1
DA:162,3
DA:163,2
DA:164,2
DA:165,1
DA:169,2
DA:170,1
DA:174,0
DA:176,1
DA:180,2
DA:181,0
DA:182,0
DA:184,0
DA:187,2
DA:195,2
DA:196,9
DA:197,7
DA:198,7
DA:199,7
DA:201,7
DA:202,2
DA:203,2
DA:204,1
DA:205,1
DA:209,7
DA:210,1
DA:211,1
DA:212,1
DA:213,1
DA:217,7
DA:218,2
DA:219,1
DA:220,1
DA:224,7
DA:225,1
DA:226,1
DA:227,1
DA:228,1
DA:232,7
DA:233,0
DA:234,0
DA:235,0
DA:236,0
DA:240,7
DA:241,1
DA:242,1
DA:243,1
DA:247,7
DA:248,0
DA:249,0
DA:250,0
DA:254,7
DA:255,0
DA:256,0
DA:257,0
DA:258,0
DA:262,7
DA:263,0
DA:264,0
DA:265,0
DA:266,0
DA:270,7
DA:271,0
DA:272,0
DA:273,0
DA:277,7
LF:151
LH:128
BRDA:43,0,0,2
BRDA:43,0,1,6
BRDA:46,1,0,6
BRDA:46,1,1,1
BRDA:55,2,0,2
BRDA:55,2,1,3
BRDA:56,3,0,1
BRDA:56,3,1,2
BRDA:56,4,0,3
BRDA:56,4,1,3
BRDA:62,5,0,1
BRDA:62,5,1,2
BRDA:63,6,0,1
BRDA:63,6,1,1
BRDA:68,7,0,1
BRDA:68,7,1,3
BRDA:70,8,0,2
BRDA:70,8,1,1
BRDA:70,9,0,3
BRDA:70,9,1,2
BRDA:75,10,0,1
BRDA:75,10,1,4
BRDA:77,11,0,3
BRDA:77,11,1,1
BRDA:82,12,0,1
BRDA:82,12,1,3
BRDA:83,13,0,1
BRDA:83,13,1,2
BRDA:88,14,0,1
BRDA:88,14,1,3
BRDA:89,15,0,1
BRDA:89,15,1,2
BRDA:94,16,0,1
BRDA:94,16,1,3
BRDA:95,17,0,0
BRDA:95,17,1,3
BRDA:96,18,0,2
BRDA:96,18,1,1
BRDA:101,19,0,2
BRDA:101,19,1,4
BRDA:101,20,0,6
BRDA:101,20,1,5
BRDA:102,21,0,2
BRDA:102,21,1,2
BRDA:102,22,0,4
BRDA:102,22,1,3
BRDA:111,23,0,2
BRDA:111,23,1,8
BRDA:111,24,0,10
BRDA:111,24,1,9
BRDA:116,25,0,1
BRDA:116,25,1,7
BRDA:116,26,0,8
BRDA:116,26,1,8
BRDA:127,27,0,2
BRDA:127,27,1,5
BRDA:127,28,0,7
BRDA:127,28,1,6
BRDA:132,29,0,5
BRDA:132,29,1,0
BRDA:133,30,0,0
BRDA:133,30,1,5
BRDA:134,31,0,1
BRDA:134,31,1,4
BRDA:137,32,0,0
BRDA:137,32,1,3
BRDA:138,33,0,3
BRDA:138,33,1,3
BRDA:138,33,2,3
BRDA:138,33,3,3
BRDA:154,34,0,2
BRDA:154,34,1,2
BRDA:155,35,0,1
BRDA:155,35,1,1
BRDA:155,36,0,2
BRDA:155,36,1,2
BRDA:162,37,0,2
BRDA:162,37,1,1
BRDA:163,38,0,0
BRDA:163,38,1,2
BRDA:164,39,0,1
BRDA:164,39,1,1
BRDA:164,40,0,2
BRDA:164,40,1,2
BRDA:169,41,0,1
BRDA:169,41,1,1
BRDA:170,42,0,0
BRDA:170,42,1,1
BRDA:171,43,0,1
BRDA:171,43,1,1
BRDA:180,44,0,0
BRDA:180,44,1,2
BRDA:181,45,0,0
BRDA:181,45,1,0
BRDA:181,46,0,0
BRDA:181,46,1,0
BRDA:196,47,0,2
BRDA:196,47,1,7
BRDA:196,48,0,9
BRDA:196,48,1,8
BRDA:201,49,0,2
BRDA:201,49,1,5
BRDA:203,50,0,1
BRDA:203,50,1,1
BRDA:203,51,0,2
BRDA:203,51,1,2
BRDA:203,51,2,2
BRDA:209,52,0,1
BRDA:209,52,1,6
BRDA:211,53,0,1
BRDA:211,53,1,0
BRDA:217,54,0,2
BRDA:217,54,1,5
BRDA:218,55,0,1
BRDA:218,55,1,1
BRDA:218,56,0,2
BRDA:218,56,1,2
BRDA:224,57,0,1
BRDA:224,57,1,6
BRDA:226,58,0,1
BRDA:226,58,1,0
BRDA:232,59,0,0
BRDA:232,59,1,7
BRDA:234,60,0,0
BRDA:234,60,1,0
BRDA:240,61,0,1
BRDA:240,61,1,6
BRDA:241,62,0,1
BRDA:241,62,1,0
BRDA:247,63,0,0
BRDA:247,63,1,7
BRDA:248,64,0,0
BRDA:248,64,1,0
BRDA:254,65,0,0
BRDA:254,65,1,7
BRDA:256,66,0,0
BRDA:256,66,1,0
BRDA:256,67,0,0
BRDA:256,67,1,0
BRDA:262,68,0,0
BRDA:262,68,1,7
BRDA:264,69,0,0
BRDA:264,69,1,0
BRDA:264,70,0,0
BRDA:264,70,1,0
BRDA:270,71,0,0
BRDA:270,71,1,7
BRDA:271,72,0,0
BRDA:271,72,1,0
BRDA:277,73,0,5
BRDA:277,73,1,2
BRF:151
BRH:118
end_of_record
TN:
SF:src/words/words.service.ts
FN:11,(anonymous_4)
FN:20,(anonymous_5)
FN:49,(anonymous_6)
FNF:3
FNH:3
FNDA:6,(anonymous_4)
FNDA:5,(anonymous_5)
FNDA:1,(anonymous_6)
DA:1,3
DA:2,3
DA:3,3
DA:4,3
DA:5,3
DA:8,3
DA:9,6
DA:12,6
DA:13,6
DA:26,5
DA:27,5
DA:28,1
DA:29,1
DA:32,4
DA:33,4
DA:34,1
DA:37,4
DA:43,4
DA:50,1
LF:19
LH:19
BRDA:24,0,0,3
BRDA:27,1,0,1
BRDA:27,1,1,4
BRDA:33,2,0,1
BRDA:33,2,1,3
BRF:5
BRH:5
end_of_record
