{"/Users/roma/Desktop/things/projects/draw-battle/apps/web/src/components/Auth/AuthModal.tsx": {"path":"/Users/roma/Desktop/things/projects/draw-battle/apps/web/src/components/Auth/AuthModal.tsx","statementMap":{"0":{"start":{"line":18,"column":12},"end":{"line":18,"column":null}},"1":{"start":{"line":19,"column":20},"end":{"line":19,"column":null}},"2":{"start":{"line":21,"column":2},"end":{"line":77,"column":null}},"3":{"start":{"line":35,"column":26},"end":{"line":35,"column":null}},"4":{"start":{"line":41,"column":29},"end":{"line":41,"column":null}},"5":{"start":{"line":54,"column":29},"end":{"line":54,"column":null}},"6":{"start":{"line":82,"column":12},"end":{"line":82,"column":null}},"7":{"start":{"line":83,"column":30},"end":{"line":83,"column":null}},"8":{"start":{"line":84,"column":30},"end":{"line":84,"column":null}},"9":{"start":{"line":85,"column":24},"end":{"line":85,"column":null}},"10":{"start":{"line":86,"column":28},"end":{"line":86,"column":null}},"11":{"start":{"line":88,"column":23},"end":{"line":105,"column":null}},"12":{"start":{"line":89,"column":4},"end":{"line":89,"column":null}},"13":{"start":{"line":90,"column":4},"end":{"line":90,"column":null}},"14":{"start":{"line":91,"column":4},"end":{"line":91,"column":null}},"15":{"start":{"line":93,"column":4},"end":{"line":104,"column":null}},"16":{"start":{"line":94,"column":27},"end":{"line":94,"column":null}},"17":{"start":{"line":95,"column":21},"end":{"line":95,"column":null}},"18":{"start":{"line":96,"column":6},"end":{"line":96,"column":null}},"19":{"start":{"line":97,"column":6},"end":{"line":97,"column":null}},"20":{"start":{"line":98,"column":6},"end":{"line":98,"column":null}},"21":{"start":{"line":99,"column":6},"end":{"line":99,"column":null}},"22":{"start":{"line":101,"column":6},"end":{"line":101,"column":null}},"23":{"start":{"line":103,"column":6},"end":{"line":103,"column":null}},"24":{"start":{"line":107,"column":2},"end":{"line":146,"column":null}},"25":{"start":{"line":114,"column":27},"end":{"line":114,"column":null}},"26":{"start":{"line":127,"column":27},"end":{"line":127,"column":null}},"27":{"start":{"line":151,"column":12},"end":{"line":151,"column":null}},"28":{"start":{"line":152,"column":8},"end":{"line":152,"column":null}},"29":{"start":{"line":154,"column":30},"end":{"line":154,"column":null}},"30":{"start":{"line":155,"column":30},"end":{"line":155,"column":null}},"31":{"start":{"line":156,"column":30},"end":{"line":156,"column":null}},"32":{"start":{"line":157,"column":26},"end":{"line":157,"column":null}},"33":{"start":{"line":158,"column":24},"end":{"line":158,"column":null}},"34":{"start":{"line":159,"column":28},"end":{"line":159,"column":null}},"35":{"start":{"line":160,"column":30},"end":{"line":160,"column":null}},"36":{"start":{"line":162,"column":23},"end":{"line":186,"column":null}},"37":{"start":{"line":163,"column":4},"end":{"line":163,"column":null}},"38":{"start":{"line":164,"column":4},"end":{"line":164,"column":null}},"39":{"start":{"line":165,"column":4},"end":{"line":165,"column":null}},"40":{"start":{"line":167,"column":4},"end":{"line":185,"column":null}},"41":{"start":{"line":168,"column":21},"end":{"line":176,"column":null}},"42":{"start":{"line":177,"column":6},"end":{"line":177,"column":null}},"43":{"start":{"line":178,"column":6},"end":{"line":178,"column":null}},"44":{"start":{"line":179,"column":6},"end":{"line":179,"column":null}},"45":{"start":{"line":180,"column":6},"end":{"line":180,"column":null}},"46":{"start":{"line":182,"column":6},"end":{"line":182,"column":null}},"47":{"start":{"line":184,"column":6},"end":{"line":184,"column":null}},"48":{"start":{"line":188,"column":2},"end":{"line":279,"column":null}},"49":{"start":{"line":195,"column":27},"end":{"line":195,"column":null}},"50":{"start":{"line":209,"column":27},"end":{"line":209,"column":null}},"51":{"start":{"line":223,"column":27},"end":{"line":223,"column":null}},"52":{"start":{"line":235,"column":12},"end":{"line":242,"column":null}},"53":{"start":{"line":238,"column":29},"end":{"line":238,"column":null}},"54":{"start":{"line":248,"column":14},"end":{"line":255,"column":null}},"55":{"start":{"line":251,"column":31},"end":{"line":251,"column":null}},"56":{"start":{"line":261,"column":25},"end":{"line":261,"column":null}}},"fnMap":{"0":{"name":"AuthModal","decl":{"start":{"line":17,"column":24},"end":{"line":17,"column":34}},"loc":{"start":{"line":17,"column":63},"end":{"line":79,"column":null}},"line":17},"1":{"name":"(anonymous_1)","decl":{"start":{"line":35,"column":19},"end":{"line":35,"column":20}},"loc":{"start":{"line":35,"column":26},"end":{"line":35,"column":null}},"line":35},"2":{"name":"(anonymous_2)","decl":{"start":{"line":41,"column":23},"end":{"line":41,"column":29}},"loc":{"start":{"line":41,"column":29},"end":{"line":41,"column":null}},"line":41},"3":{"name":"(anonymous_3)","decl":{"start":{"line":54,"column":23},"end":{"line":54,"column":29}},"loc":{"start":{"line":54,"column":29},"end":{"line":54,"column":null}},"line":54},"4":{"name":"LoginForm","decl":{"start":{"line":81,"column":9},"end":{"line":81,"column":19}},"loc":{"start":{"line":81,"column":61},"end":{"line":148,"column":null}},"line":81},"5":{"name":"(anonymous_5)","decl":{"start":{"line":88,"column":23},"end":{"line":88,"column":30}},"loc":{"start":{"line":88,"column":53},"end":{"line":105,"column":null}},"line":88},"6":{"name":"(anonymous_6)","decl":{"start":{"line":114,"column":20},"end":{"line":114,"column":21}},"loc":{"start":{"line":114,"column":27},"end":{"line":114,"column":null}},"line":114},"7":{"name":"(anonymous_7)","decl":{"start":{"line":127,"column":20},"end":{"line":127,"column":21}},"loc":{"start":{"line":127,"column":27},"end":{"line":127,"column":null}},"line":127},"8":{"name":"RegisterForm","decl":{"start":{"line":150,"column":9},"end":{"line":150,"column":22}},"loc":{"start":{"line":150,"column":64},"end":{"line":281,"column":null}},"line":150},"9":{"name":"(anonymous_9)","decl":{"start":{"line":162,"column":23},"end":{"line":162,"column":30}},"loc":{"start":{"line":162,"column":53},"end":{"line":186,"column":null}},"line":162},"10":{"name":"(anonymous_10)","decl":{"start":{"line":195,"column":20},"end":{"line":195,"column":21}},"loc":{"start":{"line":195,"column":27},"end":{"line":195,"column":null}},"line":195},"11":{"name":"(anonymous_11)","decl":{"start":{"line":209,"column":20},"end":{"line":209,"column":21}},"loc":{"start":{"line":209,"column":27},"end":{"line":209,"column":null}},"line":209},"12":{"name":"(anonymous_12)","decl":{"start":{"line":223,"column":20},"end":{"line":223,"column":21}},"loc":{"start":{"line":223,"column":27},"end":{"line":223,"column":null}},"line":223},"13":{"name":"(anonymous_13)","decl":{"start":{"line":234,"column":28},"end":{"line":234,"column":29}},"loc":{"start":{"line":235,"column":12},"end":{"line":242,"column":null}},"line":235},"14":{"name":"(anonymous_14)","decl":{"start":{"line":238,"column":23},"end":{"line":238,"column":29}},"loc":{"start":{"line":238,"column":29},"end":{"line":238,"column":null}},"line":238},"15":{"name":"(anonymous_15)","decl":{"start":{"line":247,"column":36},"end":{"line":247,"column":37}},"loc":{"start":{"line":248,"column":14},"end":{"line":255,"column":null}},"line":248},"16":{"name":"(anonymous_16)","decl":{"start":{"line":251,"column":25},"end":{"line":251,"column":31}},"loc":{"start":{"line":251,"column":31},"end":{"line":251,"column":null}},"line":251},"17":{"name":"(anonymous_17)","decl":{"start":{"line":261,"column":19},"end":{"line":261,"column":25}},"loc":{"start":{"line":261,"column":25},"end":{"line":261,"column":null}},"line":261}},"branchMap":{"0":{"loc":{"start":{"line":43,"column":16},"end":{"line":45,"column":null}},"type":"cond-expr","locations":[{"start":{"line":44,"column":20},"end":{"line":44,"column":null}},{"start":{"line":45,"column":20},"end":{"line":45,"column":null}}],"line":43},"1":{"loc":{"start":{"line":49,"column":15},"end":{"line":50,"column":null}},"type":"binary-expr","locations":[{"start":{"line":49,"column":15},"end":{"line":49,"column":null}},{"start":{"line":50,"column":16},"end":{"line":50,"column":null}}],"line":49},"2":{"loc":{"start":{"line":56,"column":16},"end":{"line":58,"column":null}},"type":"cond-expr","locations":[{"start":{"line":57,"column":20},"end":{"line":57,"column":null}},{"start":{"line":58,"column":20},"end":{"line":58,"column":null}}],"line":56},"3":{"loc":{"start":{"line":62,"column":15},"end":{"line":63,"column":null}},"type":"binary-expr","locations":[{"start":{"line":62,"column":15},"end":{"line":62,"column":null}},{"start":{"line":63,"column":16},"end":{"line":63,"column":null}}],"line":62},"4":{"loc":{"start":{"line":69,"column":13},"end":{"line":72,"column":null}},"type":"cond-expr","locations":[{"start":{"line":70,"column":14},"end":{"line":70,"column":null}},{"start":{"line":72,"column":14},"end":{"line":72,"column":null}}],"line":69},"5":{"loc":{"start":{"line":101,"column":15},"end":{"line":101,"column":58}},"type":"binary-expr","locations":[{"start":{"line":101,"column":15},"end":{"line":101,"column":30}},{"start":{"line":101,"column":30},"end":{"line":101,"column":58}}],"line":101},"6":{"loc":{"start":{"line":135,"column":7},"end":{"line":136,"column":null}},"type":"binary-expr","locations":[{"start":{"line":135,"column":7},"end":{"line":135,"column":null}},{"start":{"line":136,"column":8},"end":{"line":136,"column":null}}],"line":135},"7":{"loc":{"start":{"line":144,"column":9},"end":{"line":144,"column":null}},"type":"cond-expr","locations":[{"start":{"line":144,"column":19},"end":{"line":144,"column":27}},{"start":{"line":144,"column":27},"end":{"line":144,"column":null}}],"line":144},"8":{"loc":{"start":{"line":182,"column":15},"end":{"line":182,"column":51}},"type":"binary-expr","locations":[{"start":{"line":182,"column":15},"end":{"line":182,"column":30}},{"start":{"line":182,"column":30},"end":{"line":182,"column":51}}],"line":182},"9":{"loc":{"start":{"line":239,"column":65},"end":{"line":239,"column":127}},"type":"cond-expr","locations":[{"start":{"line":239,"column":83},"end":{"line":239,"column":125}},{"start":{"line":239,"column":125},"end":{"line":239,"column":127}}],"line":239},"10":{"loc":{"start":{"line":245,"column":9},"end":{"line":257,"column":null}},"type":"binary-expr","locations":[{"start":{"line":245,"column":9},"end":{"line":245,"column":null}},{"start":{"line":246,"column":10},"end":{"line":257,"column":null}}],"line":245},"11":{"loc":{"start":{"line":252,"column":67},"end":{"line":252,"column":129}},"type":"cond-expr","locations":[{"start":{"line":252,"column":85},"end":{"line":252,"column":127}},{"start":{"line":252,"column":127},"end":{"line":252,"column":129}}],"line":252},"12":{"loc":{"start":{"line":264,"column":11},"end":{"line":264,"column":null}},"type":"cond-expr","locations":[{"start":{"line":264,"column":22},"end":{"line":264,"column":45}},{"start":{"line":264,"column":45},"end":{"line":264,"column":null}}],"line":264},"13":{"loc":{"start":{"line":268,"column":7},"end":{"line":269,"column":null}},"type":"binary-expr","locations":[{"start":{"line":268,"column":7},"end":{"line":268,"column":null}},{"start":{"line":269,"column":8},"end":{"line":269,"column":null}}],"line":268},"14":{"loc":{"start":{"line":277,"column":9},"end":{"line":277,"column":null}},"type":"cond-expr","locations":[{"start":{"line":277,"column":19},"end":{"line":277,"column":27}},{"start":{"line":277,"column":27},"end":{"line":277,"column":null}}],"line":277}},"s":{"0":10,"1":10,"2":10,"3":2,"4":0,"5":2,"6":20,"7":20,"8":20,"9":20,"10":20,"11":20,"12":3,"13":3,"14":3,"15":3,"16":3,"17":3,"18":2,"19":2,"20":2,"21":2,"22":1,"23":3,"24":20,"25":3,"26":3,"27":6,"28":6,"29":6,"30":6,"31":6,"32":6,"33":6,"34":6,"35":6,"36":6,"37":1,"38":1,"39":1,"40":1,"41":1,"42":1,"43":1,"44":1,"45":1,"46":0,"47":1,"48":6,"49":1,"50":1,"51":0,"52":96,"53":0,"54":0,"55":0,"56":0},"f":{"0":10,"1":2,"2":0,"3":2,"4":20,"5":3,"6":3,"7":3,"8":6,"9":1,"10":1,"11":1,"12":0,"13":96,"14":0,"15":0,"16":0,"17":0},"b":{"0":[8,2],"1":[10,8],"2":[2,8],"3":[10,2],"4":[8,2],"5":[1,0],"6":[20,1],"7":[3,17],"8":[0,0],"9":[6,90],"10":[6,0],"11":[0,0],"12":[0,6],"13":[6,0],"14":[1,5]},"meta":{"lastBranch":15,"lastFunction":18,"lastStatement":57,"seen":{"f:17:24:17:34":0,"s:18:12:18:Infinity":0,"s:19:20:19:Infinity":1,"s:21:2:77:Infinity":2,"f:35:19:35:20":1,"s:35:26:35:Infinity":3,"f:41:23:41:29":2,"s:41:29:41:Infinity":4,"b:44:20:44:Infinity:45:20:45:Infinity":0,"b:49:15:49:Infinity:50:16:50:Infinity":1,"f:54:23:54:29":3,"s:54:29:54:Infinity":5,"b:57:20:57:Infinity:58:20:58:Infinity":2,"b:62:15:62:Infinity:63:16:63:Infinity":3,"b:70:14:70:Infinity:72:14:72:Infinity":4,"f:81:9:81:19":4,"s:82:12:82:Infinity":6,"s:83:30:83:Infinity":7,"s:84:30:84:Infinity":8,"s:85:24:85:Infinity":9,"s:86:28:86:Infinity":10,"s:88:23:105:Infinity":11,"f:88:23:88:30":5,"s:89:4:89:Infinity":12,"s:90:4:90:Infinity":13,"s:91:4:91:Infinity":14,"s:93:4:104:Infinity":15,"s:94:27:94:Infinity":16,"s:95:21:95:Infinity":17,"s:96:6:96:Infinity":18,"s:97:6:97:Infinity":19,"s:98:6:98:Infinity":20,"s:99:6:99:Infinity":21,"s:101:6:101:Infinity":22,"b:101:15:101:30:101:30:101:58":5,"s:103:6:103:Infinity":23,"s:107:2:146:Infinity":24,"f:114:20:114:21":6,"s:114:27:114:Infinity":25,"f:127:20:127:21":7,"s:127:27:127:Infinity":26,"b:135:7:135:Infinity:136:8:136:Infinity":6,"b:144:19:144:27:144:27:144:Infinity":7,"f:150:9:150:22":8,"s:151:12:151:Infinity":27,"s:152:8:152:Infinity":28,"s:154:30:154:Infinity":29,"s:155:30:155:Infinity":30,"s:156:30:156:Infinity":31,"s:157:26:157:Infinity":32,"s:158:24:158:Infinity":33,"s:159:28:159:Infinity":34,"s:160:30:160:Infinity":35,"s:162:23:186:Infinity":36,"f:162:23:162:30":9,"s:163:4:163:Infinity":37,"s:164:4:164:Infinity":38,"s:165:4:165:Infinity":39,"s:167:4:185:Infinity":40,"s:168:21:176:Infinity":41,"s:177:6:177:Infinity":42,"s:178:6:178:Infinity":43,"s:179:6:179:Infinity":44,"s:180:6:180:Infinity":45,"s:182:6:182:Infinity":46,"b:182:15:182:30:182:30:182:51":8,"s:184:6:184:Infinity":47,"s:188:2:279:Infinity":48,"f:195:20:195:21":10,"s:195:27:195:Infinity":49,"f:209:20:209:21":11,"s:209:27:209:Infinity":50,"f:223:20:223:21":12,"s:223:27:223:Infinity":51,"f:234:28:234:29":13,"s:235:12:242:Infinity":52,"f:238:23:238:29":14,"s:238:29:238:Infinity":53,"b:239:83:239:125:239:125:239:127":9,"b:245:9:245:Infinity:246:10:257:Infinity":10,"f:247:36:247:37":15,"s:248:14:255:Infinity":54,"f:251:25:251:31":16,"s:251:31:251:Infinity":55,"b:252:85:252:127:252:127:252:129":11,"f:261:19:261:25":17,"s:261:25:261:Infinity":56,"b:264:22:264:45:264:45:264:Infinity":12,"b:268:7:268:Infinity:269:8:269:Infinity":13,"b:277:19:277:27:277:27:277:Infinity":14}}}
,"/Users/roma/Desktop/things/projects/draw-battle/apps/web/src/components/Canvas/ColorPalette.tsx": {"path":"/Users/roma/Desktop/things/projects/draw-battle/apps/web/src/components/Canvas/ColorPalette.tsx","statementMap":{"0":{"start":{"line":7,"column":36},"end":{"line":7,"column":null}},"1":{"start":{"line":9,"column":26},"end":{"line":9,"column":null}},"2":{"start":{"line":11,"column":2},"end":{"line":31,"column":null}},"3":{"start":{"line":14,"column":28},"end":{"line":14,"column":null}},"4":{"start":{"line":15,"column":8},"end":{"line":28,"column":null}},"5":{"start":{"line":20,"column":27},"end":{"line":20,"column":null}}},"fnMap":{"0":{"name":"ColorPalette","decl":{"start":{"line":6,"column":24},"end":{"line":6,"column":39}},"loc":{"start":{"line":6,"column":39},"end":{"line":33,"column":null}},"line":6},"1":{"name":"(anonymous_1)","decl":{"start":{"line":13,"column":26},"end":{"line":13,"column":31}},"loc":{"start":{"line":13,"column":31},"end":{"line":30,"column":7}},"line":13},"2":{"name":"(anonymous_2)","decl":{"start":{"line":20,"column":21},"end":{"line":20,"column":27}},"loc":{"start":{"line":20,"column":27},"end":{"line":20,"column":null}},"line":20}},"branchMap":{"0":{"loc":{"start":{"line":9,"column":26},"end":{"line":9,"column":null}},"type":"cond-expr","locations":[{"start":{"line":9,"column":52},"end":{"line":9,"column":79}},{"start":{"line":9,"column":79},"end":{"line":9,"column":null}}],"line":9},"1":{"loc":{"start":{"line":18,"column":24},"end":{"line":18,"column":null}},"type":"cond-expr","locations":[{"start":{"line":18,"column":38},"end":{"line":18,"column":55}},{"start":{"line":18,"column":55},"end":{"line":18,"column":null}}],"line":18},"2":{"loc":{"start":{"line":19,"column":22},"end":{"line":19,"column":null}},"type":"cond-expr","locations":[{"start":{"line":19,"column":36},"end":{"line":19,"column":53}},{"start":{"line":19,"column":53},"end":{"line":19,"column":null}}],"line":19},"3":{"loc":{"start":{"line":20,"column":27},"end":{"line":20,"column":null}},"type":"binary-expr","locations":[{"start":{"line":20,"column":27},"end":{"line":20,"column":42}},{"start":{"line":20,"column":42},"end":{"line":20,"column":null}}],"line":20},"4":{"loc":{"start":{"line":24,"column":14},"end":{"line":24,"column":null}},"type":"binary-expr","locations":[{"start":{"line":24,"column":14},"end":{"line":24,"column":29}},{"start":{"line":24,"column":29},"end":{"line":24,"column":null}}],"line":24},"5":{"loc":{"start":{"line":25,"column":14},"end":{"line":25,"column":null}},"type":"binary-expr","locations":[{"start":{"line":25,"column":14},"end":{"line":25,"column":30}},{"start":{"line":25,"column":30},"end":{"line":25,"column":null}}],"line":25}},"s":{"0":6,"1":6,"2":6,"3":120,"4":120,"5":2},"f":{"0":6,"1":120,"2":2},"b":{"0":[3,3],"1":[64,56],"2":[64,56],"3":[2,2],"4":[120,6],"5":[120,56]},"meta":{"lastBranch":6,"lastFunction":3,"lastStatement":6,"seen":{"f:6:24:6:39":0,"s:7:36:7:Infinity":0,"s:9:26:9:Infinity":1,"b:9:52:9:79:9:79:9:Infinity":0,"s:11:2:31:Infinity":2,"f:13:26:13:31":1,"s:14:28:14:Infinity":3,"s:15:8:28:Infinity":4,"b:18:38:18:55:18:55:18:Infinity":1,"b:19:36:19:53:19:53:19:Infinity":2,"f:20:21:20:27":2,"s:20:27:20:Infinity":5,"b:20:27:20:42:20:42:20:Infinity":3,"b:24:14:24:29:24:29:24:Infinity":4,"b:25:14:25:30:25:30:25:Infinity":5}}}
,"/Users/roma/Desktop/things/projects/draw-battle/apps/web/src/components/Canvas/ToolBar.tsx": {"path":"/Users/roma/Desktop/things/projects/draw-battle/apps/web/src/components/Canvas/ToolBar.tsx","statementMap":{"0":{"start":{"line":10,"column":63},"end":{"line":14,"column":null}},"1":{"start":{"line":17,"column":49},"end":{"line":17,"column":null}},"2":{"start":{"line":18,"column":17},"end":{"line":18,"column":null}},"3":{"start":{"line":19,"column":12},"end":{"line":19,"column":null}},"4":{"start":{"line":21,"column":22},"end":{"line":25,"column":null}},"5":{"start":{"line":23,"column":4},"end":{"line":23,"column":null}},"6":{"start":{"line":24,"column":4},"end":{"line":24,"column":null}},"7":{"start":{"line":27,"column":21},"end":{"line":31,"column":null}},"8":{"start":{"line":29,"column":4},"end":{"line":29,"column":null}},"9":{"start":{"line":30,"column":4},"end":{"line":30,"column":null}},"10":{"start":{"line":33,"column":2},"end":{"line":101,"column":null}},"11":{"start":{"line":37,"column":8},"end":{"line":51,"column":null}},"12":{"start":{"line":41,"column":25},"end":{"line":41,"column":null}},"13":{"start":{"line":58,"column":8},"end":{"line":75,"column":null}},"14":{"start":{"line":62,"column":25},"end":{"line":62,"column":null}}},"fnMap":{"0":{"name":"ToolBar","decl":{"start":{"line":16,"column":24},"end":{"line":16,"column":34}},"loc":{"start":{"line":16,"column":34},"end":{"line":103,"column":null}},"line":16},"1":{"name":"(anonymous_1)","decl":{"start":{"line":21,"column":22},"end":{"line":21,"column":28}},"loc":{"start":{"line":21,"column":28},"end":{"line":25,"column":null}},"line":21},"2":{"name":"(anonymous_2)","decl":{"start":{"line":27,"column":21},"end":{"line":27,"column":27}},"loc":{"start":{"line":27,"column":27},"end":{"line":31,"column":null}},"line":27},"3":{"name":"(anonymous_3)","decl":{"start":{"line":36,"column":17},"end":{"line":36,"column":null}},"loc":{"start":{"line":37,"column":8},"end":{"line":51,"column":null}},"line":37},"4":{"name":"(anonymous_4)","decl":{"start":{"line":41,"column":19},"end":{"line":41,"column":25}},"loc":{"start":{"line":41,"column":25},"end":{"line":41,"column":null}},"line":41},"5":{"name":"(anonymous_5)","decl":{"start":{"line":57,"column":23},"end":{"line":57,"column":null}},"loc":{"start":{"line":58,"column":8},"end":{"line":75,"column":null}},"line":58},"6":{"name":"(anonymous_6)","decl":{"start":{"line":62,"column":19},"end":{"line":62,"column":25}},"loc":{"start":{"line":62,"column":25},"end":{"line":62,"column":null}},"line":62}},"branchMap":{"0":{"loc":{"start":{"line":44,"column":12},"end":{"line":46,"column":null}},"type":"cond-expr","locations":[{"start":{"line":45,"column":16},"end":{"line":45,"column":null}},{"start":{"line":46,"column":16},"end":{"line":46,"column":null}}],"line":44},"1":{"loc":{"start":{"line":65,"column":12},"end":{"line":67,"column":null}},"type":"cond-expr","locations":[{"start":{"line":66,"column":16},"end":{"line":66,"column":null}},{"start":{"line":67,"column":16},"end":{"line":67,"column":null}}],"line":65}},"s":{"0":1,"1":8,"2":8,"3":8,"4":8,"5":1,"6":1,"7":8,"8":1,"9":1,"10":8,"11":24,"12":3,"13":40,"14":0},"f":{"0":8,"1":1,"2":1,"3":24,"4":3,"5":40,"6":0},"b":{"0":[8,16],"1":[8,32]},"meta":{"lastBranch":2,"lastFunction":7,"lastStatement":15,"seen":{"s:10:63:14:Infinity":0,"f:16:24:16:34":0,"s:17:49:17:Infinity":1,"s:18:17:18:Infinity":2,"s:19:12:19:Infinity":3,"s:21:22:25:Infinity":4,"f:21:22:21:28":1,"s:23:4:23:Infinity":5,"s:24:4:24:Infinity":6,"s:27:21:31:Infinity":7,"f:27:21:27:27":2,"s:29:4:29:Infinity":8,"s:30:4:30:Infinity":9,"s:33:2:101:Infinity":10,"f:36:17:36:Infinity":3,"s:37:8:51:Infinity":11,"f:41:19:41:25":4,"s:41:25:41:Infinity":12,"b:45:16:45:Infinity:46:16:46:Infinity":0,"f:57:23:57:Infinity":5,"s:58:8:75:Infinity":13,"f:62:19:62:25":6,"s:62:25:62:Infinity":14,"b:66:16:66:Infinity:67:16:67:Infinity":1}}}
,"/Users/roma/Desktop/things/projects/draw-battle/apps/web/src/components/Friends/FriendListItem.tsx": {"path":"/Users/roma/Desktop/things/projects/draw-battle/apps/web/src/components/Friends/FriendListItem.tsx","statementMap":{"0":{"start":{"line":14,"column":15},"end":{"line":14,"column":null}},"1":{"start":{"line":15,"column":8},"end":{"line":15,"column":null}},"2":{"start":{"line":15,"column":37},"end":{"line":15,"column":45}},"3":{"start":{"line":16,"column":8},"end":{"line":16,"column":null}},"4":{"start":{"line":16,"column":36},"end":{"line":16,"column":43}},"5":{"start":{"line":17,"column":12},"end":{"line":17,"column":null}},"6":{"start":{"line":18,"column":28},"end":{"line":18,"column":null}},"7":{"start":{"line":19,"column":30},"end":{"line":19,"column":null}},"8":{"start":{"line":21,"column":20},"end":{"line":21,"column":null}},"9":{"start":{"line":23,"column":23},"end":{"line":28,"column":null}},"10":{"start":{"line":24,"column":4},"end":{"line":24,"column":null}},"11":{"start":{"line":24,"column":17},"end":{"line":24,"column":null}},"12":{"start":{"line":25,"column":4},"end":{"line":25,"column":null}},"13":{"start":{"line":26,"column":4},"end":{"line":26,"column":null}},"14":{"start":{"line":27,"column":4},"end":{"line":27,"column":null}},"15":{"start":{"line":27,"column":21},"end":{"line":27,"column":40}},"16":{"start":{"line":30,"column":2},"end":{"line":95,"column":null}},"17":{"start":{"line":70,"column":27},"end":{"line":70,"column":null}},"18":{"start":{"line":79,"column":65},"end":{"line":79,"column":85}},"19":{"start":{"line":83,"column":20},"end":{"line":83,"column":null}},"20":{"start":{"line":84,"column":20},"end":{"line":84,"column":null}}},"fnMap":{"0":{"name":"FriendListItem","decl":{"start":{"line":13,"column":24},"end":{"line":13,"column":39}},"loc":{"start":{"line":13,"column":82},"end":{"line":97,"column":null}},"line":13},"1":{"name":"(anonymous_1)","decl":{"start":{"line":15,"column":30},"end":{"line":15,"column":31}},"loc":{"start":{"line":15,"column":37},"end":{"line":15,"column":45}},"line":15},"2":{"name":"(anonymous_2)","decl":{"start":{"line":16,"column":29},"end":{"line":16,"column":30}},"loc":{"start":{"line":16,"column":36},"end":{"line":16,"column":43}},"line":16},"3":{"name":"(anonymous_3)","decl":{"start":{"line":23,"column":23},"end":{"line":23,"column":29}},"loc":{"start":{"line":23,"column":29},"end":{"line":28,"column":null}},"line":23},"4":{"name":"(anonymous_4)","decl":{"start":{"line":27,"column":15},"end":{"line":27,"column":21}},"loc":{"start":{"line":27,"column":21},"end":{"line":27,"column":40}},"line":27},"5":{"name":"(anonymous_5)","decl":{"start":{"line":70,"column":21},"end":{"line":70,"column":27}},"loc":{"start":{"line":70,"column":27},"end":{"line":70,"column":null}},"line":70},"6":{"name":"(anonymous_6)","decl":{"start":{"line":79,"column":59},"end":{"line":79,"column":65}},"loc":{"start":{"line":79,"column":65},"end":{"line":79,"column":85}},"line":79},"7":{"name":"(anonymous_7)","decl":{"start":{"line":82,"column":27},"end":{"line":82,"column":33}},"loc":{"start":{"line":82,"column":33},"end":{"line":85,"column":null}},"line":82}},"branchMap":{"0":{"loc":{"start":{"line":21,"column":20},"end":{"line":21,"column":null}},"type":"binary-expr","locations":[{"start":{"line":21,"column":20},"end":{"line":21,"column":30}},{"start":{"line":21,"column":30},"end":{"line":21,"column":51}},{"start":{"line":21,"column":51},"end":{"line":21,"column":70}},{"start":{"line":21,"column":70},"end":{"line":21,"column":82}},{"start":{"line":21,"column":82},"end":{"line":21,"column":null}}],"line":21},"1":{"loc":{"start":{"line":24,"column":4},"end":{"line":24,"column":null}},"type":"if","locations":[{"start":{"line":24,"column":4},"end":{"line":24,"column":null}},{"start":{},"end":{}}],"line":24},"2":{"loc":{"start":{"line":36,"column":12},"end":{"line":36,"column":null}},"type":"cond-expr","locations":[{"start":{"line":36,"column":30},"end":{"line":36,"column":49}},{"start":{"line":36,"column":49},"end":{"line":36,"column":null}}],"line":36},"3":{"loc":{"start":{"line":47,"column":11},"end":{"line":48,"column":null}},"type":"binary-expr","locations":[{"start":{"line":47,"column":11},"end":{"line":47,"column":30}},{"start":{"line":47,"column":30},"end":{"line":47,"column":null}},{"start":{"line":48,"column":12},"end":{"line":48,"column":null}}],"line":47},"4":{"loc":{"start":{"line":54,"column":9},"end":{"line":60,"column":null}},"type":"binary-expr","locations":[{"start":{"line":54,"column":9},"end":{"line":54,"column":null}},{"start":{"line":55,"column":10},"end":{"line":60,"column":null}}],"line":54},"5":{"loc":{"start":{"line":62,"column":9},"end":{"line":65,"column":null}},"type":"binary-expr","locations":[{"start":{"line":62,"column":9},"end":{"line":62,"column":null}},{"start":{"line":63,"column":10},"end":{"line":65,"column":null}}],"line":62},"6":{"loc":{"start":{"line":77,"column":11},"end":{"line":91,"column":null}},"type":"binary-expr","locations":[{"start":{"line":77,"column":11},"end":{"line":77,"column":null}},{"start":{"line":78,"column":12},"end":{"line":91,"column":null}}],"line":77}},"s":{"0":10,"1":10,"2":10,"3":10,"4":10,"5":10,"6":10,"7":10,"8":10,"9":10,"10":1,"11":0,"12":1,"13":1,"14":1,"15":0,"16":10,"17":0,"18":0,"19":0,"20":0},"f":{"0":10,"1":10,"2":10,"3":1,"4":0,"5":0,"6":0,"7":0},"b":{"0":[10,4,4,4,3],"1":[0,1],"2":[8,2],"3":[10,8,2],"4":[10,2],"5":[10,1],"6":[10,0]},"meta":{"lastBranch":7,"lastFunction":8,"lastStatement":21,"seen":{"f:13:24:13:39":0,"s:14:15:14:Infinity":0,"s:15:8:15:Infinity":1,"f:15:30:15:31":1,"s:15:37:15:45":2,"s:16:8:16:Infinity":3,"f:16:29:16:30":2,"s:16:36:16:43":4,"s:17:12:17:Infinity":5,"s:18:28:18:Infinity":6,"s:19:30:19:Infinity":7,"s:21:20:21:Infinity":8,"b:21:20:21:30:21:30:21:51:21:51:21:70:21:70:21:82:21:82:21:Infinity":0,"s:23:23:28:Infinity":9,"f:23:23:23:29":3,"b:24:4:24:Infinity:undefined:undefined:undefined:undefined":1,"s:24:4:24:Infinity":10,"s:24:17:24:Infinity":11,"s:25:4:25:Infinity":12,"s:26:4:26:Infinity":13,"s:27:4:27:Infinity":14,"f:27:15:27:21":4,"s:27:21:27:40":15,"s:30:2:95:Infinity":16,"b:36:30:36:49:36:49:36:Infinity":2,"b:47:11:47:30:47:30:47:Infinity:48:12:48:Infinity":3,"b:54:9:54:Infinity:55:10:60:Infinity":4,"b:62:9:62:Infinity:63:10:65:Infinity":5,"f:70:21:70:27":5,"s:70:27:70:Infinity":17,"b:77:11:77:Infinity:78:12:91:Infinity":6,"f:79:59:79:65":6,"s:79:65:79:85":18,"f:82:27:82:33":7,"s:83:20:83:Infinity":19,"s:84:20:84:Infinity":20}}}
,"/Users/roma/Desktop/things/projects/draw-battle/apps/web/src/components/Friends/FriendRequestList.tsx": {"path":"/Users/roma/Desktop/things/projects/draw-battle/apps/web/src/components/Friends/FriendRequestList.tsx","statementMap":{"0":{"start":{"line":7,"column":8},"end":{"line":7,"column":null}},"1":{"start":{"line":7,"column":49},"end":{"line":7,"column":67}},"2":{"start":{"line":8,"column":8},"end":{"line":8,"column":null}},"3":{"start":{"line":8,"column":49},"end":{"line":8,"column":67}},"4":{"start":{"line":9,"column":12},"end":{"line":9,"column":null}},"5":{"start":{"line":11,"column":24},"end":{"line":18,"column":null}},"6":{"start":{"line":12,"column":4},"end":{"line":17,"column":null}},"7":{"start":{"line":13,"column":6},"end":{"line":13,"column":null}},"8":{"start":{"line":16,"column":6},"end":{"line":16,"column":null}},"9":{"start":{"line":20,"column":17},"end":{"line":20,"column":null}},"10":{"start":{"line":22,"column":2},"end":{"line":28,"column":null}},"11":{"start":{"line":23,"column":4},"end":{"line":26,"column":null}},"12":{"start":{"line":30,"column":2},"end":{"line":86,"column":null}},"13":{"start":{"line":39,"column":14},"end":{"line":59,"column":null}},"14":{"start":{"line":47,"column":35},"end":{"line":47,"column":null}},"15":{"start":{"line":53,"column":35},"end":{"line":53,"column":null}},"16":{"start":{"line":72,"column":14},"end":{"line":81,"column":null}}},"fnMap":{"0":{"name":"FriendRequestList","decl":{"start":{"line":6,"column":24},"end":{"line":6,"column":44}},"loc":{"start":{"line":6,"column":44},"end":{"line":88,"column":null}},"line":6},"1":{"name":"(anonymous_1)","decl":{"start":{"line":7,"column":42},"end":{"line":7,"column":43}},"loc":{"start":{"line":7,"column":49},"end":{"line":7,"column":67}},"line":7},"2":{"name":"(anonymous_2)","decl":{"start":{"line":8,"column":42},"end":{"line":8,"column":43}},"loc":{"start":{"line":8,"column":49},"end":{"line":8,"column":67}},"line":8},"3":{"name":"(anonymous_3)","decl":{"start":{"line":11,"column":24},"end":{"line":11,"column":31}},"loc":{"start":{"line":11,"column":82},"end":{"line":18,"column":null}},"line":11},"4":{"name":"(anonymous_4)","decl":{"start":{"line":38,"column":34},"end":{"line":38,"column":35}},"loc":{"start":{"line":39,"column":14},"end":{"line":59,"column":null}},"line":39},"5":{"name":"(anonymous_5)","decl":{"start":{"line":47,"column":29},"end":{"line":47,"column":35}},"loc":{"start":{"line":47,"column":35},"end":{"line":47,"column":null}},"line":47},"6":{"name":"(anonymous_6)","decl":{"start":{"line":53,"column":29},"end":{"line":53,"column":35}},"loc":{"start":{"line":53,"column":35},"end":{"line":53,"column":null}},"line":53},"7":{"name":"(anonymous_7)","decl":{"start":{"line":71,"column":34},"end":{"line":71,"column":35}},"loc":{"start":{"line":72,"column":14},"end":{"line":81,"column":null}},"line":72}},"branchMap":{"0":{"loc":{"start":{"line":20,"column":17},"end":{"line":20,"column":null}},"type":"binary-expr","locations":[{"start":{"line":20,"column":17},"end":{"line":20,"column":48}},{"start":{"line":20,"column":48},"end":{"line":20,"column":null}}],"line":20},"1":{"loc":{"start":{"line":22,"column":2},"end":{"line":28,"column":null}},"type":"if","locations":[{"start":{"line":22,"column":2},"end":{"line":28,"column":null}},{"start":{},"end":{}}],"line":22},"2":{"loc":{"start":{"line":32,"column":7},"end":{"line":62,"column":null}},"type":"binary-expr","locations":[{"start":{"line":32,"column":7},"end":{"line":32,"column":null}},{"start":{"line":33,"column":8},"end":{"line":62,"column":null}}],"line":32},"3":{"loc":{"start":{"line":65,"column":7},"end":{"line":84,"column":null}},"type":"binary-expr","locations":[{"start":{"line":65,"column":7},"end":{"line":65,"column":null}},{"start":{"line":66,"column":8},"end":{"line":84,"column":null}}],"line":65}},"s":{"0":5,"1":15,"2":5,"3":15,"4":5,"5":5,"6":2,"7":2,"8":0,"9":5,"10":5,"11":1,"12":4,"13":3,"14":1,"15":1,"16":1},"f":{"0":5,"1":15,"2":15,"3":2,"4":3,"5":1,"6":1,"7":1},"b":{"0":[5,2],"1":[1,4],"2":[4,3],"3":[5,1]},"meta":{"lastBranch":4,"lastFunction":8,"lastStatement":17,"seen":{"f:6:24:6:44":0,"s:7:8:7:Infinity":0,"f:7:42:7:43":1,"s:7:49:7:67":1,"s:8:8:8:Infinity":2,"f:8:42:8:43":2,"s:8:49:8:67":3,"s:9:12:9:Infinity":4,"s:11:24:18:Infinity":5,"f:11:24:11:31":3,"s:12:4:17:Infinity":6,"s:13:6:13:Infinity":7,"s:16:6:16:Infinity":8,"s:20:17:20:Infinity":9,"b:20:17:20:48:20:48:20:Infinity":0,"b:22:2:28:Infinity:undefined:undefined:undefined:undefined":1,"s:22:2:28:Infinity":10,"s:23:4:26:Infinity":11,"s:30:2:86:Infinity":12,"b:32:7:32:Infinity:33:8:62:Infinity":2,"f:38:34:38:35":4,"s:39:14:59:Infinity":13,"f:47:29:47:35":5,"s:47:35:47:Infinity":14,"f:53:29:53:35":6,"s:53:35:53:Infinity":15,"b:65:7:65:Infinity:66:8:84:Infinity":3,"f:71:34:71:35":7,"s:72:14:81:Infinity":16}}}
,"/Users/roma/Desktop/things/projects/draw-battle/apps/web/src/components/Friends/FriendSearchPanel.tsx": {"path":"/Users/roma/Desktop/things/projects/draw-battle/apps/web/src/components/Friends/FriendSearchPanel.tsx","statementMap":{"0":{"start":{"line":8,"column":8},"end":{"line":8,"column":null}},"1":{"start":{"line":8,"column":46},"end":{"line":8,"column":61}},"2":{"start":{"line":9,"column":12},"end":{"line":9,"column":null}},"3":{"start":{"line":10,"column":24},"end":{"line":10,"column":null}},"4":{"start":{"line":11,"column":28},"end":{"line":11,"column":null}},"5":{"start":{"line":12,"column":8},"end":{"line":12,"column":null}},"6":{"start":{"line":13,"column":8},"end":{"line":13,"column":null}},"7":{"start":{"line":15,"column":2},"end":{"line":41,"column":null}},"8":{"start":{"line":16,"column":4},"end":{"line":16,"column":null}},"9":{"start":{"line":16,"column":29},"end":{"line":16,"column":null}},"10":{"start":{"line":17,"column":4},"end":{"line":20,"column":null}},"11":{"start":{"line":18,"column":6},"end":{"line":18,"column":null}},"12":{"start":{"line":19,"column":6},"end":{"line":19,"column":null}},"13":{"start":{"line":21,"column":4},"end":{"line":37,"column":null}},"14":{"start":{"line":22,"column":6},"end":{"line":22,"column":null}},"15":{"start":{"line":22,"column":28},"end":{"line":22,"column":null}},"16":{"start":{"line":23,"column":25},"end":{"line":23,"column":null}},"17":{"start":{"line":24,"column":6},"end":{"line":24,"column":null}},"18":{"start":{"line":26,"column":6},"end":{"line":26,"column":null}},"19":{"start":{"line":27,"column":6},"end":{"line":36,"column":null}},"20":{"start":{"line":28,"column":21},"end":{"line":28,"column":null}},"21":{"start":{"line":29,"column":8},"end":{"line":29,"column":null}},"22":{"start":{"line":31,"column":8},"end":{"line":33,"column":null}},"23":{"start":{"line":32,"column":10},"end":{"line":32,"column":null}},"24":{"start":{"line":35,"column":8},"end":{"line":35,"column":null}},"25":{"start":{"line":38,"column":4},"end":{"line":40,"column":null}},"26":{"start":{"line":39,"column":6},"end":{"line":39,"column":null}},"27":{"start":{"line":39,"column":31},"end":{"line":39,"column":null}},"28":{"start":{"line":43,"column":26},"end":{"line":54,"column":null}},"29":{"start":{"line":44,"column":4},"end":{"line":53,"column":null}},"30":{"start":{"line":45,"column":6},"end":{"line":45,"column":null}},"31":{"start":{"line":47,"column":6},"end":{"line":50,"column":null}},"32":{"start":{"line":48,"column":21},"end":{"line":48,"column":null}},"33":{"start":{"line":49,"column":8},"end":{"line":49,"column":null}},"34":{"start":{"line":52,"column":6},"end":{"line":52,"column":null}},"35":{"start":{"line":56,"column":2},"end":{"line":106,"column":null}},"36":{"start":{"line":65,"column":27},"end":{"line":65,"column":null}},"37":{"start":{"line":81,"column":10},"end":{"line":103,"column":null}},"38":{"start":{"line":97,"column":31},"end":{"line":97,"column":null}}},"fnMap":{"0":{"name":"FriendSearchPanel","decl":{"start":{"line":7,"column":24},"end":{"line":7,"column":44}},"loc":{"start":{"line":7,"column":44},"end":{"line":108,"column":null}},"line":7},"1":{"name":"(anonymous_1)","decl":{"start":{"line":8,"column":39},"end":{"line":8,"column":40}},"loc":{"start":{"line":8,"column":46},"end":{"line":8,"column":61}},"line":8},"2":{"name":"(anonymous_2)","decl":{"start":{"line":15,"column":12},"end":{"line":15,"column":18}},"loc":{"start":{"line":15,"column":18},"end":{"line":41,"column":5}},"line":15},"3":{"name":"(anonymous_3)","decl":{"start":{"line":21,"column":37},"end":{"line":21,"column":49}},"loc":{"start":{"line":21,"column":49},"end":{"line":37,"column":7}},"line":21},"4":{"name":"(anonymous_4)","decl":{"start":{"line":38,"column":11},"end":{"line":38,"column":17}},"loc":{"start":{"line":38,"column":17},"end":{"line":40,"column":null}},"line":38},"5":{"name":"(anonymous_5)","decl":{"start":{"line":43,"column":26},"end":{"line":43,"column":33}},"loc":{"start":{"line":43,"column":64},"end":{"line":54,"column":null}},"line":43},"6":{"name":"(anonymous_6)","decl":{"start":{"line":65,"column":20},"end":{"line":65,"column":21}},"loc":{"start":{"line":65,"column":27},"end":{"line":65,"column":null}},"line":65},"7":{"name":"(anonymous_7)","decl":{"start":{"line":80,"column":27},"end":{"line":80,"column":28}},"loc":{"start":{"line":81,"column":10},"end":{"line":103,"column":null}},"line":81},"8":{"name":"(anonymous_8)","decl":{"start":{"line":97,"column":25},"end":{"line":97,"column":31}},"loc":{"start":{"line":97,"column":31},"end":{"line":97,"column":null}},"line":97}},"branchMap":{"0":{"loc":{"start":{"line":16,"column":4},"end":{"line":16,"column":null}},"type":"if","locations":[{"start":{"line":16,"column":4},"end":{"line":16,"column":null}},{"start":{},"end":{}}],"line":16},"1":{"loc":{"start":{"line":17,"column":4},"end":{"line":20,"column":null}},"type":"if","locations":[{"start":{"line":17,"column":4},"end":{"line":20,"column":null}},{"start":{},"end":{}}],"line":17},"2":{"loc":{"start":{"line":22,"column":6},"end":{"line":22,"column":null}},"type":"if","locations":[{"start":{"line":22,"column":6},"end":{"line":22,"column":null}},{"start":{},"end":{}}],"line":22},"3":{"loc":{"start":{"line":31,"column":8},"end":{"line":33,"column":null}},"type":"if","locations":[{"start":{"line":31,"column":8},"end":{"line":33,"column":null}},{"start":{},"end":{}}],"line":31},"4":{"loc":{"start":{"line":39,"column":6},"end":{"line":39,"column":null}},"type":"if","locations":[{"start":{"line":39,"column":6},"end":{"line":39,"column":null}},{"start":{},"end":{}}],"line":39},"5":{"loc":{"start":{"line":47,"column":6},"end":{"line":50,"column":null}},"type":"if","locations":[{"start":{"line":47,"column":6},"end":{"line":50,"column":null}},{"start":{},"end":{}}],"line":47},"6":{"loc":{"start":{"line":71,"column":7},"end":{"line":72,"column":null}},"type":"binary-expr","locations":[{"start":{"line":71,"column":7},"end":{"line":71,"column":34}},{"start":{"line":71,"column":34},"end":{"line":71,"column":null}},{"start":{"line":72,"column":8},"end":{"line":72,"column":null}}],"line":71},"7":{"loc":{"start":{"line":75,"column":7},"end":{"line":76,"column":null}},"type":"binary-expr","locations":[{"start":{"line":75,"column":7},"end":{"line":75,"column":35}},{"start":{"line":75,"column":35},"end":{"line":75,"column":47}},{"start":{"line":75,"column":47},"end":{"line":75,"column":null}},{"start":{"line":76,"column":8},"end":{"line":76,"column":null}}],"line":75},"8":{"loc":{"start":{"line":87,"column":13},"end":{"line":101,"column":null}},"type":"cond-expr","locations":[{"start":{"line":88,"column":14},"end":{"line":90,"column":null}},{"start":{"line":91,"column":16},"end":{"line":101,"column":null}}],"line":87},"9":{"loc":{"start":{"line":91,"column":16},"end":{"line":101,"column":null}},"type":"cond-expr","locations":[{"start":{"line":92,"column":14},"end":{"line":94,"column":null}},{"start":{"line":96,"column":14},"end":{"line":101,"column":null}}],"line":91}},"s":{"0":25,"1":90,"2":25,"3":25,"4":25,"5":25,"6":25,"7":25,"8":10,"9":0,"10":10,"11":9,"12":9,"13":1,"14":1,"15":0,"16":1,"17":1,"18":1,"19":1,"20":1,"21":1,"22":0,"23":0,"24":1,"25":1,"26":1,"27":1,"28":25,"29":1,"30":1,"31":1,"32":0,"33":0,"34":0,"35":25,"36":2,"37":6,"38":1},"f":{"0":25,"1":90,"2":10,"3":1,"4":1,"5":1,"6":2,"7":6,"8":1},"b":{"0":[0,10],"1":[9,1],"2":[0,1],"3":[0,0],"4":[1,0],"5":[0,1],"6":[25,4,2],"7":[25,2,2,2],"8":[1,5],"9":[1,4]},"meta":{"lastBranch":10,"lastFunction":9,"lastStatement":39,"seen":{"f:7:24:7:44":0,"s:8:8:8:Infinity":0,"f:8:39:8:40":1,"s:8:46:8:61":1,"s:9:12:9:Infinity":2,"s:10:24:10:Infinity":3,"s:11:28:11:Infinity":4,"s:12:8:12:Infinity":5,"s:13:8:13:Infinity":6,"s:15:2:41:Infinity":7,"f:15:12:15:18":2,"b:16:4:16:Infinity:undefined:undefined:undefined:undefined":0,"s:16:4:16:Infinity":8,"s:16:29:16:Infinity":9,"b:17:4:20:Infinity:undefined:undefined:undefined:undefined":1,"s:17:4:20:Infinity":10,"s:18:6:18:Infinity":11,"s:19:6:19:Infinity":12,"s:21:4:37:Infinity":13,"f:21:37:21:49":3,"b:22:6:22:Infinity:undefined:undefined:undefined:undefined":2,"s:22:6:22:Infinity":14,"s:22:28:22:Infinity":15,"s:23:25:23:Infinity":16,"s:24:6:24:Infinity":17,"s:26:6:26:Infinity":18,"s:27:6:36:Infinity":19,"s:28:21:28:Infinity":20,"s:29:8:29:Infinity":21,"b:31:8:33:Infinity:undefined:undefined:undefined:undefined":3,"s:31:8:33:Infinity":22,"s:32:10:32:Infinity":23,"s:35:8:35:Infinity":24,"s:38:4:40:Infinity":25,"f:38:11:38:17":4,"b:39:6:39:Infinity:undefined:undefined:undefined:undefined":4,"s:39:6:39:Infinity":26,"s:39:31:39:Infinity":27,"s:43:26:54:Infinity":28,"f:43:26:43:33":5,"s:44:4:53:Infinity":29,"s:45:6:45:Infinity":30,"b:47:6:50:Infinity:undefined:undefined:undefined:undefined":5,"s:47:6:50:Infinity":31,"s:48:21:48:Infinity":32,"s:49:8:49:Infinity":33,"s:52:6:52:Infinity":34,"s:56:2:106:Infinity":35,"f:65:20:65:21":6,"s:65:27:65:Infinity":36,"b:71:7:71:34:71:34:71:Infinity:72:8:72:Infinity":6,"b:75:7:75:35:75:35:75:47:75:47:75:Infinity:76:8:76:Infinity":7,"f:80:27:80:28":7,"s:81:10:103:Infinity":37,"b:88:14:90:Infinity:91:16:101:Infinity":8,"b:92:14:94:Infinity:96:14:101:Infinity":9,"f:97:25:97:31":8,"s:97:31:97:Infinity":38}}}
,"/Users/roma/Desktop/things/projects/draw-battle/apps/web/src/components/Friends/FriendsSidebar.tsx": {"path":"/Users/roma/Desktop/things/projects/draw-battle/apps/web/src/components/Friends/FriendsSidebar.tsx","statementMap":{"0":{"start":{"line":15,"column":49},"end":{"line":15,"column":null}},"1":{"start":{"line":16,"column":8},"end":{"line":16,"column":null}},"2":{"start":{"line":16,"column":46},"end":{"line":16,"column":63}},"3":{"start":{"line":17,"column":12},"end":{"line":17,"column":null}},"4":{"start":{"line":18,"column":32},"end":{"line":18,"column":null}},"5":{"start":{"line":19,"column":38},"end":{"line":19,"column":null}},"6":{"start":{"line":21,"column":24},"end":{"line":21,"column":null}},"7":{"start":{"line":21,"column":46},"end":{"line":21,"column":56}},"8":{"start":{"line":22,"column":25},"end":{"line":22,"column":null}},"9":{"start":{"line":22,"column":47},"end":{"line":22,"column":58}},"10":{"start":{"line":24,"column":29},"end":{"line":26,"column":null}},"11":{"start":{"line":25,"column":4},"end":{"line":25,"column":null}},"12":{"start":{"line":28,"column":24},"end":{"line":37,"column":null}},"13":{"start":{"line":29,"column":4},"end":{"line":36,"column":null}},"14":{"start":{"line":30,"column":6},"end":{"line":34,"column":null}},"15":{"start":{"line":31,"column":8},"end":{"line":31,"column":null}},"16":{"start":{"line":33,"column":8},"end":{"line":33,"column":null}},"17":{"start":{"line":35,"column":6},"end":{"line":35,"column":null}},"18":{"start":{"line":39,"column":21},"end":{"line":41,"column":null}},"19":{"start":{"line":40,"column":26},"end":{"line":40,"column":57}},"20":{"start":{"line":43,"column":2},"end":{"line":167,"column":null}},"21":{"start":{"line":51,"column":27},"end":{"line":51,"column":null}},"22":{"start":{"line":65,"column":31},"end":{"line":65,"column":null}},"23":{"start":{"line":85,"column":20},"end":{"line":106,"column":null}},"24":{"start":{"line":87,"column":37},"end":{"line":87,"column":null}},"25":{"start":{"line":126,"column":32},"end":{"line":126,"column":null}},"26":{"start":{"line":136,"column":32},"end":{"line":136,"column":null}},"27":{"start":{"line":161,"column":32},"end":{"line":161,"column":null}}},"fnMap":{"0":{"name":"FriendsSidebar","decl":{"start":{"line":14,"column":24},"end":{"line":14,"column":41}},"loc":{"start":{"line":14,"column":41},"end":{"line":169,"column":null}},"line":14},"1":{"name":"(anonymous_1)","decl":{"start":{"line":16,"column":39},"end":{"line":16,"column":40}},"loc":{"start":{"line":16,"column":46},"end":{"line":16,"column":63}},"line":16},"2":{"name":"(anonymous_2)","decl":{"start":{"line":21,"column":39},"end":{"line":21,"column":40}},"loc":{"start":{"line":21,"column":46},"end":{"line":21,"column":56}},"line":21},"3":{"name":"(anonymous_3)","decl":{"start":{"line":22,"column":40},"end":{"line":22,"column":41}},"loc":{"start":{"line":22,"column":47},"end":{"line":22,"column":58}},"line":22},"4":{"name":"(anonymous_4)","decl":{"start":{"line":24,"column":29},"end":{"line":24,"column":30}},"loc":{"start":{"line":24,"column":55},"end":{"line":26,"column":null}},"line":24},"5":{"name":"(anonymous_5)","decl":{"start":{"line":28,"column":24},"end":{"line":28,"column":36}},"loc":{"start":{"line":28,"column":36},"end":{"line":37,"column":null}},"line":28},"6":{"name":"(anonymous_6)","decl":{"start":{"line":40,"column":19},"end":{"line":40,"column":20}},"loc":{"start":{"line":40,"column":26},"end":{"line":40,"column":57}},"line":40},"7":{"name":"(anonymous_7)","decl":{"start":{"line":51,"column":21},"end":{"line":51,"column":27}},"loc":{"start":{"line":51,"column":27},"end":{"line":51,"column":null}},"line":51},"8":{"name":"(anonymous_8)","decl":{"start":{"line":65,"column":25},"end":{"line":65,"column":31}},"loc":{"start":{"line":65,"column":31},"end":{"line":65,"column":null}},"line":65},"9":{"name":"(anonymous_9)","decl":{"start":{"line":84,"column":68},"end":{"line":84,"column":69}},"loc":{"start":{"line":85,"column":20},"end":{"line":106,"column":null}},"line":85},"10":{"name":"(anonymous_10)","decl":{"start":{"line":87,"column":31},"end":{"line":87,"column":37}},"loc":{"start":{"line":87,"column":37},"end":{"line":87,"column":null}},"line":87},"11":{"name":"(anonymous_11)","decl":{"start":{"line":125,"column":49},"end":{"line":125,"column":50}},"loc":{"start":{"line":126,"column":32},"end":{"line":126,"column":null}},"line":126},"12":{"name":"(anonymous_12)","decl":{"start":{"line":135,"column":50},"end":{"line":135,"column":51}},"loc":{"start":{"line":136,"column":32},"end":{"line":136,"column":null}},"line":136},"13":{"name":"(anonymous_13)","decl":{"start":{"line":161,"column":26},"end":{"line":161,"column":32}},"loc":{"start":{"line":161,"column":32},"end":{"line":161,"column":null}},"line":161}},"branchMap":{"0":{"loc":{"start":{"line":29,"column":4},"end":{"line":36,"column":null}},"type":"if","locations":[{"start":{"line":29,"column":4},"end":{"line":36,"column":null}},{"start":{},"end":{}}],"line":29},"1":{"loc":{"start":{"line":39,"column":21},"end":{"line":41,"column":null}},"type":"cond-expr","locations":[{"start":{"line":40,"column":6},"end":{"line":40,"column":null}},{"start":{"line":41,"column":6},"end":{"line":41,"column":null}}],"line":39},"2":{"loc":{"start":{"line":40,"column":6},"end":{"line":40,"column":null}},"type":"binary-expr","locations":[{"start":{"line":40,"column":6},"end":{"line":40,"column":72}},{"start":{"line":40,"column":72},"end":{"line":40,"column":null}}],"line":40},"3":{"loc":{"start":{"line":45,"column":7},"end":{"line":165,"column":null}},"type":"binary-expr","locations":[{"start":{"line":45,"column":7},"end":{"line":45,"column":null}},{"start":{"line":46,"column":8},"end":{"line":165,"column":null}}],"line":45},"4":{"loc":{"start":{"line":74,"column":13},"end":{"line":148,"column":null}},"type":"cond-expr","locations":[{"start":{"line":75,"column":14},"end":{"line":79,"column":null}},{"start":{"line":81,"column":14},"end":{"line":148,"column":null}}],"line":74},"5":{"loc":{"start":{"line":89,"column":24},"end":{"line":91,"column":null}},"type":"cond-expr","locations":[{"start":{"line":90,"column":28},"end":{"line":90,"column":null}},{"start":{"line":91,"column":28},"end":{"line":91,"column":null}}],"line":89},"6":{"loc":{"start":{"line":94,"column":36},"end":{"line":94,"column":69}},"type":"cond-expr","locations":[{"start":{"line":94,"column":56},"end":{"line":94,"column":66}},{"start":{"line":94,"column":66},"end":{"line":94,"column":69}}],"line":94},"7":{"loc":{"start":{"line":95,"column":23},"end":{"line":98,"column":null}},"type":"binary-expr","locations":[{"start":{"line":95,"column":23},"end":{"line":95,"column":45}},{"start":{"line":95,"column":45},"end":{"line":95,"column":null}},{"start":{"line":96,"column":24},"end":{"line":98,"column":null}}],"line":95},"8":{"loc":{"start":{"line":100,"column":23},"end":{"line":104,"column":null}},"type":"binary-expr","locations":[{"start":{"line":100,"column":23},"end":{"line":100,"column":null}},{"start":{"line":101,"column":24},"end":{"line":104,"column":null}}],"line":100},"9":{"loc":{"start":{"line":112,"column":19},"end":{"line":142,"column":null}},"type":"binary-expr","locations":[{"start":{"line":112,"column":19},"end":{"line":112,"column":null}},{"start":{"line":113,"column":20},"end":{"line":142,"column":null}}],"line":112},"10":{"loc":{"start":{"line":114,"column":23},"end":{"line":140,"column":null}},"type":"cond-expr","locations":[{"start":{"line":115,"column":24},"end":{"line":117,"column":null}},{"start":{"line":119,"column":24},"end":{"line":140,"column":null}}],"line":114},"11":{"loc":{"start":{"line":120,"column":27},"end":{"line":128,"column":null}},"type":"binary-expr","locations":[{"start":{"line":120,"column":27},"end":{"line":120,"column":null}},{"start":{"line":121,"column":28},"end":{"line":128,"column":null}}],"line":120},"12":{"loc":{"start":{"line":130,"column":27},"end":{"line":138,"column":null}},"type":"binary-expr","locations":[{"start":{"line":130,"column":27},"end":{"line":130,"column":null}},{"start":{"line":131,"column":28},"end":{"line":138,"column":null}}],"line":130},"13":{"loc":{"start":{"line":145,"column":19},"end":{"line":145,"column":null}},"type":"binary-expr","locations":[{"start":{"line":145,"column":19},"end":{"line":145,"column":45}},{"start":{"line":145,"column":45},"end":{"line":145,"column":null}}],"line":145},"14":{"loc":{"start":{"line":146,"column":19},"end":{"line":146,"column":null}},"type":"binary-expr","locations":[{"start":{"line":146,"column":19},"end":{"line":146,"column":47}},{"start":{"line":146,"column":47},"end":{"line":146,"column":null}}],"line":146},"15":{"loc":{"start":{"line":153,"column":13},"end":{"line":162,"column":null}},"type":"binary-expr","locations":[{"start":{"line":153,"column":13},"end":{"line":153,"column":null}},{"start":{"line":154,"column":14},"end":{"line":162,"column":null}}],"line":153}},"s":{"0":14,"1":14,"2":14,"3":14,"4":14,"5":14,"6":14,"7":5,"8":14,"9":5,"10":14,"11":0,"12":14,"13":0,"14":0,"15":0,"16":0,"17":0,"18":14,"19":0,"20":14,"21":0,"22":1,"23":33,"24":2,"25":3,"26":2,"27":0},"f":{"0":14,"1":14,"2":5,"3":5,"4":0,"5":0,"6":0,"7":0,"8":1,"9":33,"10":2,"11":3,"12":2,"13":0},"b":{"0":[0,0],"1":[0,14],"2":[0,0],"3":[14,12],"4":[1,11],"5":[11,22],"6":[11,22],"7":[33,11,2],"8":[33,11],"9":[11,9],"10":[5,4],"11":[4,3],"12":[4,2],"13":[11,1],"14":[11,1],"15":[12,0]},"meta":{"lastBranch":16,"lastFunction":14,"lastStatement":28,"seen":{"f:14:24:14:41":0,"s:15:49:15:Infinity":0,"s:16:8:16:Infinity":1,"f:16:39:16:40":1,"s:16:46:16:63":2,"s:17:12:17:Infinity":3,"s:18:32:18:Infinity":4,"s:19:38:19:Infinity":5,"s:21:24:21:Infinity":6,"f:21:39:21:40":2,"s:21:46:21:56":7,"s:22:25:22:Infinity":8,"f:22:40:22:41":3,"s:22:47:22:58":9,"s:24:29:26:Infinity":10,"f:24:29:24:30":4,"s:25:4:25:Infinity":11,"s:28:24:37:Infinity":12,"f:28:24:28:36":5,"b:29:4:36:Infinity:undefined:undefined:undefined:undefined":0,"s:29:4:36:Infinity":13,"s:30:6:34:Infinity":14,"s:31:8:31:Infinity":15,"s:33:8:33:Infinity":16,"s:35:6:35:Infinity":17,"s:39:21:41:Infinity":18,"b:40:6:40:Infinity:41:6:41:Infinity":1,"b:40:6:40:72:40:72:40:Infinity":2,"f:40:19:40:20":6,"s:40:26:40:57":19,"s:43:2:167:Infinity":20,"b:45:7:45:Infinity:46:8:165:Infinity":3,"f:51:21:51:27":7,"s:51:27:51:Infinity":21,"f:65:25:65:31":8,"s:65:31:65:Infinity":22,"b:75:14:79:Infinity:81:14:148:Infinity":4,"f:84:68:84:69":9,"s:85:20:106:Infinity":23,"f:87:31:87:37":10,"s:87:37:87:Infinity":24,"b:90:28:90:Infinity:91:28:91:Infinity":5,"b:94:56:94:66:94:66:94:69":6,"b:95:23:95:45:95:45:95:Infinity:96:24:98:Infinity":7,"b:100:23:100:Infinity:101:24:104:Infinity":8,"b:112:19:112:Infinity:113:20:142:Infinity":9,"b:115:24:117:Infinity:119:24:140:Infinity":10,"b:120:27:120:Infinity:121:28:128:Infinity":11,"f:125:49:125:50":11,"s:126:32:126:Infinity":25,"b:130:27:130:Infinity:131:28:138:Infinity":12,"f:135:50:135:51":12,"s:136:32:136:Infinity":26,"b:145:19:145:45:145:45:145:Infinity":13,"b:146:19:146:47:146:47:146:Infinity":14,"b:153:13:153:Infinity:154:14:162:Infinity":15,"f:161:26:161:32":13,"s:161:32:161:Infinity":27}}}
,"/Users/roma/Desktop/things/projects/draw-battle/apps/web/src/components/Friends/GameInviteToast.tsx": {"path":"/Users/roma/Desktop/things/projects/draw-battle/apps/web/src/components/Friends/GameInviteToast.tsx","statementMap":{"0":{"start":{"line":12,"column":8},"end":{"line":12,"column":null}},"1":{"start":{"line":12,"column":44},"end":{"line":12,"column":57}},"2":{"start":{"line":13,"column":8},"end":{"line":13,"column":null}},"3":{"start":{"line":13,"column":44},"end":{"line":13,"column":52}},"4":{"start":{"line":14,"column":15},"end":{"line":14,"column":null}},"5":{"start":{"line":15,"column":12},"end":{"line":15,"column":null}},"6":{"start":{"line":18,"column":2},"end":{"line":28,"column":null}},"7":{"start":{"line":19,"column":4},"end":{"line":19,"column":null}},"8":{"start":{"line":19,"column":34},"end":{"line":19,"column":null}},"9":{"start":{"line":20,"column":19},"end":{"line":26,"column":null}},"10":{"start":{"line":21,"column":22},"end":{"line":21,"column":null}},"11":{"start":{"line":22,"column":24},"end":{"line":22,"column":null}},"12":{"start":{"line":23,"column":6},"end":{"line":25,"column":null}},"13":{"start":{"line":24,"column":8},"end":{"line":24,"column":null}},"14":{"start":{"line":27,"column":4},"end":{"line":27,"column":null}},"15":{"start":{"line":27,"column":17},"end":{"line":27,"column":null}},"16":{"start":{"line":30,"column":23},"end":{"line":46,"column":null}},"17":{"start":{"line":31,"column":4},"end":{"line":31,"column":null}},"18":{"start":{"line":34,"column":4},"end":{"line":39,"column":null}},"19":{"start":{"line":35,"column":6},"end":{"line":35,"column":null}},"20":{"start":{"line":36,"column":6},"end":{"line":36,"column":null}},"21":{"start":{"line":37,"column":6},"end":{"line":37,"column":null}},"22":{"start":{"line":38,"column":6},"end":{"line":38,"column":null}},"23":{"start":{"line":42,"column":4},"end":{"line":45,"column":null}},"24":{"start":{"line":43,"column":49},"end":{"line":43,"column":null}},"25":{"start":{"line":44,"column":6},"end":{"line":44,"column":null}},"26":{"start":{"line":48,"column":24},"end":{"line":50,"column":null}},"27":{"start":{"line":49,"column":4},"end":{"line":49,"column":null}},"28":{"start":{"line":52,"column":2},"end":{"line":89,"column":null}},"29":{"start":{"line":56,"column":10},"end":{"line":86,"column":null}},"30":{"start":{"line":74,"column":31},"end":{"line":74,"column":null}},"31":{"start":{"line":80,"column":31},"end":{"line":80,"column":null}}},"fnMap":{"0":{"name":"GameInviteToast","decl":{"start":{"line":11,"column":24},"end":{"line":11,"column":42}},"loc":{"start":{"line":11,"column":42},"end":{"line":91,"column":null}},"line":11},"1":{"name":"(anonymous_1)","decl":{"start":{"line":12,"column":37},"end":{"line":12,"column":38}},"loc":{"start":{"line":12,"column":44},"end":{"line":12,"column":57}},"line":12},"2":{"name":"(anonymous_2)","decl":{"start":{"line":13,"column":37},"end":{"line":13,"column":38}},"loc":{"start":{"line":13,"column":44},"end":{"line":13,"column":52}},"line":13},"3":{"name":"(anonymous_3)","decl":{"start":{"line":18,"column":12},"end":{"line":18,"column":18}},"loc":{"start":{"line":18,"column":18},"end":{"line":28,"column":5}},"line":18},"4":{"name":"(anonymous_4)","decl":{"start":{"line":20,"column":35},"end":{"line":20,"column":36}},"loc":{"start":{"line":20,"column":47},"end":{"line":26,"column":5}},"line":20},"5":{"name":"(anonymous_5)","decl":{"start":{"line":23,"column":24},"end":{"line":23,"column":30}},"loc":{"start":{"line":23,"column":30},"end":{"line":25,"column":9}},"line":23},"6":{"name":"(anonymous_6)","decl":{"start":{"line":27,"column":11},"end":{"line":27,"column":17}},"loc":{"start":{"line":27,"column":17},"end":{"line":27,"column":null}},"line":27},"7":{"name":"(anonymous_7)","decl":{"start":{"line":30,"column":23},"end":{"line":30,"column":24}},"loc":{"start":{"line":30,"column":61},"end":{"line":46,"column":null}},"line":30},"8":{"name":"(anonymous_8)","decl":{"start":{"line":42,"column":15},"end":{"line":42,"column":21}},"loc":{"start":{"line":42,"column":21},"end":{"line":45,"column":7}},"line":42},"9":{"name":"(anonymous_9)","decl":{"start":{"line":48,"column":24},"end":{"line":48,"column":25}},"loc":{"start":{"line":48,"column":46},"end":{"line":50,"column":null}},"line":48},"10":{"name":"(anonymous_10)","decl":{"start":{"line":55,"column":25},"end":{"line":55,"column":26}},"loc":{"start":{"line":56,"column":10},"end":{"line":86,"column":null}},"line":56},"11":{"name":"(anonymous_11)","decl":{"start":{"line":74,"column":25},"end":{"line":74,"column":31}},"loc":{"start":{"line":74,"column":31},"end":{"line":74,"column":null}},"line":74},"12":{"name":"(anonymous_12)","decl":{"start":{"line":80,"column":25},"end":{"line":80,"column":31}},"loc":{"start":{"line":80,"column":31},"end":{"line":80,"column":null}},"line":80}},"branchMap":{"0":{"loc":{"start":{"line":19,"column":4},"end":{"line":19,"column":null}},"type":"if","locations":[{"start":{"line":19,"column":4},"end":{"line":19,"column":null}},{"start":{},"end":{}}],"line":19},"1":{"loc":{"start":{"line":34,"column":4},"end":{"line":39,"column":null}},"type":"if","locations":[{"start":{"line":34,"column":4},"end":{"line":39,"column":null}},{"start":{},"end":{}}],"line":34}},"s":{"0":6,"1":20,"2":6,"3":6,"4":6,"5":6,"6":6,"7":6,"8":3,"9":3,"10":3,"11":3,"12":3,"13":0,"14":3,"15":3,"16":6,"17":1,"18":1,"19":0,"20":0,"21":0,"22":0,"23":1,"24":1,"25":1,"26":6,"27":1,"28":6,"29":3,"30":1,"31":1},"f":{"0":6,"1":20,"2":6,"3":6,"4":3,"5":0,"6":3,"7":1,"8":1,"9":1,"10":3,"11":1,"12":1},"b":{"0":[3,3],"1":[0,1]},"meta":{"lastBranch":2,"lastFunction":13,"lastStatement":32,"seen":{"f:11:24:11:42":0,"s:12:8:12:Infinity":0,"f:12:37:12:38":1,"s:12:44:12:57":1,"s:13:8:13:Infinity":2,"f:13:37:13:38":2,"s:13:44:13:52":3,"s:14:15:14:Infinity":4,"s:15:12:15:Infinity":5,"s:18:2:28:Infinity":6,"f:18:12:18:18":3,"b:19:4:19:Infinity:undefined:undefined:undefined:undefined":0,"s:19:4:19:Infinity":7,"s:19:34:19:Infinity":8,"s:20:19:26:Infinity":9,"f:20:35:20:36":4,"s:21:22:21:Infinity":10,"s:22:24:22:Infinity":11,"s:23:6:25:Infinity":12,"f:23:24:23:30":5,"s:24:8:24:Infinity":13,"s:27:4:27:Infinity":14,"f:27:11:27:17":6,"s:27:17:27:Infinity":15,"s:30:23:46:Infinity":16,"f:30:23:30:24":7,"s:31:4:31:Infinity":17,"b:34:4:39:Infinity:undefined:undefined:undefined:undefined":1,"s:34:4:39:Infinity":18,"s:35:6:35:Infinity":19,"s:36:6:36:Infinity":20,"s:37:6:37:Infinity":21,"s:38:6:38:Infinity":22,"s:42:4:45:Infinity":23,"f:42:15:42:21":8,"s:43:49:43:Infinity":24,"s:44:6:44:Infinity":25,"s:48:24:50:Infinity":26,"f:48:24:48:25":9,"s:49:4:49:Infinity":27,"s:52:2:89:Infinity":28,"f:55:25:55:26":10,"s:56:10:86:Infinity":29,"f:74:25:74:31":11,"s:74:31:74:Infinity":30,"f:80:25:80:31":12,"s:80:31:80:Infinity":31}}}
,"/Users/roma/Desktop/things/projects/draw-battle/apps/web/src/components/Friends/InviteFriendsModal.tsx": {"path":"/Users/roma/Desktop/things/projects/draw-battle/apps/web/src/components/Friends/InviteFriendsModal.tsx","statementMap":{"0":{"start":{"line":13,"column":28},"end":{"line":13,"column":null}},"1":{"start":{"line":16,"column":15},"end":{"line":16,"column":null}},"2":{"start":{"line":17,"column":8},"end":{"line":17,"column":null}},"3":{"start":{"line":17,"column":40},"end":{"line":17,"column":49}},"4":{"start":{"line":18,"column":8},"end":{"line":18,"column":null}},"5":{"start":{"line":18,"column":37},"end":{"line":18,"column":45}},"6":{"start":{"line":19,"column":12},"end":{"line":19,"column":null}},"7":{"start":{"line":20,"column":34},"end":{"line":20,"column":null}},"8":{"start":{"line":21,"column":26},"end":{"line":21,"column":null}},"9":{"start":{"line":23,"column":8},"end":{"line":26,"column":null}},"10":{"start":{"line":24,"column":10},"end":{"line":24,"column":null}},"11":{"start":{"line":24,"column":32},"end":{"line":24,"column":72}},"12":{"start":{"line":28,"column":8},"end":{"line":39,"column":null}},"13":{"start":{"line":29,"column":14},"end":{"line":29,"column":null}},"14":{"start":{"line":30,"column":17},"end":{"line":36,"column":null}},"15":{"start":{"line":33,"column":12},"end":{"line":34,"column":null}},"16":{"start":{"line":38,"column":4},"end":{"line":38,"column":null}},"17":{"start":{"line":41,"column":18},"end":{"line":41,"column":null}},"18":{"start":{"line":43,"column":23},"end":{"line":47,"column":null}},"19":{"start":{"line":44,"column":4},"end":{"line":44,"column":null}},"20":{"start":{"line":44,"column":17},"end":{"line":44,"column":null}},"21":{"start":{"line":45,"column":4},"end":{"line":45,"column":null}},"22":{"start":{"line":46,"column":4},"end":{"line":46,"column":null}},"23":{"start":{"line":46,"column":28},"end":{"line":46,"column":59}},"24":{"start":{"line":49,"column":2},"end":{"line":135,"column":null}},"25":{"start":{"line":85,"column":31},"end":{"line":85,"column":null}},"26":{"start":{"line":104,"column":16},"end":{"line":124,"column":null}},"27":{"start":{"line":118,"column":37},"end":{"line":118,"column":null}}},"fnMap":{"0":{"name":"InviteFriendsModal","decl":{"start":{"line":15,"column":24},"end":{"line":15,"column":43}},"loc":{"start":{"line":15,"column":81},"end":{"line":137,"column":null}},"line":15},"1":{"name":"(anonymous_1)","decl":{"start":{"line":17,"column":33},"end":{"line":17,"column":34}},"loc":{"start":{"line":17,"column":40},"end":{"line":17,"column":49}},"line":17},"2":{"name":"(anonymous_2)","decl":{"start":{"line":18,"column":30},"end":{"line":18,"column":31}},"loc":{"start":{"line":18,"column":37},"end":{"line":18,"column":45}},"line":18},"3":{"name":"(anonymous_3)","decl":{"start":{"line":24,"column":4},"end":{"line":24,"column":10}},"loc":{"start":{"line":24,"column":10},"end":{"line":24,"column":null}},"line":24},"4":{"name":"(anonymous_4)","decl":{"start":{"line":24,"column":25},"end":{"line":24,"column":26}},"loc":{"start":{"line":24,"column":32},"end":{"line":24,"column":72}},"line":24},"5":{"name":"(anonymous_5)","decl":{"start":{"line":28,"column":34},"end":{"line":28,"column":40}},"loc":{"start":{"line":28,"column":40},"end":{"line":39,"column":5}},"line":28},"6":{"name":"(anonymous_6)","decl":{"start":{"line":32,"column":10},"end":{"line":32,"column":11}},"loc":{"start":{"line":33,"column":12},"end":{"line":34,"column":null}},"line":33},"7":{"name":"(anonymous_7)","decl":{"start":{"line":43,"column":23},"end":{"line":43,"column":24}},"loc":{"start":{"line":43,"column":49},"end":{"line":47,"column":null}},"line":43},"8":{"name":"(anonymous_8)","decl":{"start":{"line":46,"column":18},"end":{"line":46,"column":19}},"loc":{"start":{"line":46,"column":28},"end":{"line":46,"column":59}},"line":46},"9":{"name":"(anonymous_9)","decl":{"start":{"line":85,"column":24},"end":{"line":85,"column":25}},"loc":{"start":{"line":85,"column":31},"end":{"line":85,"column":null}},"line":85},"10":{"name":"(anonymous_10)","decl":{"start":{"line":103,"column":35},"end":{"line":103,"column":36}},"loc":{"start":{"line":104,"column":16},"end":{"line":124,"column":null}},"line":104},"11":{"name":"(anonymous_11)","decl":{"start":{"line":118,"column":31},"end":{"line":118,"column":37}},"loc":{"start":{"line":118,"column":37},"end":{"line":118,"column":null}},"line":118}},"branchMap":{"0":{"loc":{"start":{"line":24,"column":32},"end":{"line":24,"column":72}},"type":"binary-expr","locations":[{"start":{"line":24,"column":32},"end":{"line":24,"column":46}},{"start":{"line":24,"column":46},"end":{"line":24,"column":72}}],"line":24},"1":{"loc":{"start":{"line":30,"column":17},"end":{"line":36,"column":null}},"type":"cond-expr","locations":[{"start":{"line":31,"column":8},"end":{"line":35,"column":null}},{"start":{"line":36,"column":8},"end":{"line":36,"column":null}}],"line":30},"2":{"loc":{"start":{"line":33,"column":12},"end":{"line":34,"column":null}},"type":"binary-expr","locations":[{"start":{"line":33,"column":12},"end":{"line":33,"column":null}},{"start":{"line":34,"column":12},"end":{"line":34,"column":null}}],"line":33},"3":{"loc":{"start":{"line":38,"column":11},"end":{"line":38,"column":null}},"type":"cond-expr","locations":[{"start":{"line":38,"column":15},"end":{"line":38,"column":22}},{"start":{"line":38,"column":22},"end":{"line":38,"column":null}}],"line":38},"4":{"loc":{"start":{"line":41,"column":18},"end":{"line":41,"column":null}},"type":"binary-expr","locations":[{"start":{"line":41,"column":18},"end":{"line":41,"column":36}},{"start":{"line":41,"column":36},"end":{"line":41,"column":null}}],"line":41},"5":{"loc":{"start":{"line":44,"column":4},"end":{"line":44,"column":null}},"type":"if","locations":[{"start":{"line":44,"column":4},"end":{"line":44,"column":null}},{"start":{},"end":{}}],"line":44},"6":{"loc":{"start":{"line":93,"column":11},"end":{"line":131,"column":null}},"type":"cond-expr","locations":[{"start":{"line":94,"column":12},"end":{"line":96,"column":null}},{"start":{"line":97,"column":14},"end":{"line":131,"column":null}}],"line":93},"7":{"loc":{"start":{"line":97,"column":14},"end":{"line":131,"column":null}},"type":"cond-expr","locations":[{"start":{"line":98,"column":12},"end":{"line":100,"column":null}},{"start":{"line":102,"column":12},"end":{"line":131,"column":null}}],"line":97},"8":{"loc":{"start":{"line":112,"column":19},"end":{"line":122,"column":null}},"type":"cond-expr","locations":[{"start":{"line":113,"column":20},"end":{"line":115,"column":null}},{"start":{"line":117,"column":20},"end":{"line":122,"column":null}}],"line":112},"9":{"loc":{"start":{"line":126,"column":15},"end":{"line":129,"column":null}},"type":"binary-expr","locations":[{"start":{"line":126,"column":15},"end":{"line":126,"column":null}},{"start":{"line":127,"column":16},"end":{"line":129,"column":null}}],"line":126}},"s":{"0":1,"1":7,"2":7,"3":21,"4":7,"5":7,"6":7,"7":7,"8":7,"9":7,"10":5,"11":16,"12":7,"13":6,"14":6,"15":3,"16":6,"17":7,"18":7,"19":1,"20":0,"21":1,"22":1,"23":1,"24":7,"25":1,"26":12,"27":1},"f":{"0":7,"1":21,"2":7,"3":5,"4":16,"5":6,"6":3,"7":1,"8":1,"9":1,"10":12,"11":1},"b":{"0":[16,14],"1":[1,5],"2":[3,2],"3":[1,5],"4":[7,6],"5":[0,1],"6":[1,6],"7":[0,6],"8":[1,11],"9":[6,1]},"meta":{"lastBranch":10,"lastFunction":12,"lastStatement":28,"seen":{"s:13:28:13:Infinity":0,"f:15:24:15:43":0,"s:16:15:16:Infinity":1,"s:17:8:17:Infinity":2,"f:17:33:17:34":1,"s:17:40:17:49":3,"s:18:8:18:Infinity":4,"f:18:30:18:31":2,"s:18:37:18:45":5,"s:19:12:19:Infinity":6,"s:20:34:20:Infinity":7,"s:21:26:21:Infinity":8,"s:23:8:26:Infinity":9,"f:24:4:24:10":3,"s:24:10:24:Infinity":10,"f:24:25:24:26":4,"s:24:32:24:72":11,"b:24:32:24:46:24:46:24:72":0,"s:28:8:39:Infinity":12,"f:28:34:28:40":5,"s:29:14:29:Infinity":13,"s:30:17:36:Infinity":14,"b:31:8:35:Infinity:36:8:36:Infinity":1,"f:32:10:32:11":6,"s:33:12:34:Infinity":15,"b:33:12:33:Infinity:34:12:34:Infinity":2,"s:38:4:38:Infinity":16,"b:38:15:38:22:38:22:38:Infinity":3,"s:41:18:41:Infinity":17,"b:41:18:41:36:41:36:41:Infinity":4,"s:43:23:47:Infinity":18,"f:43:23:43:24":7,"b:44:4:44:Infinity:undefined:undefined:undefined:undefined":5,"s:44:4:44:Infinity":19,"s:44:17:44:Infinity":20,"s:45:4:45:Infinity":21,"s:46:4:46:Infinity":22,"f:46:18:46:19":8,"s:46:28:46:59":23,"s:49:2:135:Infinity":24,"f:85:24:85:25":9,"s:85:31:85:Infinity":25,"b:94:12:96:Infinity:97:14:131:Infinity":6,"b:98:12:100:Infinity:102:12:131:Infinity":7,"f:103:35:103:36":10,"s:104:16:124:Infinity":26,"b:113:20:115:Infinity:117:20:122:Infinity":8,"f:118:31:118:37":11,"s:118:37:118:Infinity":27,"b:126:15:126:Infinity:127:16:129:Infinity":9}}}
,"/Users/roma/Desktop/things/projects/draw-battle/apps/web/src/components/Game/FloatingReactions.tsx": {"path":"/Users/roma/Desktop/things/projects/draw-battle/apps/web/src/components/Game/FloatingReactions.tsx","statementMap":{"0":{"start":{"line":13,"column":13},"end":{"line":13,"column":null}},"1":{"start":{"line":14,"column":26},"end":{"line":14,"column":null}},"2":{"start":{"line":16,"column":8},"end":{"line":31,"column":null}},"3":{"start":{"line":17,"column":15},"end":{"line":17,"column":null}},"4":{"start":{"line":19,"column":14},"end":{"line":19,"column":null}},"5":{"start":{"line":21,"column":4},"end":{"line":25,"column":null}},"6":{"start":{"line":23,"column":19},"end":{"line":23,"column":null}},"7":{"start":{"line":24,"column":6},"end":{"line":24,"column":null}},"8":{"start":{"line":28,"column":4},"end":{"line":30,"column":null}},"9":{"start":{"line":29,"column":6},"end":{"line":29,"column":null}},"10":{"start":{"line":29,"column":26},"end":{"line":29,"column":57}},"11":{"start":{"line":29,"column":45},"end":{"line":29,"column":56}},"12":{"start":{"line":33,"column":2},"end":{"line":38,"column":null}},"13":{"start":{"line":34,"column":18},"end":{"line":36,"column":null}},"14":{"start":{"line":35,"column":6},"end":{"line":35,"column":null}},"15":{"start":{"line":37,"column":4},"end":{"line":37,"column":null}},"16":{"start":{"line":40,"column":2},"end":{"line":60,"column":null}},"17":{"start":{"line":44,"column":10},"end":{"line":57,"column":null}}},"fnMap":{"0":{"name":"FloatingReactions","decl":{"start":{"line":12,"column":24},"end":{"line":12,"column":44}},"loc":{"start":{"line":12,"column":44},"end":{"line":62,"column":null}},"line":12},"1":{"name":"(anonymous_1)","decl":{"start":{"line":16,"column":31},"end":{"line":16,"column":32}},"loc":{"start":{"line":16,"column":68},"end":{"line":31,"column":5}},"line":16},"2":{"name":"(anonymous_2)","decl":{"start":{"line":21,"column":14},"end":{"line":21,"column":15}},"loc":{"start":{"line":21,"column":24},"end":{"line":25,"column":5}},"line":21},"3":{"name":"(anonymous_3)","decl":{"start":{"line":28,"column":15},"end":{"line":28,"column":21}},"loc":{"start":{"line":28,"column":21},"end":{"line":30,"column":7}},"line":28},"4":{"name":"(anonymous_4)","decl":{"start":{"line":29,"column":16},"end":{"line":29,"column":17}},"loc":{"start":{"line":29,"column":26},"end":{"line":29,"column":57}},"line":29},"5":{"name":"(anonymous_5)","decl":{"start":{"line":29,"column":38},"end":{"line":29,"column":39}},"loc":{"start":{"line":29,"column":45},"end":{"line":29,"column":56}},"line":29},"6":{"name":"(anonymous_6)","decl":{"start":{"line":33,"column":12},"end":{"line":33,"column":18}},"loc":{"start":{"line":33,"column":18},"end":{"line":38,"column":5}},"line":33},"7":{"name":"(anonymous_7)","decl":{"start":{"line":34,"column":42},"end":{"line":34,"column":43}},"loc":{"start":{"line":34,"column":67},"end":{"line":36,"column":5}},"line":34},"8":{"name":"(anonymous_8)","decl":{"start":{"line":43,"column":20},"end":{"line":43,"column":21}},"loc":{"start":{"line":44,"column":10},"end":{"line":57,"column":null}},"line":44}},"branchMap":{"0":{"loc":{"start":{"line":23,"column":19},"end":{"line":23,"column":null}},"type":"cond-expr","locations":[{"start":{"line":23,"column":39},"end":{"line":23,"column":55}},{"start":{"line":23,"column":55},"end":{"line":23,"column":null}}],"line":23}},"s":{"0":8,"1":8,"2":8,"3":22,"4":22,"5":22,"6":22,"7":22,"8":22,"9":1,"10":1,"11":1,"12":8,"13":8,"14":22,"15":8,"16":8,"17":17},"f":{"0":8,"1":22,"2":22,"3":1,"4":1,"5":1,"6":8,"7":22,"8":17},"b":{"0":[5,17]},"meta":{"lastBranch":1,"lastFunction":9,"lastStatement":18,"seen":{"f:12:24:12:44":0,"s:13:13:13:Infinity":0,"s:14:26:14:Infinity":1,"s:16:8:31:Infinity":2,"f:16:31:16:32":1,"s:17:15:17:Infinity":3,"s:19:14:19:Infinity":4,"s:21:4:25:Infinity":5,"f:21:14:21:15":2,"s:23:19:23:Infinity":6,"b:23:39:23:55:23:55:23:Infinity":0,"s:24:6:24:Infinity":7,"s:28:4:30:Infinity":8,"f:28:15:28:21":3,"s:29:6:29:Infinity":9,"f:29:16:29:17":4,"s:29:26:29:57":10,"f:29:38:29:39":5,"s:29:45:29:56":11,"s:33:2:38:Infinity":12,"f:33:12:33:18":6,"s:34:18:36:Infinity":13,"f:34:42:34:43":7,"s:35:6:35:Infinity":14,"s:37:4:37:Infinity":15,"s:40:2:60:Infinity":16,"f:43:20:43:21":8,"s:44:10:57:Infinity":17}}}
,"/Users/roma/Desktop/things/projects/draw-battle/apps/web/src/components/Game/GameRoom.tsx": {"path":"/Users/roma/Desktop/things/projects/draw-battle/apps/web/src/components/Game/GameRoom.tsx","statementMap":{"0":{"start":{"line":6,"column":15},"end":{"line":6,"column":null}},"1":{"start":{"line":8,"column":2},"end":{"line":10,"column":null}},"2":{"start":{"line":9,"column":4},"end":{"line":9,"column":null}},"3":{"start":{"line":12,"column":2},"end":{"line":12,"column":null}}},"fnMap":{"0":{"name":"GameRoom","decl":{"start":{"line":5,"column":24},"end":{"line":5,"column":35}},"loc":{"start":{"line":5,"column":35},"end":{"line":13,"column":null}},"line":5}},"branchMap":{"0":{"loc":{"start":{"line":8,"column":2},"end":{"line":10,"column":null}},"type":"if","locations":[{"start":{"line":8,"column":2},"end":{"line":10,"column":null}},{"start":{},"end":{}}],"line":8}},"s":{"0":3,"1":3,"2":1,"3":2},"f":{"0":3},"b":{"0":[1,2]},"meta":{"lastBranch":1,"lastFunction":1,"lastStatement":4,"seen":{"f:5:24:5:35":0,"s:6:15:6:Infinity":0,"b:8:2:10:Infinity:undefined:undefined:undefined:undefined":0,"s:8:2:10:Infinity":1,"s:9:4:9:Infinity":2,"s:12:2:12:Infinity":3}}}
,"/Users/roma/Desktop/things/projects/draw-battle/apps/web/src/components/Game/ReactionBar.tsx": {"path":"/Users/roma/Desktop/things/projects/draw-battle/apps/web/src/components/Game/ReactionBar.tsx","statementMap":{"0":{"start":{"line":6,"column":20},"end":{"line":6,"column":null}},"1":{"start":{"line":7,"column":22},"end":{"line":7,"column":null}},"2":{"start":{"line":10,"column":2},"end":{"line":15,"column":null}},"3":{"start":{"line":11,"column":16},"end":{"line":11,"column":null}},"4":{"start":{"line":12,"column":4},"end":{"line":12,"column":null}},"5":{"start":{"line":14,"column":4},"end":{"line":14,"column":null}},"6":{"start":{"line":19,"column":17},"end":{"line":19,"column":null}},"7":{"start":{"line":20,"column":2},"end":{"line":20,"column":null}},"8":{"start":{"line":21,"column":2},"end":{"line":21,"column":null}},"9":{"start":{"line":25,"column":17},"end":{"line":25,"column":null}},"10":{"start":{"line":26,"column":2},"end":{"line":26,"column":null}},"11":{"start":{"line":26,"column":39},"end":{"line":26,"column":80}},"12":{"start":{"line":30,"column":15},"end":{"line":30,"column":null}},"13":{"start":{"line":31,"column":30},"end":{"line":31,"column":null}},"14":{"start":{"line":32,"column":30},"end":{"line":32,"column":null}},"15":{"start":{"line":33,"column":28},"end":{"line":33,"column":null}},"16":{"start":{"line":35,"column":8},"end":{"line":35,"column":null}},"17":{"start":{"line":35,"column":31},"end":{"line":35,"column":50}},"18":{"start":{"line":36,"column":18},"end":{"line":36,"column":null}},"19":{"start":{"line":37,"column":18},"end":{"line":37,"column":null}},"20":{"start":{"line":39,"column":8},"end":{"line":49,"column":null}},"21":{"start":{"line":41,"column":6},"end":{"line":41,"column":null}},"22":{"start":{"line":41,"column":20},"end":{"line":41,"column":null}},"23":{"start":{"line":42,"column":6},"end":{"line":42,"column":null}},"24":{"start":{"line":43,"column":6},"end":{"line":43,"column":null}},"25":{"start":{"line":44,"column":6},"end":{"line":44,"column":null}},"26":{"start":{"line":44,"column":24},"end":{"line":44,"column":29}},"27":{"start":{"line":45,"column":6},"end":{"line":45,"column":null}},"28":{"start":{"line":46,"column":6},"end":{"line":46,"column":null}},"29":{"start":{"line":46,"column":23},"end":{"line":46,"column":43}},"30":{"start":{"line":51,"column":2},"end":{"line":106,"column":null}},"31":{"start":{"line":55,"column":10},"end":{"line":66,"column":null}},"32":{"start":{"line":58,"column":27},"end":{"line":58,"column":null}},"33":{"start":{"line":80,"column":16},"end":{"line":91,"column":null}},"34":{"start":{"line":83,"column":33},"end":{"line":83,"column":null}},"35":{"start":{"line":100,"column":25},"end":{"line":100,"column":null}}},"fnMap":{"0":{"name":"getUsageCounts","decl":{"start":{"line":9,"column":9},"end":{"line":9,"column":50}},"loc":{"start":{"line":9,"column":50},"end":{"line":16,"column":null}},"line":9},"1":{"name":"incrementUsage","decl":{"start":{"line":18,"column":9},"end":{"line":18,"column":24}},"loc":{"start":{"line":18,"column":39},"end":{"line":22,"column":null}},"line":18},"2":{"name":"getSortedEmojis","decl":{"start":{"line":24,"column":9},"end":{"line":24,"column":37}},"loc":{"start":{"line":24,"column":37},"end":{"line":27,"column":null}},"line":24},"3":{"name":"(anonymous_3)","decl":{"start":{"line":26,"column":35},"end":{"line":26,"column":36}},"loc":{"start":{"line":26,"column":39},"end":{"line":26,"column":80}},"line":26},"4":{"name":"ReactionBar","decl":{"start":{"line":29,"column":24},"end":{"line":29,"column":38}},"loc":{"start":{"line":29,"column":38},"end":{"line":108,"column":null}},"line":29},"5":{"name":"(anonymous_5)","decl":{"start":{"line":35,"column":25},"end":{"line":35,"column":31}},"loc":{"start":{"line":35,"column":31},"end":{"line":35,"column":50}},"line":35},"6":{"name":"(anonymous_6)","decl":{"start":{"line":40,"column":4},"end":{"line":40,"column":5}},"loc":{"start":{"line":40,"column":23},"end":{"line":47,"column":null}},"line":40},"7":{"name":"(anonymous_7)","decl":{"start":{"line":44,"column":17},"end":{"line":44,"column":18}},"loc":{"start":{"line":44,"column":24},"end":{"line":44,"column":29}},"line":44},"8":{"name":"(anonymous_8)","decl":{"start":{"line":46,"column":17},"end":{"line":46,"column":23}},"loc":{"start":{"line":46,"column":23},"end":{"line":46,"column":43}},"line":46},"9":{"name":"(anonymous_9)","decl":{"start":{"line":54,"column":45},"end":{"line":54,"column":46}},"loc":{"start":{"line":55,"column":10},"end":{"line":66,"column":null}},"line":55},"10":{"name":"(anonymous_10)","decl":{"start":{"line":58,"column":21},"end":{"line":58,"column":27}},"loc":{"start":{"line":58,"column":27},"end":{"line":58,"column":null}},"line":58},"11":{"name":"(anonymous_11)","decl":{"start":{"line":79,"column":47},"end":{"line":79,"column":48}},"loc":{"start":{"line":80,"column":16},"end":{"line":91,"column":null}},"line":80},"12":{"name":"(anonymous_12)","decl":{"start":{"line":83,"column":27},"end":{"line":83,"column":33}},"loc":{"start":{"line":83,"column":33},"end":{"line":83,"column":null}},"line":83},"13":{"name":"(anonymous_13)","decl":{"start":{"line":100,"column":19},"end":{"line":100,"column":25}},"loc":{"start":{"line":100,"column":25},"end":{"line":100,"column":null}},"line":100}},"branchMap":{"0":{"loc":{"start":{"line":12,"column":11},"end":{"line":12,"column":null}},"type":"cond-expr","locations":[{"start":{"line":12,"column":17},"end":{"line":12,"column":35}},{"start":{"line":12,"
[...]
ne":74,"column":null}},"loc":{"start":{"line":75,"column":4},"end":{"line":75,"column":null}},"line":75}},"branchMap":{"0":{"loc":{"start":{"line":16,"column":42},"end":{"line":16,"column":81}},"type":"default-arg","locations":[{"start":{"line":16,"column":65},"end":{"line":16,"column":81}}],"line":16},"1":{"loc":{"start":{"line":24,"column":2},"end":{"line":26,"column":null}},"type":"if","locations":[{"start":{"line":24,"column":2},"end":{"line":26,"column":null}},{"start":{},"end":{}}],"line":24},"2":{"loc":{"start":{"line":33,"column":2},"end":{"line":45,"column":null}},"type":"if","locations":[{"start":{"line":33,"column":2},"end":{"line":45,"column":null}},{"start":{},"end":{}}],"line":33},"3":{"loc":{"start":{"line":35,"column":4},"end":{"line":37,"column":null}},"type":"if","locations":[{"start":{"line":35,"column":4},"end":{"line":37,"column":null}},{"start":{},"end":{}}],"line":35},"4":{"loc":{"start":{"line":35,"column":8},"end":{"line":35,"column":37}},"type":"binary-expr","locations":[{"start":{"line":35,"column":8},"end":{"line":35,"column":30}},{"start":{"line":35,"column":30},"end":{"line":35,"column":37}}],"line":35},"5":{"loc":{"start":{"line":42,"column":16},"end":{"line":42,"column":null}},"type":"binary-expr","locations":[{"start":{"line":42,"column":16},"end":{"line":42,"column":32}},{"start":{"line":42,"column":32},"end":{"line":42,"column":null}}],"line":42},"6":{"loc":{"start":{"line":48,"column":2},"end":{"line":48,"column":null}},"type":"if","locations":[{"start":{"line":48,"column":2},"end":{"line":48,"column":null}},{"start":{},"end":{}}],"line":48}},"s":{"0":1,"1":4,"2":4,"3":4,"4":10,"5":10,"6":10,"7":8,"8":10,"9":10,"10":4,"11":1,"12":4,"13":4,"14":4,"15":3,"16":4,"17":6,"18":1,"19":5,"20":1,"21":1,"22":2,"23":5,"24":1,"25":1},"f":{"0":4,"1":10,"2":1,"3":2,"4":5,"5":1,"6":1},"b":{"0":[10],"1":[8,2],"2":[4,6],"3":[1,3],"4":[4,2],"5":[3,0],"6":[1,5]},"meta":{"lastBranch":7,"lastFunction":7,"lastStatement":26,"seen":{"s:4:17:4:Infinity":0,"f:7:2:7:Infinity":0,"s:11:4:11:Infinity":1,"s:9:11:9:Infinity":2,"s:12:4:12:Infinity":3,"f:16:15:16:28":1,"b:16:65:16:81":0,"s:17:16:17:Infinity":4,"s:19:42:22:Infinity":5,"b:24:2:26:Infinity:undefined:undefined:undefined:undefined":1,"s:24:2:26:Infinity":6,"s:25:4:25:Infinity":7,"s:28:14:31:Infinity":8,"b:33:2:45:Infinity:undefined:undefined:undefined:undefined":2,"s:33:2:45:Infinity":9,"b:35:4:37:Infinity:undefined:undefined:undefined:undefined":3,"s:35:4:37:Infinity":10,"b:35:8:35:30:35:30:35:37":4,"s:36:6:36:Infinity":11,"s:39:18:39:Infinity":12,"s:40:4:43:Infinity":13,"s:41:19:41:Infinity":14,"s:42:6:42:Infinity":15,"b:42:16:42:32:42:32:42:Infinity":5,"s:44:4:44:Infinity":16,"b:48:2:48:Infinity:undefined:undefined:undefined:undefined":6,"s:48:2:48:Infinity":17,"s:48:26:48:Infinity":18,"s:50:2:50:Infinity":19,"s:53:23:76:Infinity":20,"f:54:12:54:13":2,"s:55:4:58:Infinity":21,"f:60:9:60:10":3,"s:61:4:64:Infinity":22,"f:66:9:66:15":4,"s:66:15:66:Infinity":23,"f:68:17:68:18":5,"s:69:4:72:Infinity":24,"f:74:10:74:Infinity":6,"s:75:4:75:Infinity":25}}}
,"/Users/roma/Desktop/things/projects/draw-battle/apps/web/src/utils/avatars.ts": {"path":"/Users/roma/Desktop/things/projects/draw-battle/apps/web/src/utils/avatars.ts","statementMap":{"0":{"start":{"line":5,"column":17},"end":{"line":5,"column":null}},"1":{"start":{"line":9,"column":2},"end":{"line":9,"column":null}},"2":{"start":{"line":13,"column":17},"end":{"line":13,"column":null}},"3":{"start":{"line":14,"column":2},"end":{"line":14,"column":null}},"4":{"start":{"line":14,"column":14},"end":{"line":14,"column":null}},"5":{"start":{"line":16,"column":15},"end":{"line":16,"column":null}},"6":{"start":{"line":17,"column":8},"end":{"line":17,"column":null}},"7":{"start":{"line":18,"column":14},"end":{"line":18,"column":null}},"8":{"start":{"line":19,"column":2},"end":{"line":19,"column":null}},"9":{"start":{"line":20,"column":2},"end":{"line":20,"column":null}},"10":{"start":{"line":24,"column":14},"end":{"line":24,"column":null}},"11":{"start":{"line":25,"column":2},"end":{"line":25,"column":null}}},"fnMap":{"0":{"name":"parseSeed","decl":{"start":{"line":8,"column":9},"end":{"line":8,"column":19}},"loc":{"start":{"line":8,"column":40},"end":{"line":10,"column":null}},"line":8},"1":{"name":"getAvatarSvg","decl":{"start":{"line":12,"column":16},"end":{"line":12,"column":29}},"loc":{"start":{"line":12,"column":50},"end":{"line":21,"column":null}},"line":12},"2":{"name":"getAvatarDataUri","decl":{"start":{"line":23,"column":16},"end":{"line":23,"column":33}},"loc":{"start":{"line":23,"column":54},"end":{"line":26,"column":null}},"line":23}},"branchMap":{"0":{"loc":{"start":{"line":9,"column":9},"end":{"line":9,"column":null}},"type":"cond-expr","locations":[{"start":{"line":9,"column":41},"end":{"line":9,"column":75}},{"start":{"line":9,"column":75},"end":{"line":9,"column":null}}],"line":9},"1":{"loc":{"start":{"line":14,"column":2},"end":{"line":14,"column":null}},"type":"if","locations":[{"start":{"line":14,"column":2},"end":{"line":14,"column":null}},{"start":{},"end":{}}],"line":14}},"s":{"0":1,"1":7,"2":8,"3":8,"4":1,"5":7,"6":7,"7":7,"8":7,"9":7,"10":5,"11":5},"f":{"0":7,"1":8,"2":5},"b":{"0":[1,6],"1":[1,7]},"meta":{"lastBranch":2,"lastFunction":3,"lastStatement":12,"seen":{"s:5:17:5:Infinity":0,"f:8:9:8:19":0,"s:9:2:9:Infinity":1,"b:9:41:9:75:9:75:9:Infinity":0,"f:12:16:12:29":1,"s:13:17:13:Infinity":2,"b:14:2:14:Infinity:undefined:undefined:undefined:undefined":1,"s:14:2:14:Infinity":3,"s:14:14:14:Infinity":4,"s:16:15:16:Infinity":5,"s:17:8:17:Infinity":6,"s:18:14:18:Infinity":7,"s:19:2:19:Infinity":8,"s:20:2:20:Infinity":9,"f:23:16:23:33":2,"s:24:14:24:Infinity":10,"s:25:2:25:Infinity":11}}}
,"/Users/roma/Desktop/things/projects/draw-battle/apps/web/src/utils/cn.ts": {"path":"/Users/roma/Desktop/things/projects/draw-battle/apps/web/src/utils/cn.ts","statementMap":{"0":{"start":{"line":5,"column":2},"end":{"line":5,"column":null}}},"fnMap":{"0":{"name":"cn","decl":{"start":{"line":4,"column":16},"end":{"line":4,"column":22}},"loc":{"start":{"line":4,"column":52},"end":{"line":6,"column":null}},"line":4}},"branchMap":{},"s":{"0":193},"f":{"0":193},"b":{},"meta":{"lastBranch":0,"lastFunction":1,"lastStatement":1,"seen":{"f:4:16:4:22":0,"s:5:2:5:Infinity":0}}}
,"/Users/roma/Desktop/things/projects/draw-battle/apps/web/src/utils/friendsApi.ts": {"path":"/Users/roma/Desktop/things/projects/draw-battle/apps/web/src/utils/friendsApi.ts","statementMap":{"0":{"start":{"line":4,"column":17},"end":{"line":4,"column":null}},"1":{"start":{"line":7,"column":16},"end":{"line":7,"column":null}},"2":{"start":{"line":9,"column":42},"end":{"line":12,"column":null}},"3":{"start":{"line":14,"column":2},"end":{"line":16,"column":null}},"4":{"start":{"line":15,"column":4},"end":{"line":15,"column":null}},"5":{"start":{"line":18,"column":14},"end":{"line":21,"column":null}},"6":{"start":{"line":23,"column":2},"end":{"line":30,"column":null}},"7":{"start":{"line":24,"column":18},"end":{"line":24,"column":null}},"8":{"start":{"line":25,"column":4},"end":{"line":28,"column":null}},"9":{"start":{"line":26,"column":19},"end":{"line":26,"column":null}},"10":{"start":{"line":27,"column":6},"end":{"line":27,"column":null}},"11":{"start":{"line":29,"column":4},"end":{"line":29,"column":null}},"12":{"start":{"line":32,"column":2},"end":{"line":32,"column":null}},"13":{"start":{"line":35,"column":26},"end":{"line":62,"column":null}},"14":{"start":{"line":37,"column":4},"end":{"line":37,"column":null}},"15":{"start":{"line":40,"column":4},"end":{"line":40,"column":null}},"16":{"start":{"line":43,"column":4},"end":{"line":43,"column":null}},"17":{"start":{"line":46,"column":4},"end":{"line":49,"column":null}},"18":{"start":{"line":52,"column":4},"end":{"line":55,"column":null}},"19":{"start":{"line":58,"column":4},"end":{"line":61,"column":null}}},"fnMap":{"0":{"name":"friendsFetch","decl":{"start":{"line":6,"column":15},"end":{"line":6,"column":31}},"loc":{"start":{"line":6,"column":84},"end":{"line":33,"column":null}},"line":6},"1":{"name":"(anonymous_1)","decl":{"start":{"line":36,"column":10},"end":{"line":36,"column":11}},"loc":{"start":{"line":37,"column":4},"end":{"line":37,"column":null}},"line":37},"2":{"name":"(anonymous_2)","decl":{"start":{"line":39,"column":8},"end":{"line":39,"column":null}},"loc":{"start":{"line":40,"column":4},"end":{"line":40,"column":null}},"line":40},"3":{"name":"(anonymous_3)","decl":{"start":{"line":42,"column":19},"end":{"line":42,"column":null}},"loc":{"start":{"line":43,"column":4},"end":{"line":43,"column":null}},"line":43},"4":{"name":"(anonymous_4)","decl":{"start":{"line":45,"column":15},"end":{"line":45,"column":16}},"loc":{"start":{"line":46,"column":4},"end":{"line":49,"column":null}},"line":46},"5":{"name":"(anonymous_5)","decl":{"start":{"line":51,"column":20},"end":{"line":51,"column":21}},"loc":{"start":{"line":52,"column":4},"end":{"line":55,"column":null}},"line":52},"6":{"name":"(anonymous_6)","decl":{"start":{"line":57,"column":16},"end":{"line":57,"column":17}},"loc":{"start":{"line":58,"column":4},"end":{"line":61,"column":null}},"line":58}},"branchMap":{"0":{"loc":{"start":{"line":6,"column":45},"end":{"line":6,"column":84}},"type":"default-arg","locations":[{"start":{"line":6,"column":68},"end":{"line":6,"column":84}}],"line":6},"1":{"loc":{"start":{"line":14,"column":2},"end":{"line":16,"column":null}},"type":"if","locations":[{"start":{"line":14,"column":2},"end":{"line":16,"column":null}},{"start":{},"end":{}}],"line":14},"2":{"loc":{"start":{"line":23,"column":2},"end":{"line":30,"column":null}},"type":"if","locations":[{"start":{"line":23,"column":2},"end":{"line":30,"column":null}},{"start":{},"end":{}}],"line":23},"3":{"loc":{"start":{"line":27,"column":16},"end":{"line":27,"column":null}},"type":"binary-expr","locations":[{"start":{"line":27,"column":16},"end":{"line":27,"column":32}},{"start":{"line":27,"column":32},"end":{"line":27,"column":null}}],"line":27}},"s":{"0":1,"1":12,"2":12,"3":12,"4":12,"5":12,"6":12,"7":3,"8":3,"9":3,"10":2,"11":3,"12":9,"13":1,"14":3,"15":4,"16":1,"17":1,"18":2,"19":1},"f":{"0":12,"1":3,"2":4,"3":1,"4":1,"5":2,"6":1},"b":{"0":[12],"1":[12,0],"2":[3,9],"3":[2,1]},"meta":{"lastBranch":4,"lastFunction":7,"lastStatement":20,"seen":{"s:4:17:4:Infinity":0,"f:6:15:6:31":0,"b:6:68:6:84":0,"s:7:16:7:Infinity":1,"s:9:42:12:Infinity":2,"b:14:2:16:Infinity:undefined:undefined:undefined:undefined":1,"s:14:2:16:Infinity":3,"s:15:4:15:Infinity":4,"s:18:14:21:Infinity":5,"b:23:2:30:Infinity:undefined:undefined:undefined:undefined":2,"s:23:2:30:Infinity":6,"s:24:18:24:Infinity":7,"s:25:4:28:Infinity":8,"s:26:19:26:Infinity":9,"s:27:6:27:Infinity":10,"b:27:16:27:32:27:32:27:Infinity":3,"s:29:4:29:Infinity":11,"s:32:2:32:Infinity":12,"s:35:26:62:Infinity":13,"f:36:10:36:11":1,"s:37:4:37:Infinity":14,"f:39:8:39:Infinity":2,"s:40:4:40:Infinity":15,"f:42:19:42:Infinity":3,"s:43:4:43:Infinity":16,"f:45:15:45:16":4,"s:46:4:49:Infinity":17,"f:51:20:51:21":5,"s:52:4:55:Infinity":18,"f:57:16:57:17":6,"s:58:4:61:Infinity":19}}}
,"/Users/roma/Desktop/things/projects/draw-battle/apps/web/src/utils/sounds.ts": {"path":"/Users/roma/Desktop/things/projects/draw-battle/apps/web/src/utils/sounds.ts","statementMap":{"0":{"start":{"line":3,"column":36},"end":{"line":3,"column":null}},"1":{"start":{"line":6,"column":2},"end":{"line":8,"column":null}},"2":{"start":{"line":7,"column":4},"end":{"line":7,"column":null}},"3":{"start":{"line":9,"column":2},"end":{"line":9,"column":null}},"4":{"start":{"line":19,"column":14},"end":{"line":19,"column":null}},"5":{"start":{"line":20,"column":14},"end":{"line":20,"column":null}},"6":{"start":{"line":21,"column":15},"end":{"line":21,"column":null}},"7":{"start":{"line":23,"column":2},"end":{"line":23,"column":null}},"8":{"start":{"line":24,"column":2},"end":{"line":24,"column":null}},"9":{"start":{"line":25,"column":2},"end":{"line":27,"column":null}},"10":{"start":{"line":26,"column":4},"end":{"line":26,"column":null}},"11":{"start":{"line":29,"column":2},"end":{"line":29,"column":null}},"12":{"start":{"line":30,"column":2},"end":{"line":30,"column":null}},"13":{"start":{"line":32,"column":2},"end":{"line":32,"column":null}},"14":{"start":{"line":33,"column":2},"end":{"line":33,"column":null}},"15":{"start":{"line":34,"column":2},"end":{"line":34,"column":null}},"16":{"start":{"line":35,"column":2},"end":{"line":35,"column":null}},"17":{"start":{"line":38,"column":15},"end":{"line":79,"column":null}},"18":{"start":{"line":41,"column":4},"end":{"line":41,"column":null}},"19":{"start":{"line":42,"column":4},"end":{"line":42,"column":null}},"20":{"start":{"line":42,"column":21},"end":{"line":42,"column":56}},"21":{"start":{"line":47,"column":4},"end":{"line":47,"column":null}},"22":{"start":{"line":52,"column":4},"end":{"line":52,"column":null}},"23":{"start":{"line":53,"column":4},"end":{"line":53,"column":null}},"24":{"start":{"line":53,"column":21},"end":{"line":53,"column":54}},"25":{"start":{"line":54,"column":4},"end":{"line":54,"column":null}},"26":{"start":{"line":54,"column":21},"end":{"line":54,"column":55}},"27":{"start":{"line":59,"column":4},"end":{"line":59,"column":null}},"28":{"start":{"line":64,"column":4},"end":{"line":64,"column":null}},"29":{"start":{"line":65,"column":4},"end":{"line":65,"column":null}},"30":{"start":{"line":65,"column":21},"end":{"line":65,"column":55}},"31":{"start":{"line":66,"column":4},"end":{"line":66,"column":null}},"32":{"start":{"line":66,"column":21},"end":{"line":66,"column":55}},"33":{"start":{"line":67,"column":4},"end":{"line":67,"column":null}},"34":{"start":{"line":67,"column":21},"end":{"line":67,"column":56}},"35":{"start":{"line":72,"column":4},"end":{"line":72,"column":null}},"36":{"start":{"line":77,"column":4},"end":{"line":77,"column":null}},"37":{"start":{"line":84,"column":2},"end":{"line":84,"column":null}},"38":{"start":{"line":84,"column":49},"end":{"line":84,"column":null}},"39":{"start":{"line":85,"column":2},"end":{"line":89,"column":null}},"40":{"start":{"line":86,"column":4},"end":{"line":86,"column":null}}},"fnMap":{"0":{"name":"getAudioContext","decl":{"start":{"line":5,"column":9},"end":{"line":5,"column":41}},"loc":{"start":{"line":5,"column":41},"end":{"line":10,"column":null}},"line":5},"1":{"name":"playTone","decl":{"start":{"line":12,"column":9},"end":{"line":12,"column":null}},"loc":{"start":{"line":18,"column":2},"end":{"line":36,"column":null}},"line":18},"2":{"name":"(anonymous_2)","decl":{"start":{"line":39,"column":2},"end":{"line":39,"column":17}},"loc":{"start":{"line":39,"column":17},"end":{"line":43,"column":null}},"line":39},"3":{"name":"(anonymous_3)","decl":{"start":{"line":42,"column":15},"end":{"line":42,"column":21}},"loc":{"start":{"line":42,"column":21},"end":{"line":42,"column":56}},"line":42},"4":{"name":"(anonymous_4)","decl":{"start":{"line":45,"column":2},"end":{"line":45,"column":15}},"loc":{"start":{"line":45,"column":15},"end":{"line":48,"column":null}},"line":45},"5":{"name":"(anonymous_5)","decl":{"start":{"line":50,"column":2},"end":{"line":50,"column":15}},"loc":{"start":{"line":50,"column":15},"end":{"line":55,"column":null}},"line":50},"6":{"name":"(anonymous_6)","decl":{"start":{"line":53,"column":15},"end":{"line":53,"column":21}},"loc":{"start":{"line":53,"column":21},"end":{"line":53,"column":54}},"line":53},"7":{"name":"(anonymous_7)","decl":{"start":{"line":54,"column":15},"end":{"line":54,"column":21}},"loc":{"start":{"line":54,"column":21},"end":{"line":54,"column":55}},"line":54},"8":{"name":"(anonymous_8)","decl":{"start":{"line":57,"column":2},"end":{"line":57,"column":13}},"loc":{"start":{"line":57,"column":13},"end":{"line":60,"column":null}},"line":57},"9":{"name":"(anonymous_9)","decl":{"start":{"line":62,"column":2},"end":{"line":62,"column":12}},"loc":{"start":{"line":62,"column":12},"end":{"line":68,"column":null}},"line":62},"10":{"name":"(anonymous_10)","decl":{"start":{"line":65,"column":15},"end":{"line":65,"column":21}},"loc":{"start":{"line":65,"column":21},"end":{"line":65,"column":55}},"line":65},"11":{"name":"(anonymous_11)","decl":{"start":{"line":66,"column":15},"end":{"line":66,"column":21}},"loc":{"start":{"line":66,"column":21},"end":{"line":66,"column":55}},"line":66},"12":{"name":"(anonymous_12)","decl":{"start":{"line":67,"column":15},"end":{"line":67,"column":21}},"loc":{"start":{"line":67,"column":21},"end":{"line":67,"column":56}},"line":67},"13":{"name":"(anonymous_13)","decl":{"start":{"line":70,"column":2},"end":{"line":70,"column":9}},"loc":{"start":{"line":70,"column":9},"end":{"line":73,"column":null}},"line":70},"14":{"name":"(anonymous_14)","decl":{"start":{"line":75,"column":2},"end":{"line":75,"column":16}},"loc":{"start":{"line":75,"column":16},"end":{"line":78,"column":null}},"line":75},"15":{"name":"playSound","decl":{"start":{"line":83,"column":16},"end":{"line":83,"column":26}},"loc":{"start":{"line":83,"column":43},"end":{"line":90,"column":null}},"line":83}},"branchMap":{"0":{"loc":{"start":{"line":6,"column":2},"end":{"line":8,"column":null}},"type":"if","locations":[{"start":{"line":6,"column":2},"end":{"line":8,"column":null}},{"start":{},"end":{}}],"line":6},"1":{"loc":{"start":{"line":15,"column":2},"end":{"line":15,"column":null}},"type":"default-arg","locations":[{"start":{"line":15,"column":25},"end":{"line":15,"column":null}}],"line":15},"2":{"loc":{"start":{"line":16,"column":2},"end":{"line":16,"column":null}},"type":"default-arg","locations":[{"start":{"line":16,"column":11},"end":{"line":16,"column":null}}],"line":16},"3":{"loc":{"start":{"line":25,"column":2},"end":{"line":27,"column":null}},"type":"if","locations":[{"start":{"line":25,"column":2},"end":{"line":27,"column":null}},{"start":{},"end":{}}],"line":25},"4":{"loc":{"start":{"line":84,"column":2},"end":{"line":84,"column":null}},"type":"if","locations":[{"start":{"line":84,"column":2},"end":{"line":84,"column":null}},{"start":{},"end":{}}],"line":84}},"s":{"0":6,"1":8,"2":5,"3":7,"4":8,"5":8,"6":8,"7":8,"8":8,"9":8,"10":0,"11":6,"12":6,"13":6,"14":6,"15":6,"16":6,"17":6,"18":1,"19":1,"20":0,"21":0,"22":1,"23":1,"24":0,"25":1,"26":0,"27":0,"28":1,"29":1,"30":0,"31":1,"32":0,"33":1,"34":0,"35":1,"36":4,"37":9,"38":1,"39":8,"40":8},"f":{"0":8,"1":8,"2":1,"3":0,"4":0,"5":1,"6":0,"7":0,"8":0,"9":1,"10":0,"11":0,"12":0,"13":1,"14":4,"15":9},"b":{"0":[5,3],"1":[8],"2":[8],"3":[0,8],"4":[1,8]},"meta":{"lastBranch":5,"lastFunction":16,"lastStatement":41,"seen":{"s:3:36:3:Infinity":0,"f:5:9:5:41":0,"b:6:2:8:Infinity:undefined:undefined:undefined:undefined":0,"s:6:2:8:Infinity":1,"s:7:4:7:Infinity":2,"s:9:2:9:Infinity":3,"f:12:9:12:Infinity":1,"b:15:25:15:Infinity":1,"b:16:11:16:Infinity":2,"s:19:14:19:Infinity":4,"s:20:14:20:Infinity":5,"s:21:15:21:Infinity":6,"s:23:2:23:Infinity":7,"s:24:2:24:Infinity":8,"b:25:2:27:Infinity:undefined:undefined:undefined:undefined":3,"s:25:2:27:Infinity":9,"s:26:4:26:Infinity":10,"s:29:2:29:Infinity":11,"s:30:2:30:Infinity":12,"s:32:2:32:Infinity":13,"s:33:2:33:Infinity":14,"s:34:2:34:Infinity":15,"s:35:2:35:Infinity":16,"s:38:15:79:Infinity":17,"f:39:2:39:17":2,"s:41:4:41:Infinity":18,"s:42:4:42:Infinity":19,"f:42:15:42:21":3,"s:42:21:42:56":20,"f:45:2:45:15":4,"s:47:4:47:Infinity":21,"f:50:2:50:15":5,"s:52:4:52:Infinity":22,"s:53:4:53:Infinity":23,"f:53:15:53:21":6,"s:53:21:53:54":24,"s:54:4:54:Infinity":25,"f:54:15:54:21":7,"s:54:21:54:55":26,"f:57:2:57:13":8,"s:59:4:59:Infinity":27,"f:62:2:62:12":9,"s:64:4:64:Infinity":28,"s:65:4:65:Infinity":29,"f:65:15:65:21":10,"s:65:21:65:55":30,"s:66:4:66:Infinity":31,"f:66:15:66:21":11,"s:66:21:66:55":32,"s:67:4:67:Infinity":33,"f:67:15:67:21":12,"s:67:21:67:56":34,"f:70:2:70:9":13,"s:72:4:72:Infinity":35,"f:75:2:75:16":14,"s:77:4:77:Infinity":36,"f:83:16:83:26":15,"b:84:2:84:Infinity:undefined:undefined:undefined:undefined":4,"s:84:2:84:Infinity":37,"s:84:49:84:Infinity":38,"s:85:2:89:Infinity":39,"s:86:4:86:Infinity":40}}}
}
